#
# There is insufficient memory for the Java Runtime Environment to continue.
# Native memory allocation (malloc) failed to allocate 32744 bytes for ChunkPool::allocate
# Possible reasons:
#   The system is out of physical RAM or swap space
#   The process is running with CompressedOops enabled, and the Java Heap may be blocking the growth of the native heap
# Possible solutions:
#   Reduce memory load on the system
#   Increase physical memory or swap space
#   Check if swap backing store is full
#   Decrease Java heap size (-Xmx/-Xms)
#   Decrease number of Java threads
#   Decrease Java thread stack sizes (-Xss)
#   Set larger code cache with -XX:ReservedCodeCacheSize=
#   JVM is running with Unscaled Compressed Oops mode in which the Java heap is
#     placed in the first 4GB address space. The Java Heap base address is the
#     maximum limit for the native heap growth. Please use -XX:HeapBaseMinAddress
#     to set the Java Heap base and to place the Java Heap above 4GB virtual address.
# This output file may be truncated or incomplete.
#
#  Out of Memory Error (src/hotspot/share/memory/arena.cpp:81), pid=12804, tid=39844
#
# JRE version: OpenJDK Runtime Environment (11.0.15) (build 11.0.15+0-b2043.56-9505619)
# Java VM: OpenJDK 64-Bit Server VM (11.0.15+0-b2043.56-9505619, mixed mode, tiered, compressed oops, g1 gc, windows-amd64)
# No core dump will be written. Minidumps are not enabled by default on client versions of Windows
#

---------------  S U M M A R Y ------------

Command Line: --add-opens=java.base/java.util=ALL-UNNAMED --add-opens=java.base/java.lang=ALL-UNNAMED --add-opens=java.base/java.lang.invoke=ALL-UNNAMED --add-opens=java.base/java.util=ALL-UNNAMED --add-opens=java.prefs/java.util.prefs=ALL-UNNAMED --add-opens=java.prefs/java.util.prefs=ALL-UNNAMED --add-opens=java.base/java.nio.charset=ALL-UNNAMED --add-opens=java.base/java.net=ALL-UNNAMED --add-opens=java.base/java.util.concurrent.atomic=ALL-UNNAMED -Xmx2048m -Dfile.encoding=UTF-8 -Duser.country=US -Duser.language=en -Duser.variant org.gradle.launcher.daemon.bootstrap.GradleDaemon 7.5

Host: Intel(R) Core(TM) i5-8265U CPU @ 1.60GHz, 8 cores, 7G,  Windows 11 , 64 bit Build 22621 (10.0.22621.1105)
Time: Mon Feb  6 01:02:36 2023 Hora oficial do Brasil elapsed time: 15.881567 seconds (0d 0h 0m 15s)

---------------  T H R E A D  ---------------

Current thread (0x00000216ef2d3800):  VMThread "VM Thread" [stack: 0x0000008d81600000,0x0000008d81700000] [id=39844] _threads_hazard_ptr=0x00000216f6e64100

Stack: [0x0000008d81600000,0x0000008d81700000]
[error occurred during error reporting (printing stack bounds), id 0xc0000005, EXCEPTION_ACCESS_VIOLATION (0xc0000005) at pc=0x00000216d893112d]

Native frames: (J=compiled Java code, j=interpreted, Vv=VM code, C=native code)
V  [jvm.dll+0x64135a]
V  [jvm.dll+0x7d39f9]
V  [jvm.dll+0x7d51b9]
V  [jvm.dll+0x7d5805]
V  [jvm.dll+0x7d57bb]
V  [jvm.dll+0x640655]
V  [jvm.dll+0x640d68]
C  [ntdll.dll+0xa3eaf]
C  [ntdll.dll+0x1eae6]
C  [ntdll.dll+0xa2e9e]
C  0x00000216d893112d

VM_Operation (0x0000008d8a0f8b90): BulkRevokeBias, mode: safepoint, requested by thread 0x00000216f6758000


---------------  P R O C E S S  ---------------

Threads class SMR info:
_java_thread_list=0x00000216f6e64100, length=132, elements={
0x00000216d4e0c800, 0x00000216ef2d8800, 0x00000216ef2e3800, 0x00000216ef2ef800,
0x00000216ef2f0800, 0x00000216ef2f1800, 0x00000216ef2f6000, 0x00000216efc6f800,
0x00000216efc7d800, 0x00000216efddf000, 0x00000216f0a48000, 0x00000216f10f2800,
0x00000216f14a2800, 0x00000216f10a1000, 0x00000216f14ad800, 0x00000216f1347800,
0x00000216f1348800, 0x00000216f1aa3000, 0x00000216f1aa4000, 0x00000216f1a68800,
0x00000216f1ba4800, 0x00000216f1ba6000, 0x00000216f1ba7800, 0x00000216f1ba5000,
0x00000216f1bab000, 0x00000216f1ba6800, 0x00000216f1ba8800, 0x00000216f1ba9000,
0x00000216f1baa000, 0x00000216f3df4800, 0x00000216f3df4000, 0x00000216f3df7000,
0x00000216f3df6800, 0x00000216f3df3000, 0x00000216f3df8000, 0x00000216f3df2800,
0x00000216f3df9000, 0x00000216f3df9800, 0x00000216f3dfd800, 0x00000216f3dfe800,
0x00000216f3dfc000, 0x00000216f3dff800, 0x00000216f3e00000, 0x00000216f3dfa800,
0x00000216f3dfd000, 0x00000216f3dfb800, 0x00000216f3e01000, 0x00000216f256c000,
0x00000216f256a800, 0x00000216f256b000, 0x00000216f256c800, 0x00000216f256d800,
0x00000216f256e800, 0x00000216f256f000, 0x00000216f2569800, 0x00000216f2575800,
0x00000216f2573800, 0x00000216f2570000, 0x00000216f2571000, 0x00000216f2576800,
0x00000216f2577800, 0x00000216f2574000, 0x00000216f2571800, 0x00000216f2578000,
0x00000216f2575000, 0x00000216f2572800, 0x00000216f4831800, 0x00000216f4830000,
0x00000216f4833000, 0x00000216f482f000, 0x00000216f4830800, 0x00000216f4832800,
0x00000216f4834000, 0x00000216f4835800, 0x00000216f4834800, 0x00000216f3f7f000,
0x00000216f3f80800, 0x00000216f3f7e000, 0x00000216f3f81800, 0x00000216f3f7f800,
0x00000216f3f82000, 0x00000216f3f83000, 0x00000216f3f7d800, 0x00000216f3f87000,
0x00000216f3f88800, 0x00000216f3f88000, 0x00000216f3f89800, 0x00000216f3f86800,
0x00000216f3f84000, 0x00000216f3f8a800, 0x00000216f3f84800, 0x00000216f3f8b000,
0x00000216f3f85800, 0x00000216f3f8c000, 0x00000216f439d000, 0x00000216f439c800,
0x00000216f439e000, 0x00000216f4398800, 0x00000216f4399000, 0x00000216f439f000,
0x00000216f439f800, 0x00000216f439a000, 0x00000216f43a0800, 0x00000216f439a800,
0x00000216f43a1800, 0x00000216f439b800, 0x00000216f43a2000, 0x00000216f43a3000,
0x00000216f43a4800, 0x00000216f43a5800, 0x00000216f43a3800, 0x00000216f43a6000,
0x00000216f43a7000, 0x00000216f6754000, 0x00000216f6751800, 0x00000216f6755000,
0x00000216f674f000, 0x00000216f6752800, 0x00000216f6753000, 0x00000216f6755800,
0x00000216f6750000, 0x00000216f6756800, 0x00000216f6751000, 0x00000216f6757800,
0x00000216f675e000, 0x00000216f675d000, 0x00000216f6759000, 0x00000216f675a000,
0x00000216f675c000, 0x00000216f6758000, 0x00000216f675b800, 0x00000216f675a800
}

Java Threads: ( => current thread )
  0x00000216d4e0c800 JavaThread "main" [_thread_blocked, id=14400, stack(0x0000008d81000000,0x0000008d81100000)]
  0x00000216ef2d8800 JavaThread "Reference Handler" daemon [_thread_blocked, id=47096, stack(0x0000008d81700000,0x0000008d81800000)]
  0x00000216ef2e3800 JavaThread "Finalizer" daemon [_thread_blocked, id=39828, stack(0x0000008d81800000,0x0000008d81900000)]
  0x00000216ef2ef800 JavaThread "Signal Dispatcher" daemon [_thread_blocked, id=46904, stack(0x0000008d81900000,0x0000008d81a00000)]
  0x00000216ef2f0800 JavaThread "Attach Listener" daemon [_thread_blocked, id=31392, stack(0x0000008d81a00000,0x0000008d81b00000)]
  0x00000216ef2f1800 JavaThread "Service Thread" daemon [_thread_blocked, id=46952, stack(0x0000008d81b00000,0x0000008d81c00000)]
  0x00000216ef2f6000 JavaThread "C2 CompilerThread0" daemon [_thread_in_native, id=71720, stack(0x0000008d81c00000,0x0000008d81d00000)]
  0x00000216efc6f800 JavaThread "C1 CompilerThread0" daemon [_thread_blocked, id=46948, stack(0x0000008d81d00000,0x0000008d81e00000)]
  0x00000216efc7d800 JavaThread "Sweeper thread" daemon [_thread_blocked, id=53936, stack(0x0000008d81e00000,0x0000008d81f00000)]
  0x00000216efddf000 JavaThread "Common-Cleaner" daemon [_thread_blocked, id=62092, stack(0x0000008d81f00000,0x0000008d82000000)]
  0x00000216f0a48000 JavaThread "Daemon health stats" [_thread_blocked, id=35652, stack(0x0000008d82300000,0x0000008d82400000)]
  0x00000216f10f2800 JavaThread "Incoming local TCP Connector on port 62335" [_thread_in_native, id=35980, stack(0x0000008d82400000,0x0000008d82500000)]
  0x00000216f14a2800 JavaThread "Daemon periodic checks" [_thread_blocked, id=56160, stack(0x0000008d82500000,0x0000008d82600000)]
  0x00000216f10a1000 JavaThread "Daemon" [_thread_blocked, id=71120, stack(0x0000008d82600000,0x0000008d82700000)]
  0x00000216f14ad800 JavaThread "Handler for socket connection from /127.0.0.1:62335 to /127.0.0.1:62336" [_thread_in_native, id=65404, stack(0x0000008d82700000,0x0000008d82800000)]
  0x00000216f1347800 JavaThread "Cancel handler" [_thread_blocked, id=70876, stack(0x0000008d82800000,0x0000008d82900000)]
  0x00000216f1348800 JavaThread "Daemon worker" [_thread_blocked, id=64580, stack(0x0000008d82900000,0x0000008d82a00000)]
  0x00000216f1aa3000 JavaThread "Asynchronous log dispatcher for DefaultDaemonConnection: socket connection from /127.0.0.1:62335 to /127.0.0.1:62336" [_thread_blocked, id=64612, stack(0x0000008d82a00000,0x0000008d82b00000)]
  0x00000216f1aa4000 JavaThread "Stdin handler" [_thread_blocked, id=64632, stack(0x0000008d82b00000,0x0000008d82c00000)]
  0x00000216f1a68800 JavaThread "Daemon client event forwarder" [_thread_blocked, id=64660, stack(0x0000008d82c00000,0x0000008d82d00000)]
  0x00000216f1ba4800 JavaThread "Cache worker for journal cache (C:\Users\diego\.gradle\caches\journal-1)" [_thread_blocked, id=64716, stack(0x0000008d82d00000,0x0000008d82e00000)]
  0x00000216f1ba6000 JavaThread "File lock request listener" [_thread_in_native, id=64780, stack(0x0000008d83300000,0x0000008d83400000)]
  0x00000216f1ba7800 JavaThread "Cache worker for file hash cache (C:\Users\diego\.gradle\caches\7.5\fileHashes)" [_thread_blocked, id=64872, stack(0x0000008d83400000,0x0000008d83500000)]
  0x00000216f1ba5000 JavaThread "File watcher server" daemon [_thread_blocked, id=65104, stack(0x0000008d83600000,0x0000008d83700000)]
  0x00000216f1bab000 JavaThread "File watcher consumer" daemon [_thread_blocked, id=65116, stack(0x0000008d83700000,0x0000008d83800000)]
  0x00000216f1ba6800 JavaThread "Cache worker for checksums cache (C:\Users\diego\AndroidStudioProjects\AppFilmes\.gradle\7.5\checksums)" [_thread_blocked, id=1288, stack(0x0000008d83800000,0x0000008d83900000)]
  0x00000216f1ba8800 JavaThread "Cache worker for cache directory md-rule (C:\Users\diego\.gradle\caches\7.5\md-rule)" [_thread_blocked, id=65260, stack(0x0000008d83900000,0x0000008d83a00000)]
  0x00000216f1ba9000 JavaThread "Cache worker for file content cache (C:\Users\diego\.gradle\caches\7.5\fileContent)" [_thread_blocked, id=65292, stack(0x0000008d83a00000,0x0000008d83b00000)]
  0x00000216f1baa000 JavaThread "Cache worker for file hash cache (C:\Users\diego\AndroidStudioProjects\AppFilmes\.gradle\7.5\fileHashes)" [_thread_blocked, id=65352, stack(0x0000008d83b00000,0x0000008d83c00000)]
  0x00000216f3df4800 JavaThread "Cache worker for cache directory md-supplier (C:\Users\diego\.gradle\caches\7.5\md-supplier)" [_thread_blocked, id=65372, stack(0x0000008d83c00000,0x0000008d83d00000)]
  0x00000216f3df4000 JavaThread "Cache worker for execution history cache (C:\Users\diego\.gradle\caches\7.5\executionHistory)" [_thread_blocked, id=65444, stack(0x0000008d83d00000,0x0000008d83e00000)]
  0x00000216f3df7000 JavaThread "jar transforms" [_thread_blocked, id=7712, stack(0x0000008d83e00000,0x0000008d83f00000)]
  0x00000216f3df6800 JavaThread "jar transforms Thread 2" [_thread_blocked, id=65512, stack(0x0000008d83f00000,0x0000008d84000000)]
  0x00000216f3df3000 JavaThread "jar transforms Thread 3" [_thread_blocked, id=72860, stack(0x0000008d84000000,0x0000008d84100000)]
  0x00000216f3df8000 JavaThread "jar transforms Thread 4" [_thread_blocked, id=60896, stack(0x0000008d84100000,0x0000008d84200000)]
  0x00000216f3df2800 JavaThread "Cache worker for dependencies-accessors (C:\Users\diego\AndroidStudioProjects\AppFilmes\.gradle\7.5\dependencies-accessors)" [_thread_blocked, id=61068, stack(0x0000008d84200000,0x0000008d84300000)]
  0x00000216f3df9000 JavaThread "jar transforms Thread 5" [_thread_blocked, id=61300, stack(0x0000008d84300000,0x0000008d84400000)]
  0x00000216f3df9800 JavaThread "Cache worker for Build Output Cleanup Cache (C:\Users\diego\AndroidStudioProjects\AppFilmes\.gradle\buildOutputCleanup)" [_thread_blocked, id=65712, stack(0x0000008d84400000,0x0000008d84500000)]
  0x00000216f3dfd800 JavaThread "Unconstrained build operations" [_thread_blocked, id=48436, stack(0x0000008d84500000,0x0000008d84600000)]
  0x00000216f3dfe800 JavaThread "Unconstrained build operations Thread 2" [_thread_blocked, id=49600, stack(0x0000008d84600000,0x0000008d84700000)]
  0x00000216f3dfc000 JavaThread "Unconstrained build operations Thread 3" [_thread_blocked, id=35848, stack(0x0000008d84700000,0x0000008d84800000)]
  0x00000216f3dff800 JavaThread "Unconstrained build operations Thread 4" [_thread_blocked, id=48148, stack(0x0000008d84800000,0x0000008d84900000)]
  0x00000216f3e00000 JavaThread "Unconstrained build operations Thread 5" [_thread_blocked, id=25564, stack(0x0000008d84900000,0x0000008d84a00000)]
  0x00000216f3dfa800 JavaThread "Unconstrained build operations Thread 6" [_thread_blocked, id=10576, stack(0x0000008d84a00000,0x0000008d84b00000)]
  0x00000216f3dfd000 JavaThread "Unconstrained build operations Thread 7" [_thread_blocked, id=48860, stack(0x0000008d84b00000,0x0000008d84c00000)]
  0x00000216f3dfb800 JavaThread "Unconstrained build operations Thread 8" [_thread_blocked, id=43180, stack(0x0000008d84c00000,0x0000008d84d00000)]
  0x00000216f3e01000 JavaThread "Unconstrained build operations Thread 9" [_thread_blocked, id=55356, stack(0x0000008d84d00000,0x0000008d84e00000)]
  0x00000216f256c000 JavaThread "Unconstrained build operations Thread 10" [_thread_blocked, id=48672, stack(0x0000008d84e00000,0x0000008d84f00000)]
  0x00000216f256a800 JavaThread "Unconstrained build operations Thread 11" [_thread_blocked, id=4708, stack(0x0000008d84f00000,0x0000008d85000000)]
  0x00000216f256b000 JavaThread "Unconstrained build operations Thread 12" [_thread_blocked, id=5728, stack(0x0000008d85000000,0x0000008d85100000)]
  0x00000216f256c800 JavaThread "Unconstrained build operations Thread 13" [_thread_blocked, id=21676, stack(0x0000008d85100000,0x0000008d85200000)]
  0x00000216f256d800 JavaThread "Unconstrained build operations Thread 14" [_thread_blocked, id=16904, stack(0x0000008d85200000,0x0000008d85300000)]
  0x00000216f256e800 JavaThread "Unconstrained build operations Thread 15" [_thread_blocked, id=25932, stack(0x0000008d85300000,0x0000008d85400000)]
  0x00000216f256f000 JavaThread "Unconstrained build operations Thread 16" [_thread_blocked, id=56272, stack(0x0000008d85400000,0x0000008d85500000)]
  0x00000216f2569800 JavaThread "Unconstrained build operations Thread 17" [_thread_blocked, id=41268, stack(0x0000008d85500000,0x0000008d85600000)]
  0x00000216f2575800 JavaThread "Unconstrained build operations Thread 18" [_thread_blocked, id=39280, stack(0x0000008d85600000,0x0000008d85700000)]
  0x00000216f2573800 JavaThread "Unconstrained build operations Thread 19" [_thread_blocked, id=72780, stack(0x0000008d85700000,0x0000008d85800000)]
  0x00000216f2570000 JavaThread "Unconstrained build operations Thread 20" [_thread_blocked, id=52624, stack(0x0000008d85800000,0x0000008d85900000)]
  0x00000216f2571000 JavaThread "Unconstrained build operations Thread 21" [_thread_blocked, id=73100, stack(0x0000008d85900000,0x0000008d85a00000)]
  0x00000216f2576800 JavaThread "Unconstrained build operations Thread 22" [_thread_blocked, id=73096, stack(0x0000008d85a00000,0x0000008d85b00000)]
  0x00000216f2577800 JavaThread "Unconstrained build operations Thread 23" [_thread_blocked, id=62724, stack(0x0000008d85b00000,0x0000008d85c00000)]
  0x00000216f2574000 JavaThread "Unconstrained build operations Thread 24" [_thread_blocked, id=73000, stack(0x0000008d85c00000,0x0000008d85d00000)]
  0x00000216f2571800 JavaThread "Unconstrained build operations Thread 25" [_thread_blocked, id=60612, stack(0x0000008d85d00000,0x0000008d85e00000)]
  0x00000216f2578000 JavaThread "Unconstrained build operations Thread 26" [_thread_blocked, id=73020, stack(0x0000008d85e00000,0x0000008d85f00000)]
  0x00000216f2575000 JavaThread "Unconstrained build operations Thread 27" [_thread_blocked, id=73016, stack(0x0000008d85f00000,0x0000008d86000000)]
  0x00000216f2572800 JavaThread "Unconstrained build operations Thread 28" [_thread_blocked, id=56728, stack(0x0000008d86000000,0x0000008d86100000)]
  0x00000216f4831800 JavaThread "Unconstrained build operations Thread 29" [_thread_blocked, id=73044, stack(0x0000008d86100000,0x0000008d86200000)]
  0x00000216f4830000 JavaThread "Unconstrained build operations Thread 30" [_thread_blocked, id=62924, stack(0x0000008d86200000,0x0000008d86300000)]
  0x00000216f4833000 JavaThread "Unconstrained build operations Thread 31" [_thread_blocked, id=6364, stack(0x0000008d86300000,0x0000008d86400000)]
  0x00000216f482f000 JavaThread "Unconstrained build operations Thread 32" [_thread_blocked, id=5504, stack(0x0000008d86400000,0x0000008d86500000)]
  0x00000216f4830800 JavaThread "Unconstrained build operations Thread 33" [_thread_blocked, id=5228, stack(0x0000008d86500000,0x0000008d86600000)]
  0x00000216f4832800 JavaThread "Unconstrained build operations Thread 34" [_thread_blocked, id=66428, stack(0x0000008d86600000,0x0000008d86700000)]
  0x00000216f4834000 JavaThread "Unconstrained build operations Thread 35" [_thread_blocked, id=43156, stack(0x0000008d86700000,0x0000008d86800000)]
  0x00000216f4835800 JavaThread "Unconstrained build operations Thread 36" [_thread_blocked, id=44516, stack(0x0000008d86800000,0x0000008d86900000)]
  0x00000216f4834800 JavaThread "Unconstrained build operations Thread 37" [_thread_blocked, id=60912, stack(0x0000008d86900000,0x0000008d86a00000)]
  0x00000216f3f7f000 JavaThread "Unconstrained build operations Thread 38" [_thread_blocked, id=54128, stack(0x0000008d86a00000,0x0000008d86b00000)]
  0x00000216f3f80800 JavaThread "Unconstrained build operations Thread 39" [_thread_blocked, id=73104, stack(0x0000008d86b00000,0x0000008d86c00000)]
  0x00000216f3f7e000 JavaThread "Unconstrained build operations Thread 40" [_thread_blocked, id=11648, stack(0x0000008d86c00000,0x0000008d86d00000)]
  0x00000216f3f81800 JavaThread "Unconstrained build operations Thread 41" [_thread_blocked, id=73324, stack(0x0000008d86d00000,0x0000008d86e00000)]
  0x00000216f3f7f800 JavaThread "Unconstrained build operations Thread 42" [_thread_blocked, id=73384, stack(0x0000008d86e00000,0x0000008d86f00000)]
  0x00000216f3f82000 JavaThread "Unconstrained build operations Thread 43" [_thread_blocked, id=63432, stack(0x0000008d86f00000,0x0000008d87000000)]
  0x00000216f3f83000 JavaThread "Unconstrained build operations Thread 44" [_thread_blocked, id=73424, stack(0x0000008d87000000,0x0000008d87100000)]
  0x00000216f3f7d800 JavaThread "Unconstrained build operations Thread 45" [_thread_blocked, id=4744, stack(0x0000008d87100000,0x0000008d87200000)]
  0x00000216f3f87000 JavaThread "Unconstrained build operations Thread 46" [_thread_blocked, id=56404, stack(0x0000008d87200000,0x0000008d87300000)]
  0x00000216f3f88800 JavaThread "Unconstrained build operations Thread 47" [_thread_blocked, id=54860, stack(0x0000008d87300000,0x0000008d87400000)]
  0x00000216f3f88000 JavaThread "Unconstrained build operations Thread 48" [_thread_blocked, id=62276, stack(0x0000008d87400000,0x0000008d87500000)]
  0x00000216f3f89800 JavaThread "Unconstrained build operations Thread 49" [_thread_blocked, id=73500, stack(0x0000008d87500000,0x0000008d87600000)]
  0x00000216f3f86800 JavaThread "Unconstrained build operations Thread 50" [_thread_blocked, id=66276, stack(0x0000008d87600000,0x0000008d87700000)]
  0x00000216f3f84000 JavaThread "Unconstrained build operations Thread 51" [_thread_blocked, id=8740, stack(0x0000008d87700000,0x0000008d87800000)]
  0x00000216f3f8a800 JavaThread "Unconstrained build operations Thread 52" [_thread_blocked, id=72292, stack(0x0000008d87800000,0x0000008d87900000)]
  0x00000216f3f84800 JavaThread "Unconstrained build operations Thread 53" [_thread_blocked, id=56328, stack(0x0000008d87900000,0x0000008d87a00000)]
  0x00000216f3f8b000 JavaThread "Unconstrained build operations Thread 54" [_thread_blocked, id=47748, stack(0x0000008d87a00000,0x0000008d87b00000)]
  0x00000216f3f85800 JavaThread "Unconstrained build operations Thread 55" [_thread_blocked, id=73176, stack(0x0000008d87b00000,0x0000008d87c00000)]
  0x00000216f3f8c000 JavaThread "Unconstrained build operations Thread 56" [_thread_blocked, id=70176, stack(0x0000008d87c00000,0x0000008d87d00000)]
  0x00000216f439d000 JavaThread "Unconstrained build operations Thread 57" [_thread_blocked, id=67716, stack(0x0000008d87d00000,0x0000008d87e00000)]
  0x00000216f439c800 JavaThread "Unconstrained build operations Thread 58" [_thread_blocked, id=75892, stack(0x0000008d87e00000,0x0000008d87f00000)]
  0x00000216f439e000 JavaThread "Unconstrained build operations Thread 59" [_thread_blocked, id=65572, stack(0x0000008d87f00000,0x0000008d88000000)]
  0x00000216f4398800 JavaThread "Unconstrained build operations Thread 60" [_thread_blocked, id=70688, stack(0x0000008d88000000,0x0000008d88100000)]
  0x00000216f4399000 JavaThread "Unconstrained build operations Thread 61" [_thread_blocked, id=60712, stack(0x0000008d88100000,0x0000008d88200000)]
  0x00000216f439f000 JavaThread "Unconstrained build operations Thread 62" [_thread_blocked, id=67808, stack(0x0000008d88200000,0x0000008d88300000)]
  0x00000216f439f800 JavaThread "Unconstrained build operations Thread 63" [_thread_blocked, id=13988, stack(0x0000008d88300000,0x0000008d88400000)]
  0x00000216f439a000 JavaThread "Unconstrained build operations Thread 64" [_thread_blocked, id=73740, stack(0x0000008d88400000,0x0000008d88500000)]
  0x00000216f43a0800 JavaThread "Unconstrained build operations Thread 65" [_thread_blocked, id=73608, stack(0x0000008d88500000,0x0000008d88600000)]
  0x00000216f439a800 JavaThread "Unconstrained build operations Thread 66" [_thread_blocked, id=67936, stack(0x0000008d88600000,0x0000008d88700000)]
  0x00000216f43a1800 JavaThread "Unconstrained build operations Thread 67" [_thread_blocked, id=73772, stack(0x0000008d88700000,0x0000008d88800000)]
  0x00000216f439b800 JavaThread "Unconstrained build operations Thread 68" [_thread_blocked, id=73768, stack(0x0000008d88800000,0x0000008d88900000)]
  0x00000216f43a2000 JavaThread "Unconstrained build operations Thread 69" [_thread_blocked, id=45324, stack(0x0000008d88900000,0x0000008d88a00000)]
  0x00000216f43a3000 JavaThread "Unconstrained build operations Thread 70" [_thread_blocked, id=67968, stack(0x0000008d88a00000,0x0000008d88b00000)]
  0x00000216f43a4800 JavaThread "Unconstrained build operations Thread 71" [_thread_blocked, id=17244, stack(0x0000008d88b00000,0x0000008d88c00000)]
  0x00000216f43a5800 JavaThread "Unconstrained build operations Thread 72" [_thread_blocked, id=17740, stack(0x0000008d88c00000,0x0000008d88d00000)]
  0x00000216f43a3800 JavaThread "Unconstrained build operations Thread 73" [_thread_blocked, id=16608, stack(0x0000008d88d00000,0x0000008d88e00000)]
  0x00000216f43a6000 JavaThread "Unconstrained build operations Thread 74" [_thread_blocked, id=66684, stack(0x0000008d88e00000,0x0000008d88f00000)]
  0x00000216f43a7000 JavaThread "Unconstrained build operations Thread 75" [_thread_blocked, id=61596, stack(0x0000008d88f00000,0x0000008d89000000)]
  0x00000216f6754000 JavaThread "Unconstrained build operations Thread 76" [_thread_blocked, id=66612, stack(0x0000008d89000000,0x0000008d89100000)]
  0x00000216f6751800 JavaThread "Unconstrained build operations Thread 77" [_thread_blocked, id=73808, stack(0x0000008d89100000,0x0000008d89200000)]
  0x00000216f6755000 JavaThread "Unconstrained build operations Thread 78" [_thread_blocked, id=73804, stack(0x0000008d89200000,0x0000008d89300000)]
  0x00000216f674f000 JavaThread "Unconstrained build operations Thread 79" [_thread_blocked, id=53412, stack(0x0000008d89300000,0x0000008d89400000)]
  0x00000216f6752800 JavaThread "Unconstrained build operations Thread 80" [_thread_blocked, id=61532, stack(0x0000008d89400000,0x0000008d89500000)]
  0x00000216f6753000 JavaThread "jar transforms Thread 6" [_thread_blocked, id=54488, stack(0x0000008d89500000,0x0000008d89600000)]
  0x00000216f6755800 JavaThread "jar transforms Thread 7" [_thread_blocked, id=62420, stack(0x0000008d89600000,0x0000008d89700000)]
  0x00000216f6750000 JavaThread "jar transforms Thread 8" [_thread_blocked, id=68004, stack(0x0000008d89700000,0x0000008d89800000)]
  0x00000216f6756800 JavaThread "build event listener" [_thread_blocked, id=74136, stack(0x0000008d89800000,0x0000008d89900000)]
  0x00000216f6751000 JavaThread "Memory manager" [_thread_blocked, id=74324, stack(0x0000008d89900000,0x0000008d89a00000)]
  0x00000216f6757800 JavaThread "included builds" [_thread_blocked, id=63128, stack(0x0000008d89a00000,0x0000008d89b00000)]
  0x00000216f675e000 JavaThread "Execution worker" [_thread_blocked, id=46988, stack(0x0000008d89b00000,0x0000008d89c00000)]
  0x00000216f675d000 JavaThread "Execution worker Thread 2" [_thread_blocked, id=52148, stack(0x0000008d89c00000,0x0000008d89d00000)]
  0x00000216f6759000 JavaThread "Execution worker Thread 3" [_thread_blocked, id=12112, stack(0x0000008d89d00000,0x0000008d89e00000)]
  0x00000216f675a000 JavaThread "Execution worker Thread 4" [_thread_blocked, id=42748, stack(0x0000008d89e00000,0x0000008d89f00000)]
  0x00000216f675c000 JavaThread "Execution worker Thread 5" [_thread_blocked, id=60600, stack(0x0000008d89f00000,0x0000008d8a000000)]
  0x00000216f6758000 JavaThread "Execution worker Thread 6" [_thread_blocked, id=51112, stack(0x0000008d8a000000,0x0000008d8a100000)]
  0x00000216f675b800 JavaThread "Execution worker Thread 7" [_thread_blocked, id=12332, stack(0x0000008d8a100000,0x0000008d8a200000)]
  0x00000216f675a800 JavaThread "Cache worker for execution history cache (C:\Users\diego\AndroidStudioProjects\AppFilmes\.gradle\7.5\executionHistory)" [_thread_blocked, id=47972, stack(0x0000008d8a200000,0x0000008d8a300000)]

Other Threads:
=>0x00000216ef2d3800 VMThread "VM Thread" [stack: 0x0000008d81600000,0x0000008d81700000] [id=39844] _threads_hazard_ptr=0x00000216f6e64100
  0x00000216efdf9000 WatcherThread [stack: 0x0000008d82000000,0x0000008d82100000] [id=60044]
  0x00000216d4e28000 GCTaskThread "GC Thread#0" [stack: 0x0000008d81100000,0x0000008d81200000] [id=75420]
  0x00000216f099b000 GCTaskThread "GC Thread#1" [stack: 0x0000008d82100000,0x0000008d82200000] [id=72248]
  0x00000216f08a4800 GCTaskThread "GC Thread#2" [stack: 0x0000008d82200000,0x0000008d82300000] [id=53704]
  0x00000216f1a9e800 GCTaskThread "GC Thread#3" [stack: 0x0000008d82e00000,0x0000008d82f00000] [id=75988]
  0x00000216f14ae800 GCTaskThread "GC Thread#4" [stack: 0x0000008d82f00000,0x0000008d83000000] [id=64740]
  0x00000216f14f7000 GCTaskThread "GC Thread#5" [stack: 0x0000008d83000000,0x0000008d83100000] [id=64728]
  0x00000216f1c9e000 GCTaskThread "GC Thread#6" [stack: 0x0000008d83100000,0x0000008d83200000] [id=64752]
  0x00000216f1c9f000 GCTaskThread "GC Thread#7" [stack: 0x0000008d83200000,0x0000008d83300000] [id=64764]
  0x00000216d4e59800 ConcurrentGCThread "G1 Main Marker" [stack: 0x0000008d81200000,0x0000008d81300000] [id=71816]
  0x00000216d4e5c000 ConcurrentGCThread "G1 Conc#0" [stack: 0x0000008d81300000,0x0000008d81400000] [id=71832]
  0x00000216f0b44000 ConcurrentGCThread "G1 Conc#1" [stack: 0x0000008d83500000,0x0000008d83600000] [id=53088]
  0x00000216d4edd800 ConcurrentGCThread "G1 Refine#0" [stack: 0x0000008d81400000,0x0000008d81500000] [id=71860]
  0x00000216ef125800 ConcurrentGCThread "G1 Young RemSet Sampling" [stack: 0x0000008d81500000,0x0000008d81600000] [id=72024]

Threads with active compile tasks:
C2 CompilerThread0    15912 9352   !   4       java.util.zip.ZipFile::getInputStream (323 bytes)

VM state:at safepoint (normal execution)

VM Mutex/Monitor currently owned by a thread:  ([mutex/lock_event])
[0x00000216d4e087f0] Threads_lock - owner thread: 0x00000216ef2d3800

Heap address: 0x0000000080000000, size: 2048 MB, Compressed Oops mode: 32-bit
Narrow klass base: 0x0000000000000000, Narrow klass shift: 3
Compressed class space size: 1073741824 Address: 0x0000000100000000

Heap:
 garbage-first heap   total 187392K, used 112845K [0x0000000080000000, 0x0000000100000000)
  region size 1024K, 47 young (48128K), 7 survivors (7168K)
 Metaspace       used 85864K, capacity 88308K, committed 88476K, reserved 1126400K
  class space    used 11262K, capacity 12178K, committed 12312K, reserved 1048576K
Heap Regions: E=young(eden), S=young(survivor), O=old, HS=humongous(starts), HC=humongous(continues), CS=collection set, F=free, A=archive, TAMS=top-at-mark-start (previous, next)
|   0|0x0000000080000000, 0x0000000080100000, 0x0000000080100000|100%| O|  |TAMS 0x0000000080100000, 0x0000000080000000| Untracked 
|   1|0x0000000080100000, 0x0000000080200000, 0x0000000080200000|100%| O|  |TAMS 0x0000000080200000, 0x0000000080100000| Untracked 
|   2|0x0000000080200000, 0x0000000080300000, 0x0000000080300000|100%| O|  |TAMS 0x0000000080300000, 0x0000000080200000| Untracked 
|   3|0x0000000080300000, 0x0000000080400000, 0x0000000080400000|100%|HS|  |TAMS 0x0000000080400000, 0x0000000080300000| Complete 
|   4|0x0000000080400000, 0x0000000080500000, 0x0000000080500000|100%|HC|  |TAMS 0x0000000080500000, 0x0000000080400000| Complete 
|   5|0x0000000080500000, 0x0000000080600000, 0x0000000080600000|100%|HC|  |TAMS 0x0000000080600000, 0x0000000080500000| Complete 
|   6|0x0000000080600000, 0x0000000080700000, 0x0000000080700000|100%| O|  |TAMS 0x0000000080700000, 0x0000000080600000| Untracked 
|   7|0x0000000080700000, 0x0000000080800000, 0x0000000080800000|100%| O|  |TAMS 0x0000000080800000, 0x0000000080700000| Untracked 
|   8|0x0000000080800000, 0x0000000080900000, 0x0000000080900000|100%| O|  |TAMS 0x0000000080900000, 0x0000000080800000| Untracked 
|   9|0x0000000080900000, 0x0000000080a00000, 0x0000000080a00000|100%| O|  |TAMS 0x0000000080a00000, 0x0000000080900000| Untracked 
|  10|0x0000000080a00000, 0x0000000080b00000, 0x0000000080b00000|100%| O|  |TAMS 0x0000000080b00000, 0x0000000080a00000| Untracked 
|  11|0x0000000080b00000, 0x0000000080c00000, 0x0000000080c00000|100%| O|  |TAMS 0x0000000080c00000, 0x0000000080b00000| Untracked 
|  12|0x0000000080c00000, 0x0000000080d00000, 0x0000000080d00000|100%| O|  |TAMS 0x0000000080d00000, 0x0000000080c00000| Untracked 
|  13|0x0000000080d00000, 0x0000000080e00000, 0x0000000080e00000|100%| O|  |TAMS 0x0000000080e00000, 0x0000000080d00000| Untracked 
|  14|0x0000000080e00000, 0x0000000080f00000, 0x0000000080f00000|100%| O|  |TAMS 0x0000000080f00000, 0x0000000080e00000| Untracked 
|  15|0x0000000080f00000, 0x0000000081000000, 0x0000000081000000|100%| O|  |TAMS 0x0000000081000000, 0x0000000080f00000| Untracked 
|  16|0x0000000081000000, 0x0000000081100000, 0x0000000081100000|100%| O|  |TAMS 0x0000000081100000, 0x0000000081000000| Untracked 
|  17|0x0000000081100000, 0x0000000081200000, 0x0000000081200000|100%|HS|  |TAMS 0x0000000081200000, 0x0000000081100000| Complete 
|  18|0x0000000081200000, 0x0000000081300000, 0x0000000081300000|100%| O|  |TAMS 0x0000000081300000, 0x0000000081200000| Untracked 
|  19|0x0000000081300000, 0x0000000081400000, 0x0000000081400000|100%| O|  |TAMS 0x0000000081400000, 0x0000000081300000| Untracked 
|  20|0x0000000081400000, 0x0000000081500000, 0x0000000081500000|100%| O|  |TAMS 0x0000000081500000, 0x0000000081400000| Untracked 
|  21|0x0000000081500000, 0x0000000081600000, 0x0000000081600000|100%| O|  |TAMS 0x0000000081600000, 0x0000000081500000| Untracked 
|  22|0x0000000081600000, 0x0000000081700000, 0x0000000081700000|100%| O|  |TAMS 0x0000000081700000, 0x0000000081600000| Untracked 
|  23|0x0000000081700000, 0x0000000081800000, 0x0000000081800000|100%| O|  |TAMS 0x0000000081800000, 0x0000000081700000| Untracked 
|  24|0x0000000081800000, 0x0000000081900000, 0x0000000081900000|100%|HS|  |TAMS 0x0000000081900000, 0x0000000081800000| Complete 
|  25|0x0000000081900000, 0x0000000081a00000, 0x0000000081a00000|100%| O|  |TAMS 0x0000000081900000, 0x0000000081900000| Untracked 
|  26|0x0000000081a00000, 0x0000000081b00000, 0x0000000081b00000|100%| O|  |TAMS 0x0000000081b00000, 0x0000000081a00000| Untracked 
|  27|0x0000000081b00000, 0x0000000081c00000, 0x0000000081c00000|100%| O|  |TAMS 0x0000000081c00000, 0x0000000081b00000| Untracked 
|  28|0x0000000081c00000, 0x0000000081d00000, 0x0000000081d00000|100%| O|  |TAMS 0x0000000081d00000, 0x0000000081c00000| Untracked 
|  29|0x0000000081d00000, 0x0000000081e00000, 0x0000000081e00000|100%| O|  |TAMS 0x0000000081e00000, 0x0000000081d00000| Untracked 
|  30|0x0000000081e00000, 0x0000000081f00000, 0x0000000081f00000|100%| O|  |TAMS 0x0000000081e00000, 0x0000000081e00000| Untracked 
|  31|0x0000000081f00000, 0x0000000082000000, 0x0000000082000000|100%| O|  |TAMS 0x0000000081f00000, 0x0000000081f00000| Untracked 
|  32|0x0000000082000000, 0x0000000082100000, 0x0000000082100000|100%| O|  |TAMS 0x0000000082000000, 0x0000000082000000| Untracked 
|  33|0x0000000082100000, 0x0000000082200000, 0x0000000082200000|100%| O|  |TAMS 0x0000000082100000, 0x0000000082100000| Untracked 
|  34|0x0000000082200000, 0x0000000082300000, 0x0000000082300000|100%| O|  |TAMS 0x0000000082300000, 0x0000000082200000| Untracked 
|  35|0x0000000082300000, 0x0000000082400000, 0x0000000082400000|100%| O|  |TAMS 0x0000000082400000, 0x0000000082300000| Untracked 
|  36|0x0000000082400000, 0x0000000082500000, 0x0000000082500000|100%| O|  |TAMS 0x0000000082500000, 0x0000000082400000| Untracked 
|  37|0x0000000082500000, 0x0000000082600000, 0x0000000082600000|100%| O|  |TAMS 0x0000000082600000, 0x0000000082500000| Untracked 
|  38|0x0000000082600000, 0x0000000082700000, 0x0000000082700000|100%| O|  |TAMS 0x0000000082700000, 0x0000000082600000| Untracked 
|  39|0x0000000082700000, 0x0000000082800000, 0x0000000082800000|100%| O|  |TAMS 0x0000000082800000, 0x0000000082700000| Untracked 
|  40|0x0000000082800000, 0x0000000082900000, 0x0000000082900000|100%| O|  |TAMS 0x0000000082900000, 0x0000000082800000| Untracked 
|  41|0x0000000082900000, 0x0000000082a00000, 0x0000000082a00000|100%| O|  |TAMS 0x0000000082a00000, 0x0000000082900000| Untracked 
|  42|0x0000000082a00000, 0x0000000082b00000, 0x0000000082b00000|100%| O|  |TAMS 0x0000000082b00000, 0x0000000082a00000| Untracked 
|  43|0x0000000082b00000, 0x0000000082c00000, 0x0000000082c00000|100%| O|  |TAMS 0x0000000082c00000, 0x0000000082b00000| Untracked 
|  44|0x0000000082c00000, 0x0000000082d00000, 0x0000000082d00000|100%| O|  |TAMS 0x0000000082d00000, 0x0000000082c00000| Untracked 
|  45|0x0000000082d00000, 0x0000000082e00000, 0x0000000082e00000|100%| O|  |TAMS 0x0000000082d00000, 0x0000000082d00000| Untracked 
|  46|0x0000000082e00000, 0x0000000082f00000, 0x0000000082f00000|100%| O|  |TAMS 0x0000000082f00000, 0x0000000082e00000| Untracked 
|  47|0x0000000082f00000, 0x0000000083000000, 0x0000000083000000|100%| O|  |TAMS 0x0000000083000000, 0x0000000082f00000| Untracked 
|  48|0x0000000083000000, 0x0000000083100000, 0x0000000083100000|100%| O|  |TAMS 0x0000000083100000, 0x0000000083000000| Untracked 
|  49|0x0000000083100000, 0x0000000083200000, 0x0000000083200000|100%| O|  |TAMS 0x0000000083200000, 0x0000000083100000| Untracked 
|  50|0x0000000083200000, 0x0000000083300000, 0x0000000083300000|100%| O|  |TAMS 0x00000000832fe800, 0x0000000083200000| Untracked 
|  51|0x0000000083300000, 0x0000000083400000, 0x0000000083400000|100%| O|  |TAMS 0x0000000083300000, 0x0000000083300000| Untracked 
|  52|0x0000000083400000, 0x0000000083500000, 0x0000000083500000|100%| O|  |TAMS 0x0000000083400000, 0x0000000083400000| Untracked 
|  53|0x0000000083500000, 0x0000000083600000, 0x0000000083600000|100%| O|  |TAMS 0x0000000083500000, 0x0000000083500000| Untracked 
|  54|0x0000000083600000, 0x0000000083700000, 0x0000000083700000|100%| O|  |TAMS 0x0000000083600000, 0x0000000083600000| Untracked 
|  55|0x0000000083700000, 0x0000000083800000, 0x0000000083800000|100%| O|  |TAMS 0x0000000083700000, 0x0000000083700000| Untracked 
|  56|0x0000000083800000, 0x0000000083900000, 0x0000000083900000|100%| O|  |TAMS 0x0000000083800000, 0x0000000083800000| Untracked 
|  57|0x0000000083900000, 0x0000000083a00000, 0x0000000083a00000|100%| O|  |TAMS 0x0000000083900000, 0x0000000083900000| Untracked 
|  58|0x0000000083a00000, 0x0000000083b00000, 0x0000000083b00000|100%| O|  |TAMS 0x0000000083a00000, 0x0000000083a00000| Untracked 
|  59|0x0000000083b00000, 0x0000000083c00000, 0x0000000083c00000|100%| O|  |TAMS 0x0000000083b00000, 0x0000000083b00000| Untracked 
|  60|0x0000000083c00000, 0x0000000083d00000, 0x0000000083d00000|100%| O|  |TAMS 0x0000000083c00000, 0x0000000083c00000| Untracked 
|  61|0x0000000083d00000, 0x0000000083e00000, 0x0000000083e00000|100%| O|  |TAMS 0x0000000083d00000, 0x0000000083d00000| Untracked 
|  62|0x0000000083e00000, 0x0000000083f00000, 0x0000000083f00000|100%| O|  |TAMS 0x0000000083e00000, 0x0000000083e00000| Untracked 
|  63|0x0000000083f00000, 0x0000000084000000, 0x0000000084000000|100%| O|  |TAMS 0x0000000083f00000, 0x0000000083f00000| Untracked 
|  64|0x0000000084000000, 0x0000000084100000, 0x0000000084100000|100%| O|  |TAMS 0x0000000084000000, 0x0000000084000000| Untracked 
|  65|0x0000000084100000, 0x0000000084133400, 0x0000000084200000| 20%| O|  |TAMS 0x0000000084100000, 0x0000000084100000| Untracked 
|  66|0x0000000084200000, 0x0000000084200000, 0x0000000084300000|  0%| F|  |TAMS 0x0000000084200000, 0x0000000084200000| Untracked 
|  67|0x0000000084300000, 0x0000000084300000, 0x0000000084400000|  0%| F|  |TAMS 0x0000000084300000, 0x0000000084300000| Untracked 
|  68|0x0000000084400000, 0x0000000084400000, 0x0000000084500000|  0%| F|  |TAMS 0x0000000084400000, 0x0000000084400000| Untracked 
|  69|0x0000000084500000, 0x0000000084500000, 0x0000000084600000|  0%| F|  |TAMS 0x0000000084500000, 0x0000000084500000| Untracked 
|  70|0x0000000084600000, 0x0000000084600000, 0x0000000084700000|  0%| F|  |TAMS 0x0000000084600000, 0x0000000084600000| Untracked 
|  71|0x0000000084700000, 0x0000000084700000, 0x0000000084800000|  0%| F|  |TAMS 0x0000000084700000, 0x0000000084700000| Untracked 
|  72|0x0000000084800000, 0x0000000084800000, 0x0000000084900000|  0%| F|  |TAMS 0x0000000084800000, 0x0000000084800000| Untracked 
|  73|0x0000000084900000, 0x0000000084900000, 0x0000000084a00000|  0%| F|  |TAMS 0x0000000084900000, 0x0000000084900000| Untracked 
|  74|0x0000000084a00000, 0x0000000084a00000, 0x0000000084b00000|  0%| F|  |TAMS 0x0000000084a00000, 0x0000000084a00000| Untracked 
|  75|0x0000000084b00000, 0x0000000084b00000, 0x0000000084c00000|  0%| F|  |TAMS 0x0000000084b00000, 0x0000000084b00000| Untracked 
|  76|0x0000000084c00000, 0x0000000084c00000, 0x0000000084d00000|  0%| F|  |TAMS 0x0000000084c00000, 0x0000000084c00000| Untracked 
|  77|0x0000000084d00000, 0x0000000084d00000, 0x0000000084e00000|  0%| F|  |TAMS 0x0000000084d00000, 0x0000000084d00000| Untracked 
|  78|0x0000000084e00000, 0x0000000084e00000, 0x0000000084f00000|  0%| F|  |TAMS 0x0000000084e00000, 0x0000000084e00000| Untracked 
|  79|0x0000000084f00000, 0x0000000084f00000, 0x0000000085000000|  0%| F|  |TAMS 0x0000000084f00000, 0x0000000084f00000| Untracked 
|  80|0x0000000085000000, 0x0000000085000000, 0x0000000085100000|  0%| F|  |TAMS 0x0000000085000000, 0x0000000085000000| Untracked 
|  81|0x0000000085100000, 0x0000000085100000, 0x0000000085200000|  0%| F|  |TAMS 0x0000000085100000, 0x0000000085100000| Untracked 
|  82|0x0000000085200000, 0x0000000085200000, 0x0000000085300000|  0%| F|  |TAMS 0x0000000085200000, 0x0000000085200000| Untracked 
|  83|0x0000000085300000, 0x0000000085300000, 0x0000000085400000|  0%| F|  |TAMS 0x0000000085300000, 0x0000000085300000| Untracked 
|  84|0x0000000085400000, 0x0000000085400000, 0x0000000085500000|  0%| F|  |TAMS 0x0000000085400000, 0x0000000085400000| Untracked 
|  85|0x0000000085500000, 0x0000000085500000, 0x0000000085600000|  0%| F|  |TAMS 0x0000000085500000, 0x0000000085500000| Untracked 
|  86|0x0000000085600000, 0x0000000085600000, 0x0000000085700000|  0%| F|  |TAMS 0x0000000085600000, 0x0000000085600000| Untracked 
|  87|0x0000000085700000, 0x0000000085700000, 0x0000000085800000|  0%| F|  |TAMS 0x0000000085700000, 0x0000000085700000| Untracked 
|  88|0x0000000085800000, 0x0000000085800000, 0x0000000085900000|  0%| F|  |TAMS 0x0000000085800000, 0x0000000085800000| Untracked 
|  89|0x0000000085900000, 0x0000000085900000, 0x0000000085a00000|  0%| F|  |TAMS 0x0000000085900000, 0x0000000085900000| Untracked 
|  90|0x0000000085a00000, 0x0000000085a00000, 0x0000000085b00000|  0%| F|  |TAMS 0x0000000085a00000, 0x0000000085a00000| Untracked 
|  91|0x0000000085b00000, 0x0000000085b00000, 0x0000000085c00000|  0%| F|  |TAMS 0x0000000085b00000, 0x0000000085b00000| Untracked 
|  92|0x0000000085c00000, 0x0000000085d00000, 0x0000000085d00000|100%| S|CS|TAMS 0x0000000085c00000, 0x0000000085c00000| Complete 
|  93|0x0000000085d00000, 0x0000000085e00000, 0x0000000085e00000|100%| S|CS|TAMS 0x0000000085d00000, 0x0000000085d00000| Complete 
|  94|0x0000000085e00000, 0x0000000085f00000, 0x0000000085f00000|100%| S|CS|TAMS 0x0000000085e00000, 0x0000000085e00000| Complete 
|  95|0x0000000085f00000, 0x0000000086000000, 0x0000000086000000|100%| S|CS|TAMS 0x0000000085f00000, 0x0000000085f00000| Complete 
|  96|0x0000000086000000, 0x0000000086000000, 0x0000000086100000|  0%| F|  |TAMS 0x0000000086000000, 0x0000000086000000| Untracked 
|  97|0x0000000086100000, 0x0000000086100000, 0x0000000086200000|  0%| F|  |TAMS 0x0000000086100000, 0x0000000086100000| Untracked 
|  98|0x0000000086200000, 0x0000000086200000, 0x0000000086300000|  0%| F|  |TAMS 0x0000000086200000, 0x0000000086200000| Untracked 
|  99|0x0000000086300000, 0x0000000086300000, 0x0000000086400000|  0%| F|  |TAMS 0x0000000086300000, 0x0000000086300000| Untracked 
| 100|0x0000000086400000, 0x0000000086400000, 0x0000000086500000|  0%| F|  |TAMS 0x0000000086400000, 0x0000000086400000| Untracked 
| 101|0x0000000086500000, 0x0000000086500000, 0x0000000086600000|  0%| F|  |TAMS 0x0000000086500000, 0x0000000086500000| Untracked 
| 102|0x0000000086600000, 0x0000000086600000, 0x0000000086700000|  0%| F|  |TAMS 0x0000000086600000, 0x0000000086600000| Untracked 
| 103|0x0000000086700000, 0x0000000086700000, 0x0000000086800000|  0%| F|  |TAMS 0x0000000086700000, 0x0000000086700000| Untracked 
| 104|0x0000000086800000, 0x0000000086900000, 0x0000000086900000|100%| S|CS|TAMS 0x0000000086800000, 0x0000000086800000| Complete 
| 105|0x0000000086900000, 0x0000000086a00000, 0x0000000086a00000|100%| S|CS|TAMS 0x0000000086900000, 0x0000000086900000| Complete 
| 106|0x0000000086a00000, 0x0000000086b00000, 0x0000000086b00000|100%| S|CS|TAMS 0x0000000086a00000, 0x0000000086a00000| Complete 
| 107|0x0000000086b00000, 0x0000000086b00000, 0x0000000086c00000|  0%| F|  |TAMS 0x0000000086b00000, 0x0000000086b00000| Untracked 
| 108|0x0000000086c00000, 0x0000000086c00000, 0x0000000086d00000|  0%| F|  |TAMS 0x0000000086c00000, 0x0000000086c00000| Untracked 
| 109|0x0000000086d00000, 0x0000000086d00000, 0x0000000086e00000|  0%| F|  |TAMS 0x0000000086d00000, 0x0000000086d00000| Untracked 
| 110|0x0000000086e00000, 0x0000000086e00000, 0x0000000086f00000|  0%| F|  |TAMS 0x0000000086e00000, 0x0000000086e00000| Untracked 
| 111|0x0000000086f00000, 0x0000000086f00000, 0x0000000087000000|  0%| F|  |TAMS 0x0000000086f00000, 0x0000000086f00000| Untracked 
| 112|0x0000000087000000, 0x0000000087000000, 0x0000000087100000|  0%| F|  |TAMS 0x0000000087000000, 0x0000000087000000| Untracked 
| 113|0x0000000087100000, 0x0000000087100000, 0x0000000087200000|  0%| F|  |TAMS 0x0000000087100000, 0x0000000087100000| Untracked 
| 114|0x0000000087200000, 0x0000000087200000, 0x0000000087300000|  0%| F|  |TAMS 0x0000000087200000, 0x0000000087200000| Untracked 
| 115|0x0000000087300000, 0x0000000087300000, 0x0000000087400000|  0%| F|  |TAMS 0x0000000087300000, 0x0000000087300000| Untracked 
| 116|0x0000000087400000, 0x0000000087400000, 0x0000000087500000|  0%| F|  |TAMS 0x0000000087400000, 0x0000000087400000| Untracked 
| 117|0x0000000087500000, 0x0000000087500000, 0x0000000087600000|  0%| F|  |TAMS 0x0000000087500000, 0x0000000087500000| Untracked 
| 118|0x0000000087600000, 0x0000000087600000, 0x0000000087700000|  0%| F|  |TAMS 0x0000000087600000, 0x0000000087600000| Untracked 
| 119|0x0000000087700000, 0x0000000087700000, 0x0000000087800000|  0%| F|  |TAMS 0x0000000087700000, 0x0000000087700000| Untracked 
| 120|0x0000000087800000, 0x0000000087800000, 0x0000000087900000|  0%| F|  |TAMS 0x0000000087800000, 0x0000000087800000| Untracked 
| 121|0x0000000087900000, 0x0000000087900000, 0x0000000087a00000|  0%| F|  |TAMS 0x0000000087900000, 0x0000000087900000| Untracked 
| 122|0x0000000087a00000, 0x0000000087a00000, 0x0000000087b00000|  0%| F|  |TAMS 0x0000000087a00000, 0x0000000087a00000| Untracked 
| 123|0x0000000087b00000, 0x0000000087b00000, 0x0000000087c00000|  0%| F|  |TAMS 0x0000000087b00000, 0x0000000087b00000| Untracked 
| 124|0x0000000087c00000, 0x0000000087c00000, 0x0000000087d00000|  0%| F|  |TAMS 0x0000000087c00000, 0x0000000087c00000| Untracked 
| 125|0x0000000087d00000, 0x0000000087d00000, 0x0000000087e00000|  0%| F|  |TAMS 0x0000000087d00000, 0x0000000087d00000| Untracked 
| 126|0x0000000087e00000, 0x0000000087e00000, 0x0000000087f00000|  0%| F|  |TAMS 0x0000000087e00000, 0x0000000087e00000| Untracked 
| 127|0x0000000087f00000, 0x0000000087f00000, 0x0000000088000000|  0%| F|  |TAMS 0x0000000087f00000, 0x0000000087f00000| Untracked 
| 128|0x0000000088000000, 0x0000000088000000, 0x0000000088100000|  0%| F|  |TAMS 0x0000000088000000, 0x0000000088000000| Untracked 
| 129|0x0000000088100000, 0x0000000088100000, 0x0000000088200000|  0%| F|  |TAMS 0x0000000088100000, 0x0000000088100000| Untracked 
| 130|0x0000000088200000, 0x0000000088200000, 0x0000000088300000|  0%| F|  |TAMS 0x0000000088200000, 0x0000000088200000| Untracked 
| 131|0x0000000088300000, 0x0000000088300000, 0x0000000088400000|  0%| F|  |TAMS 0x0000000088300000, 0x0000000088300000| Untracked 
| 132|0x0000000088400000, 0x0000000088400000, 0x0000000088500000|  0%| F|  |TAMS 0x0000000088400000, 0x0000000088400000| Untracked 
| 133|0x0000000088500000, 0x0000000088500000, 0x0000000088600000|  0%| F|  |TAMS 0x0000000088500000, 0x0000000088500000| Untracked 
| 134|0x0000000088600000, 0x0000000088600000, 0x0000000088700000|  0%| F|  |TAMS 0x0000000088600000, 0x0000000088600000| Untracked 
| 135|0x0000000088700000, 0x0000000088700000, 0x0000000088800000|  0%| F|  |TAMS 0x0000000088700000, 0x0000000088700000| Untracked 
| 136|0x0000000088800000, 0x0000000088800000, 0x0000000088900000|  0%| F|  |TAMS 0x0000000088800000, 0x0000000088800000| Untracked 
| 137|0x0000000088900000, 0x0000000088900000, 0x0000000088a00000|  0%| F|  |TAMS 0x0000000088900000, 0x0000000088900000| Untracked 
| 138|0x0000000088a00000, 0x0000000088a00000, 0x0000000088b00000|  0%| F|  |TAMS 0x0000000088a00000, 0x0000000088a00000| Untracked 
| 139|0x0000000088b00000, 0x0000000088b00000, 0x0000000088c00000|  0%| F|  |TAMS 0x0000000088b00000, 0x0000000088b00000| Untracked 
| 140|0x0000000088c00000, 0x0000000088c00000, 0x0000000088d00000|  0%| F|  |TAMS 0x0000000088c00000, 0x0000000088c00000| Untracked 
| 141|0x0000000088d00000, 0x0000000088d00000, 0x0000000088e00000|  0%| F|  |TAMS 0x0000000088d00000, 0x0000000088d00000| Untracked 
| 142|0x0000000088e00000, 0x0000000088e00000, 0x0000000088f00000|  0%| F|  |TAMS 0x0000000088e00000, 0x0000000088e00000| Untracked 
| 143|0x0000000088f00000, 0x0000000088fe22f0, 0x0000000089000000| 88%| E|  |TAMS 0x0000000088f00000, 0x0000000088f00000| Complete 
| 144|0x0000000089000000, 0x0000000089100000, 0x0000000089100000|100%| E|CS|TAMS 0x0000000089000000, 0x0000000089000000| Complete 
| 145|0x0000000089100000, 0x0000000089200000, 0x0000000089200000|100%| E|CS|TAMS 0x0000000089100000, 0x0000000089100000| Complete 
| 146|0x0000000089200000, 0x0000000089300000, 0x0000000089300000|100%| E|CS|TAMS 0x0000000089200000, 0x0000000089200000| Complete 
| 147|0x0000000089300000, 0x0000000089400000, 0x0000000089400000|100%| E|CS|TAMS 0x0000000089300000, 0x0000000089300000| Complete 
| 148|0x0000000089400000, 0x0000000089500000, 0x0000000089500000|100%| E|CS|TAMS 0x0000000089400000, 0x0000000089400000| Complete 
| 149|0x0000000089500000, 0x0000000089600000, 0x0000000089600000|100%| E|CS|TAMS 0x0000000089500000, 0x0000000089500000| Complete 
| 150|0x0000000089600000, 0x0000000089700000, 0x0000000089700000|100%| E|CS|TAMS 0x0000000089600000, 0x0000000089600000| Complete 
| 151|0x0000000089700000, 0x0000000089800000, 0x0000000089800000|100%| E|CS|TAMS 0x0000000089700000, 0x0000000089700000| Complete 
| 152|0x0000000089800000, 0x0000000089900000, 0x0000000089900000|100%| E|CS|TAMS 0x0000000089800000, 0x0000000089800000| Complete 
| 153|0x0000000089900000, 0x0000000089a00000, 0x0000000089a00000|100%| E|CS|TAMS 0x0000000089900000, 0x0000000089900000| Complete 
| 154|0x0000000089a00000, 0x0000000089b00000, 0x0000000089b00000|100%| E|CS|TAMS 0x0000000089a00000, 0x0000000089a00000| Complete 
| 155|0x0000000089b00000, 0x0000000089c00000, 0x0000000089c00000|100%| E|CS|TAMS 0x0000000089b00000, 0x0000000089b00000| Complete 
| 156|0x0000000089c00000, 0x0000000089d00000, 0x0000000089d00000|100%| E|CS|TAMS 0x0000000089c00000, 0x0000000089c00000| Complete 
| 157|0x0000000089d00000, 0x0000000089e00000, 0x0000000089e00000|100%| E|CS|TAMS 0x0000000089d00000, 0x0000000089d00000| Complete 
| 158|0x0000000089e00000, 0x0000000089f00000, 0x0000000089f00000|100%| E|CS|TAMS 0x0000000089e00000, 0x0000000089e00000| Complete 
| 159|0x0000000089f00000, 0x000000008a000000, 0x000000008a000000|100%| E|CS|TAMS 0x0000000089f00000, 0x0000000089f00000| Complete 
| 160|0x000000008a000000, 0x000000008a100000, 0x000000008a100000|100%| E|CS|TAMS 0x000000008a000000, 0x000000008a000000| Complete 
| 161|0x000000008a100000, 0x000000008a200000, 0x000000008a200000|100%| E|CS|TAMS 0x000000008a100000, 0x000000008a100000| Complete 
| 162|0x000000008a200000, 0x000000008a300000, 0x000000008a300000|100%| E|CS|TAMS 0x000000008a200000, 0x000000008a200000| Complete 
| 163|0x000000008a300000, 0x000000008a400000, 0x000000008a400000|100%| E|CS|TAMS 0x000000008a300000, 0x000000008a300000| Complete 
| 164|0x000000008a400000, 0x000000008a500000, 0x000000008a500000|100%| E|CS|TAMS 0x000000008a400000, 0x000000008a400000| Complete 
| 165|0x000000008a500000, 0x000000008a600000, 0x000000008a600000|100%| E|CS|TAMS 0x000000008a500000, 0x000000008a500000| Complete 
| 166|0x000000008a600000, 0x000000008a700000, 0x000000008a700000|100%| E|CS|TAMS 0x000000008a600000, 0x000000008a600000| Complete 
| 167|0x000000008a700000, 0x000000008a800000, 0x000000008a800000|100%| E|CS|TAMS 0x000000008a700000, 0x000000008a700000| Complete 
| 168|0x000000008a800000, 0x000000008a900000, 0x000000008a900000|100%| E|CS|TAMS 0x000000008a800000, 0x000000008a800000| Complete 
| 169|0x000000008a900000, 0x000000008aa00000, 0x000000008aa00000|100%| E|CS|TAMS 0x000000008a900000, 0x000000008a900000| Complete 
| 170|0x000000008aa00000, 0x000000008ab00000, 0x000000008ab00000|100%| E|CS|TAMS 0x000000008aa00000, 0x000000008aa00000| Complete 
| 171|0x000000008ab00000, 0x000000008ac00000, 0x000000008ac00000|100%| E|CS|TAMS 0x000000008ab00000, 0x000000008ab00000| Complete 
| 172|0x000000008ac00000, 0x000000008ad00000, 0x000000008ad00000|100%| E|CS|TAMS 0x000000008ac00000, 0x000000008ac00000| Complete 
| 173|0x000000008ad00000, 0x000000008ae00000, 0x000000008ae00000|100%| E|CS|TAMS 0x000000008ad00000, 0x000000008ad00000| Complete 
| 174|0x000000008ae00000, 0x000000008af00000, 0x000000008af00000|100%| E|CS|TAMS 0x000000008ae00000, 0x000000008ae00000| Complete 
| 175|0x000000008af00000, 0x000000008b000000, 0x000000008b000000|100%| E|CS|TAMS 0x000000008af00000, 0x000000008af00000| Complete 
| 176|0x000000008b000000, 0x000000008b100000, 0x000000008b100000|100%| E|CS|TAMS 0x000000008b000000, 0x000000008b000000| Complete 
| 177|0x000000008b100000, 0x000000008b200000, 0x000000008b200000|100%| E|  |TAMS 0x000000008b100000, 0x000000008b100000| Complete 
| 178|0x000000008b200000, 0x000000008b300000, 0x000000008b300000|100%| E|CS|TAMS 0x000000008b200000, 0x000000008b200000| Complete 
| 179|0x000000008b300000, 0x000000008b400000, 0x000000008b400000|100%| E|CS|TAMS 0x000000008b300000, 0x000000008b300000| Complete 
| 180|0x000000008b400000, 0x000000008b500000, 0x000000008b500000|100%| E|CS|TAMS 0x000000008b400000, 0x000000008b400000| Complete 
| 181|0x000000008b500000, 0x000000008b600000, 0x000000008b600000|100%| E|CS|TAMS 0x000000008b500000, 0x000000008b500000| Complete 
| 182|0x000000008b600000, 0x000000008b700000, 0x000000008b700000|100%| E|CS|TAMS 0x000000008b600000, 0x000000008b600000| Complete 

Card table byte_map: [0x00000216e8060000,0x00000216e8460000] _byte_map_base: 0x00000216e7c60000

Marking Bits (Prev, Next): (CMBitMap*) 0x00000216d4e50e08, (CMBitMap*) 0x00000216d4e50e40
 Prev Bits: [0x00000216e8860000, 0x00000216ea860000)
 Next Bits: [0x00000216ea860000, 0x00000216ec860000)

Polling page: 0x00000216d2de0000

Metaspace:

Usage:
  Non-class:     74.35 MB capacity,    72.85 MB ( 98%) used,     1.22 MB (  2%) free+waste,   280.06 KB ( <1%) overhead. 
      Class:     11.89 MB capacity,    11.00 MB ( 92%) used,   783.75 KB (  6%) free+waste,   131.38 KB (  1%) overhead. 
       Both:     86.24 MB capacity,    83.85 MB ( 97%) used,     1.98 MB (  2%) free+waste,   411.44 KB ( <1%) overhead. 

Virtual space:
  Non-class space:       76.00 MB reserved,      74.38 MB ( 98%) committed 
      Class space:        1.00 GB reserved,      12.02 MB (  1%) committed 
             Both:        1.07 GB reserved,      86.40 MB (  8%) committed 

Chunk freelists:
   Non-Class:  34.00 KB
       Class:  14.00 KB
        Both:  48.00 KB

MaxMetaspaceSize: 17179869184.00 GB
CompressedClassSpaceSize: 1.00 GB
Initial GC threshold: 20.80 MB
Current GC threshold: 114.00 MB
CDS: off

CodeHeap 'non-profiled nmethods': size=120000Kb used=4044Kb max_used=4044Kb free=115955Kb
 bounds [0x00000216e0400000, 0x00000216e0800000, 0x00000216e7930000]
CodeHeap 'profiled nmethods': size=120000Kb used=17837Kb max_used=17837Kb free=102162Kb
 bounds [0x00000216d8ed0000, 0x00000216da040000, 0x00000216e0400000]
CodeHeap 'non-nmethods': size=5760Kb used=2374Kb max_used=2416Kb free=3385Kb
 bounds [0x00000216d8930000, 0x00000216d8ba0000, 0x00000216d8ed0000]
 total_blobs=10079 nmethods=9182 adapters=809
 compilation: enabled
              stopped_count=0, restarted_count=0
 full_count=0

Compilation events (20 events):
Event: 15.856 Thread 0x00000216efc6f800 9381       3       java.lang.StringBuilder::setLength (6 bytes)
Event: 15.857 Thread 0x00000216efc6f800 nmethod 9381 0x00000216da037a90 code [0x00000216da037c40, 0x00000216da037d68]
Event: 15.857 Thread 0x00000216efc6f800 9382       3       org.apache.xerces.dom.NodeImpl::needsSyncData (15 bytes)
Event: 15.857 Thread 0x00000216efc6f800 nmethod 9382 0x00000216da037e10 code [0x00000216da037fc0, 0x00000216da038118]
Event: 15.870 Thread 0x00000216efc6f800 9383       3       org.apache.xerces.xni.XMLString::<init> (5 bytes)
Event: 15.871 Thread 0x00000216efc6f800 nmethod 9383 0x00000216da038190 code [0x00000216da038340, 0x00000216da038498]
Event: 15.871 Thread 0x00000216efc6f800 9384       3       org.apache.xerces.impl.XMLScanner::setFeature (32 bytes)
Event: 15.871 Thread 0x00000216efc6f800 nmethod 9384 0x00000216da038590 code [0x00000216da038760, 0x00000216da038998]
Event: 15.871 Thread 0x00000216efc6f800 9385       3       org.apache.xerces.dom.NodeImpl::needsSyncChildren (15 bytes)
Event: 15.872 Thread 0x00000216efc6f800 nmethod 9385 0x00000216da038a90 code [0x00000216da038c40, 0x00000216da038d98]
Event: 15.872 Thread 0x00000216efc6f800 9386       3       org.apache.xerces.impl.XMLEntityScanner::scanChar (197 bytes)
Event: 15.872 Thread 0x00000216efc6f800 nmethod 9386 0x00000216da038e10 code [0x00000216da039000, 0x00000216da039498]
Event: 15.872 Thread 0x00000216efc6f800 9388       3       java.lang.ClassValue::get (31 bytes)
Event: 15.873 Thread 0x00000216efc6f800 nmethod 9388 0x00000216da039690 code [0x00000216da0398e0, 0x00000216da03a1d8]
Event: 15.873 Thread 0x00000216efc6f800 9389       3       java.lang.invoke.BoundMethodHandle$Species_L::copyWith (14 bytes)
Event: 15.873 Thread 0x00000216efc6f800 nmethod 9389 0x00000216da03a590 code [0x00000216da03a760, 0x00000216da03a9c8]
Event: 15.873 Thread 0x00000216efc6f800 9387       3       org.apache.xerces.dom.ChildNode::parentNode (16 bytes)
Event: 15.874 Thread 0x00000216efc6f800 nmethod 9387 0x00000216da03ab10 code [0x00000216da03acc0, 0x00000216da03aed8]
Event: 15.874 Thread 0x00000216efc6f800 9391       3       java.lang.CompoundEnumeration::next (58 bytes)
Event: 15.875 Thread 0x00000216efc6f800 nmethod 9391 0x00000216da03af90 code [0x00000216da03b160, 0x00000216da03b488]

GC Heap History (20 events):
Event: 5.017 GC heap before
{Heap before GC invocations=6 (full 0):
 garbage-first heap   total 129024K, used 39117K [0x0000000080000000, 0x0000000100000000)
  region size 1024K, 24 young (24576K), 5 survivors (5120K)
 Metaspace       used 35064K, capacity 35957K, committed 36048K, reserved 1081344K
  class space    used 4567K, capacity 4921K, committed 4940K, reserved 1048576K
}
Event: 5.027 GC heap after
{Heap after GC invocations=7 (full 0):
 garbage-first heap   total 129024K, used 22693K [0x0000000080000000, 0x0000000100000000)
  region size 1024K, 7 young (7168K), 7 survivors (7168K)
 Metaspace       used 35064K, capacity 35957K, committed 36048K, reserved 1081344K
  class space    used 4567K, capacity 4921K, committed 4940K, reserved 1048576K
}
Event: 5.798 GC heap before
{Heap before GC invocations=8 (full 0):
 garbage-first heap   total 129024K, used 86181K [0x0000000080000000, 0x0000000100000000)
  region size 1024K, 66 young (67584K), 7 survivors (7168K)
 Metaspace       used 40646K, capacity 41619K, committed 41884K, reserved 1085440K
  class space    used 5139K, capacity 5521K, committed 5656K, reserved 1048576K
}
Event: 5.813 GC heap after
{Heap after GC invocations=9 (full 0):
 garbage-first heap   total 155648K, used 28082K [0x0000000080000000, 0x0000000100000000)
  region size 1024K, 9 young (9216K), 9 survivors (9216K)
 Metaspace       used 40646K, capacity 41619K, committed 41884K, reserved 1085440K
  class space    used 5139K, capacity 5521K, committed 5656K, reserved 1048576K
}
Event: 6.838 GC heap before
{Heap before GC invocations=10 (full 0):
 garbage-first heap   total 155648K, used 102834K [0x0000000080000000, 0x0000000100000000)
  region size 1024K, 81 young (82944K), 9 survivors (9216K)
 Metaspace       used 46732K, capacity 47869K, committed 48028K, reserved 1091584K
  class space    used 5966K, capacity 6380K, committed 6424K, reserved 1048576K
}
Event: 6.850 GC heap after
{Heap after GC invocations=11 (full 0):
 garbage-first heap   total 155648K, used 30808K [0x0000000080000000, 0x0000000100000000)
  region size 1024K, 8 young (8192K), 8 survivors (8192K)
 Metaspace       used 46732K, capacity 47869K, committed 48028K, reserved 1091584K
  class space    used 5966K, capacity 6380K, committed 6424K, reserved 1048576K
}
Event: 8.103 GC heap before
{Heap before GC invocations=11 (full 0):
 garbage-first heap   total 155648K, used 108632K [0x0000000080000000, 0x0000000100000000)
  region size 1024K, 82 young (83968K), 8 survivors (8192K)
 Metaspace       used 51029K, capacity 52413K, committed 52508K, reserved 1095680K
  class space    used 6483K, capacity 7030K, committed 7064K, reserved 1048576K
}
Event: 8.114 GC heap after
{Heap after GC invocations=12 (full 0):
 garbage-first heap   total 155648K, used 40960K [0x0000000080000000, 0x0000000100000000)
  region size 1024K, 11 young (11264K), 11 survivors (11264K)
 Metaspace       used 51029K, capacity 52413K, committed 52508K, reserved 1095680K
  class space    used 6483K, capacity 7030K, committed 7064K, reserved 1048576K
}
Event: 9.257 GC heap before
{Heap before GC invocations=12 (full 0):
 garbage-first heap   total 155648K, used 117760K [0x0000000080000000, 0x0000000100000000)
  region size 1024K, 81 young (82944K), 11 survivors (11264K)
 Metaspace       used 60159K, capacity 61820K, committed 61980K, reserved 1103872K
  class space    used 7628K, capacity 8247K, committed 8344K, reserved 1048576K
}
Event: 9.268 GC heap after
{Heap after GC invocations=13 (full 0):
 garbage-first heap   total 155648K, used 52099K [0x0000000080000000, 0x0000000100000000)
  region size 1024K, 9 young (9216K), 9 survivors (9216K)
 Metaspace       used 60159K, capacity 61820K, committed 61980K, reserved 1103872K
  class space    used 7628K, capacity 8247K, committed 8344K, reserved 1048576K
}
Event: 10.170 GC heap before
{Heap before GC invocations=13 (full 0):
 garbage-first heap   total 155648K, used 116611K [0x0000000080000000, 0x0000000100000000)
  region size 1024K, 70 young (71680K), 9 survivors (9216K)
 Metaspace       used 64895K, capacity 66561K, committed 66716K, reserved 1107968K
  class space    used 8247K, capacity 8911K, committed 8984K, reserved 1048576K
}
Event: 10.178 GC heap after
{Heap after GC invocations=14 (full 0):
 garbage-first heap   total 187392K, used 50170K [0x0000000080000000, 0x0000000100000000)
  region size 1024K, 4 young (4096K), 4 survivors (4096K)
 Metaspace       used 64895K, capacity 66561K, committed 66716K, reserved 1107968K
  class space    used 8247K, capacity 8911K, committed 8984K, reserved 1048576K
}
Event: 10.909 GC heap before
{Heap before GC invocations=14 (full 0):
 garbage-first heap   total 187392K, used 114682K [0x0000000080000000, 0x0000000100000000)
  region size 1024K, 68 young (69632K), 4 survivors (4096K)
 Metaspace       used 67935K, capacity 69643K, committed 69788K, reserved 1110016K
  class space    used 8716K, capacity 9403K, committed 9496K, reserved 1048576K
}
Event: 10.920 GC heap after
{Heap after GC invocations=15 (full 0):
 garbage-first heap   total 187392K, used 54129K [0x0000000080000000, 0x0000000100000000)
  region size 1024K, 8 young (8192K), 8 survivors (8192K)
 Metaspace       used 67935K, capacity 69643K, committed 69788K, reserved 1110016K
  class space    used 8716K, capacity 9403K, committed 9496K, reserved 1048576K
}
Event: 12.489 GC heap before
{Heap before GC invocations=16 (full 0):
 garbage-first heap   total 187392K, used 135025K [0x0000000080000000, 0x0000000100000000)
  region size 1024K, 87 young (89088K), 8 survivors (8192K)
 Metaspace       used 75624K, capacity 77561K, committed 77724K, reserved 1116160K
  class space    used 9953K, capacity 10686K, committed 10776K, reserved 1048576K
}
Event: 12.502 GC heap after
{Heap after GC invocations=17 (full 0):
 garbage-first heap   total 187392K, used 59064K [0x0000000080000000, 0x0000000100000000)
  region size 1024K, 10 young (10240K), 10 survivors (10240K)
 Metaspace       used 75624K, capacity 77561K, committed 77724K, reserved 1116160K
  class space    used 9953K, capacity 10686K, committed 10776K, reserved 1048576K
}
Event: 13.359 GC heap before
{Heap before GC invocations=17 (full 0):
 garbage-first heap   total 187392K, used 139960K [0x0000000080000000, 0x0000000100000000)
  region size 1024K, 89 young (91136K), 10 survivors (10240K)
 Metaspace       used 79975K, capacity 82008K, committed 82332K, reserved 1120256K
  class space    used 10464K, capacity 11214K, committed 11288K, reserved 1048576K
}
Event: 13.373 GC heap after
{Heap after GC invocations=18 (full 0):
 garbage-first heap   total 187392K, used 66560K [0x0000000080000000, 0x0000000100000000)
  region size 1024K, 12 young (12288K), 12 survivors (12288K)
 Metaspace       used 79975K, capacity 82008K, committed 82332K, reserved 1120256K
  class space    used 10464K, capacity 11214K, committed 11288K, reserved 1048576K
}
Event: 14.469 GC heap before
{Heap before GC invocations=18 (full 0):
 garbage-first heap   total 187392K, used 143360K [0x0000000080000000, 0x0000000100000000)
  region size 1024K, 88 young (90112K), 12 survivors (12288K)
 Metaspace       used 82670K, capacity 85192K, committed 85276K, reserved 1122304K
  class space    used 10939K, capacity 11869K, committed 11928K, reserved 1048576K
}
Event: 14.500 GC heap after
{Heap after GC invocations=19 (full 0):
 garbage-first heap   total 187392K, used 73933K [0x0000000080000000, 0x0000000100000000)
  region size 1024K, 7 young (7168K), 7 survivors (7168K)
 Metaspace       used 82670K, capacity 85192K, committed 85276K, reserved 1122304K
  class space    used 10939K, capacity 11869K, committed 11928K, reserved 1048576K
}

Deoptimization events (20 events):
Event: 14.942 Thread 0x00000216f1bab000 DEOPT PACKING pc=0x00000216d9cbf6c4 sp=0x0000008d837fecd0
Event: 14.942 Thread 0x00000216f1bab000 DEOPT UNPACKING pc=0x00000216d897a95e sp=0x0000008d837fe270 mode 0
Event: 14.975 Thread 0x00000216f1bab000 DEOPT PACKING pc=0x00000216d9cbf6c4 sp=0x0000008d837fed10
Event: 14.975 Thread 0x00000216f1bab000 DEOPT UNPACKING pc=0x00000216d897a95e sp=0x0000008d837fe2b0 mode 0
Event: 15.018 Thread 0x00000216f1bab000 DEOPT PACKING pc=0x00000216d9cbf6c4 sp=0x0000008d837fed10
Event: 15.018 Thread 0x00000216f1bab000 DEOPT UNPACKING pc=0x00000216d897a95e sp=0x0000008d837fe2b0 mode 0
Event: 15.050 Thread 0x00000216f1bab000 DEOPT PACKING pc=0x00000216d9cbf6c4 sp=0x0000008d837fed10
Event: 15.050 Thread 0x00000216f1bab000 DEOPT UNPACKING pc=0x00000216d897a95e sp=0x0000008d837fe2b0 mode 0
Event: 15.303 Thread 0x00000216f1bab000 Uncommon trap: trap_request=0xffffff4d fr.pc=0x00000216e07d76b0 relative=0x0000000000000250
Event: 15.303 Thread 0x00000216f1bab000 Uncommon trap: reason=unstable_if action=reinterpret pc=0x00000216e07d76b0 method=org.gradle.internal.file.FileHierarchySet$Node.isChildOfOrThis(Ljava/lang/String;I)Z @ 35 c2
Event: 15.303 Thread 0x00000216f1bab000 DEOPT PACKING pc=0x00000216e07d76b0 sp=0x0000008d837feed0
Event: 15.303 Thread 0x00000216f1bab000 DEOPT UNPACKING pc=0x00000216d897a1af sp=0x0000008d837fee58 mode 2
Event: 15.411 Thread 0x00000216f6758000 Uncommon trap: trap_request=0xffffff4d fr.pc=0x00000216e07bfe4c relative=0x000000000000072c
Event: 15.411 Thread 0x00000216f6758000 Uncommon trap: reason=unstable_if action=reinterpret pc=0x00000216e07bfe4c method=org.gradle.internal.snapshot.VfsRelativePath.compareToFirstSegment(Ljava/lang/String;Lorg/gradle/internal/snapshot/CaseSensitivity;)I @ 134 c2
Event: 15.411 Thread 0x00000216f6758000 DEOPT PACKING pc=0x00000216e07bfe4c sp=0x0000008d8a0fcb60
Event: 15.411 Thread 0x00000216f6758000 DEOPT UNPACKING pc=0x00000216d897a1af sp=0x0000008d8a0fcae0 mode 2
Event: 15.821 Thread 0x00000216f6758000 Uncommon trap: trap_request=0xffffff7e fr.pc=0x00000216e07d1d2c relative=0x000000000000066c
Event: 15.821 Thread 0x00000216f6758000 Uncommon trap: reason=predicate action=maybe_recompile pc=0x00000216e07d1d2c method=java.util.TimSort.binarySort([Ljava/lang/Object;IIILjava/util/Comparator;)V @ 34 c2
Event: 15.821 Thread 0x00000216f6758000 DEOPT PACKING pc=0x00000216e07d1d2c sp=0x0000008d8a0f92f0
Event: 15.821 Thread 0x00000216f6758000 DEOPT UNPACKING pc=0x00000216d897a1af sp=0x0000008d8a0f92b0 mode 2

Classes redefined (0 events):
No events

Internal exceptions (20 events):
Event: 13.696 Thread 0x00000216f1a68800 Exception <a 'java/lang/NoSuchMethodError'{0x00000000896cdeb0}: <clinit>> (0x00000000896cdeb0) thrown at [src/hotspot/share/prims/jni.cpp, line 1367]
Event: 13.697 Thread 0x00000216f1a68800 Exception <a 'java/lang/NoSuchMethodError'{0x0000000089522870}: <clinit>> (0x0000000089522870) thrown at [src/hotspot/share/prims/jni.cpp, line 1367]
Event: 13.697 Thread 0x00000216f1a68800 Exception <a 'java/lang/NoSuchMethodError'{0x0000000089523c68}: <clinit>> (0x0000000089523c68) thrown at [src/hotspot/share/prims/jni.cpp, line 1367]
Event: 13.721 Thread 0x00000216f1a68800 Exception <a 'java/lang/NoSuchMethodError'{0x000000008935fbf0}: <clinit>> (0x000000008935fbf0) thrown at [src/hotspot/share/prims/jni.cpp, line 1367]
Event: 13.728 Thread 0x00000216f6756800 Exception <a 'java/lang/NoSuchMethodError'{0x0000000089201fc0}: <clinit>> (0x0000000089201fc0) thrown at [src/hotspot/share/prims/jni.cpp, line 1367]
Event: 13.733 Thread 0x00000216f6756800 Exception <a 'java/lang/NoSuchMethodError'{0x00000000892436f8}: <clinit>> (0x00000000892436f8) thrown at [src/hotspot/share/prims/jni.cpp, line 1367]
Event: 13.737 Thread 0x00000216f6756800 Exception <a 'java/lang/NoSuchMethodError'{0x0000000089292030}: <clinit>> (0x0000000089292030) thrown at [src/hotspot/share/prims/jni.cpp, line 1367]
Event: 13.740 Thread 0x00000216f6756800 Exception <a 'java/lang/NoSuchMethodError'{0x000000008929a840}: 'void java.lang.invoke.DirectMethodHandle$Holder.invokeSpecial(java.lang.Object, java.lang.Object, java.lang.Object, int)'> (0x000000008929a840) thrown at [src/hotspot/share/interpreter/linkResolver.cpp, line 773]
Event: 13.742 Thread 0x00000216f675e000 Exception <a 'java/lang/NoSuchMethodError'{0x0000000089276cc8}: 'int java.lang.invoke.DirectMethodHandle$Holder.invokeSpecial(java.lang.Object, java.lang.Object, java.lang.Object, java.lang.Object, java.lang.Object)'> (0x0000000089276cc8) thrown at [src/hotspot/share/interpreter/linkResolver.cpp, line 773]
Event: 13.991 Thread 0x00000216f675e000 Exception <a 'java/lang/NoSuchMethodError'{0x0000000088b85110}: 'void java.lang.invoke.DirectMethodHandle$Holder.invokeStatic(java.lang.Object, java.lang.Object, java.lang.Object, java.lang.Object, int, java.lang.Object, java.lang.Object)'> (0x0000000088b85110) thrown at [src/hotspot/share/interpreter/linkResolver.cpp, line 773]
Event: 14.070 Thread 0x00000216f439d000 Exception <a 'java/lang/NoSuchMethodError'{0x000000008832d9e8}: 'java.lang.Object java.lang.invoke.DirectMethodHandle$Holder.invokeSpecialIFC(java.lang.Object, java.lang.Object, java.lang.Object)'> (0x000000008832d9e8) thrown at [src/hotspot/share/interpreter/linkResolver.cpp, line 773]
Event: 14.070 Thread 0x00000216f6755000 Exception <a 'java/lang/NoSuchMethodError'{0x0000000088319e48}: 'java.lang.Object java.lang.invoke.DirectMethodHandle$Holder.invokeSpecialIFC(java.lang.Object, java.lang.Object, java.lang.Object)'> (0x0000000088319e48) thrown at [src/hotspot/share/interpreter/linkResolver.cpp, line 773]
Event: 14.070 Thread 0x00000216f674f000 Exception <a 'java/lang/NoSuchMethodError'{0x00000000884c4060}: 'java.lang.Object java.lang.invoke.DirectMethodHandle$Holder.invokeSpecialIFC(java.lang.Object, java.lang.Object, java.lang.Object)'> (0x00000000884c4060) thrown at [src/hotspot/share/interpreter/linkResolver.cpp, line 773]
Event: 14.070 Thread 0x00000216f3f89800 Exception <a 'java/lang/NoSuchMethodError'{0x0000000088343328}: 'java.lang.Object java.lang.invoke.DirectMethodHandle$Holder.invokeSpecialIFC(java.lang.Object, java.lang.Object, java.lang.Object)'> (0x0000000088343328) thrown at [src/hotspot/share/interpreter/linkResolver.cpp, line 773]
Event: 14.070 Thread 0x00000216f3f8b000 Exception <a 'java/lang/NoSuchMethodError'{0x00000000884ecb98}: 'java.lang.Object java.lang.invoke.DirectMethodHandle$Holder.invokeSpecialIFC(java.lang.Object, java.lang.Object, java.lang.Object)'> (0x00000000884ecb98) thrown at [src/hotspot/share/interpreter/linkResolver.cpp, line 773]
Event: 14.070 Thread 0x00000216f439e000 Exception <a 'java/lang/NoSuchMethodError'{0x0000000088358320}: 'java.lang.Object java.lang.invoke.DirectMethodHandle$Holder.invokeSpecialIFC(java.lang.Object, java.lang.Object, java.lang.Object)'> (0x0000000088358320) thrown at [src/hotspot/share/interpreter/linkResolver.cpp, line 773]
Event: 14.070 Thread 0x00000216f675e000 Exception <a 'java/lang/NoSuchMethodError'{0x000000008847a608}: 'java.lang.Object java.lang.invoke.DirectMethodHandle$Holder.invokeSpecialIFC(java.lang.Object, java.lang.Object, java.lang.Object)'> (0x000000008847a608) thrown at [src/hotspot/share/interpreter/linkResolver.cpp, line 773]
Event: 14.070 Thread 0x00000216f439c800 Exception <a 'java/lang/NoSuchMethodError'{0x00000000883090e8}: 'java.lang.Object java.lang.invoke.DirectMethodHandle$Holder.invokeSpecialIFC(java.lang.Object, java.lang.Object, java.lang.Object)'> (0x00000000883090e8) thrown at [src/hotspot/share/interpreter/linkResolver.cpp, line 773]
Event: 14.430 Thread 0x00000216f256f000 Exception <a 'java/lang/NoSuchMethodError'{0x0000000088717358}: 'void java.lang.invoke.DirectMethodHandle$Holder.invokeVirtual(java.lang.Object, java.lang.Object)'> (0x0000000088717358) thrown at [src/hotspot/share/interpreter/linkResolver.cpp, line 773]
Event: 15.413 Thread 0x00000216f6758000 Exception <a 'java/lang/NoSuchMethodError'{0x000000008a0bfcb8}: 'void java.lang.invoke.DirectMethodHandle$Holder.invokeInterface(java.lang.Object, java.lang.Object, java.lang.Object, java.lang.Object)'> (0x000000008a0bfcb8) thrown at [src/hotspot/share/interpreter/linkResolver.cpp, line 773]

Events (20 events):
Event: 15.862 loading class com/android/resources/WideGamutColor done
Event: 15.863 loading class com/android/resources/HighDynamicRange
Event: 15.863 loading class com/android/resources/HighDynamicRange done
Event: 15.863 loading class com/android/resources/ScreenOrientation
Event: 15.863 loading class com/android/resources/ScreenOrientation done
Event: 15.864 loading class com/android/resources/UiMode
Event: 15.864 loading class com/android/resources/UiMode done
Event: 15.865 loading class com/android/resources/NightMode
Event: 15.865 loading class com/android/resources/NightMode done
Event: 15.865 loading class com/android/resources/TouchScreen
Event: 15.865 loading class com/android/resources/TouchScreen done
Event: 15.866 loading class com/android/resources/KeyboardState
Event: 15.866 loading class com/android/resources/KeyboardState done
Event: 15.867 loading class com/android/resources/Keyboard
Event: 15.867 loading class com/android/resources/Keyboard done
Event: 15.867 loading class com/android/resources/NavigationState
Event: 15.867 loading class com/android/resources/NavigationState done
Event: 15.868 loading class com/android/resources/Navigation
Event: 15.868 loading class com/android/resources/Navigation done
Event: 15.875 Executing VM operation: BulkRevokeBias


Dynamic libraries:
0x00007ff6cfac0000 - 0x00007ff6cfaca000 	C:\Program Files\Android\Android Studio\jbr\bin\java.exe
0x00007ff8e75b0000 - 0x00007ff8e77c4000 	C:\Windows\SYSTEM32\ntdll.dll
0x00007ff8e5700000 - 0x00007ff8e57c3000 	C:\Windows\System32\KERNEL32.DLL
0x00007ff8e4e90000 - 0x00007ff8e522d000 	C:\Windows\System32\KERNELBASE.dll
0x00007ff8e49d0000 - 0x00007ff8e4ae1000 	C:\Windows\System32\ucrtbase.dll
0x00007ff8dfe30000 - 0x00007ff8dfe4b000 	C:\Program Files\Android\Android Studio\jbr\bin\VCRUNTIME140.dll
0x00007ff8dfdf0000 - 0x00007ff8dfe07000 	C:\Program Files\Android\Android Studio\jbr\bin\jli.dll
0x00007ff8e63b0000 - 0x00007ff8e655d000 	C:\Windows\System32\USER32.dll
0x00007ff8e4af0000 - 0x00007ff8e4b16000 	C:\Windows\System32\win32u.dll
0x00007ff8e5b90000 - 0x00007ff8e5bb9000 	C:\Windows\System32\GDI32.dll
0x00007ff8e4c40000 - 0x00007ff8e4d52000 	C:\Windows\System32\gdi32full.dll
0x00007ff8d72a0000 - 0x00007ff8d752e000 	C:\Windows\WinSxS\amd64_microsoft.windows.common-controls_6595b64144ccf1df_6.0.22621.608_none_a9444ca7c10bb01d\COMCTL32.dll
0x00007ff8e4ba0000 - 0x00007ff8e4c3a000 	C:\Windows\System32\msvcp_win.dll
0x00007ff8e5550000 - 0x00007ff8e55f7000 	C:\Windows\System32\msvcrt.dll
0x00007ff8e5be0000 - 0x00007ff8e5c12000 	C:\Windows\System32\IMM32.DLL
0x00007ff8dfc10000 - 0x00007ff8dfc1c000 	C:\Program Files\Android\Android Studio\jbr\bin\vcruntime140_1.dll
0x00007ff8bf610000 - 0x00007ff8bf69d000 	C:\Program Files\Android\Android Studio\jbr\bin\msvcp140.dll
0x00007ff8905a0000 - 0x00007ff89115c000 	C:\Program Files\Android\Android Studio\jbr\bin\server\jvm.dll
0x00007ff8e5e10000 - 0x00007ff8e5ebe000 	C:\Windows\System32\ADVAPI32.dll
0x00007ff8e6820000 - 0x00007ff8e68c4000 	C:\Windows\System32\sechost.dll
0x00007ff8e5c20000 - 0x00007ff8e5d35000 	C:\Windows\System32\RPCRT4.dll
0x00007ff8e5b50000 - 0x00007ff8e5b58000 	C:\Windows\System32\PSAPI.DLL
0x00007ff8de860000 - 0x00007ff8de894000 	C:\Windows\SYSTEM32\WINMM.dll
0x00007ff8dfde0000 - 0x00007ff8dfde9000 	C:\Windows\SYSTEM32\WSOCK32.dll
0x00007ff8e0ac0000 - 0x00007ff8e0aca000 	C:\Windows\SYSTEM32\VERSION.dll
0x00007ff8e5d40000 - 0x00007ff8e5db1000 	C:\Windows\System32\WS2_32.dll
0x00007ff8e3ae0000 - 0x00007ff8e3af8000 	C:\Windows\SYSTEM32\kernel.appcore.dll
0x00007ff8dd680000 - 0x00007ff8dd690000 	C:\Program Files\Android\Android Studio\jbr\bin\verify.dll
0x00007ff8d8100000 - 0x00007ff8d832e000 	C:\Windows\SYSTEM32\DBGHELP.DLL
0x00007ff8e68d0000 - 0x00007ff8e6c5a000 	C:\Windows\System32\combase.dll
0x00007ff8e6560000 - 0x00007ff8e6637000 	C:\Windows\System32\OLEAUT32.dll
0x00007ff8d80c0000 - 0x00007ff8d80f2000 	C:\Windows\SYSTEM32\dbgcore.DLL
0x00007ff8e4b20000 - 0x00007ff8e4b9b000 	C:\Windows\System32\bcryptPrimitives.dll
0x00007ff8daf80000 - 0x00007ff8dafa8000 	C:\Program Files\Android\Android Studio\jbr\bin\java.dll
0x00007ff8dd650000 - 0x00007ff8dd65a000 	C:\Program Files\Android\Android Studio\jbr\bin\jimage.dll
0x00007ff8dcd30000 - 0x00007ff8dcd48000 	C:\Program Files\Android\Android Studio\jbr\bin\zip.dll
0x00007ff8e6d80000 - 0x00007ff8e756f000 	C:\Windows\System32\SHELL32.dll
0x00007ff8e29b0000 - 0x00007ff8e3278000 	C:\Windows\SYSTEM32\windows.storage.dll
0x00007ff8e2870000 - 0x00007ff8e29ae000 	C:\Windows\SYSTEM32\wintypes.dll
0x00007ff8e5600000 - 0x00007ff8e56f1000 	C:\Windows\System32\SHCORE.dll
0x00007ff8e53a0000 - 0x00007ff8e53fe000 	C:\Windows\System32\shlwapi.dll
0x00007ff8e4900000 - 0x00007ff8e4921000 	C:\Windows\SYSTEM32\profapi.dll
0x00007ff8dc5f0000 - 0x00007ff8dc609000 	C:\Program Files\Android\Android Studio\jbr\bin\net.dll
0x00007ff8dd7f0000 - 0x00007ff8dd91f000 	C:\Windows\SYSTEM32\WINHTTP.dll
0x00007ff8e3f80000 - 0x00007ff8e3fe9000 	C:\Windows\system32\mswsock.dll
0x00007ff8dba00000 - 0x00007ff8dba13000 	C:\Program Files\Android\Android Studio\jbr\bin\nio.dll
0x00007ff8db820000 - 0x00007ff8db847000 	C:\Users\diego\.gradle\native\e1d6ef7f7dcc3fd88c89a11ec53ec762bb8ba0a96d01ffa2cd45eb1d1d8dd5c5\windows-amd64\native-platform.dll
0x00007ff8b1320000 - 0x00007ff8b1464000 	C:\Users\diego\.gradle\native\0d407fdbe67a94daf76414ababcb853783967236a71b16ec16e742cd7a986fd3\windows-amd64\native-platform-file-events.dll
0x00007ff8dd640000 - 0x00007ff8dd64a000 	C:\Program Files\Android\Android Studio\jbr\bin\management.dll
0x00007ff8dd090000 - 0x00007ff8dd09b000 	C:\Program Files\Android\Android Studio\jbr\bin\management_ext.dll
0x00007ff8e41d0000 - 0x00007ff8e41eb000 	C:\Windows\SYSTEM32\CRYPTSP.dll
0x00007ff8e3a50000 - 0x00007ff8e3a85000 	C:\Windows\system32\rsaenh.dll
0x00007ff8e4070000 - 0x00007ff8e4098000 	C:\Windows\SYSTEM32\USERENV.dll
0x00007ff8e4390000 - 0x00007ff8e43b8000 	C:\Windows\SYSTEM32\bcrypt.dll
0x00007ff8e41f0000 - 0x00007ff8e41fc000 	C:\Windows\SYSTEM32\CRYPTBASE.dll
0x00007ff8e3540000 - 0x00007ff8e356d000 	C:\Windows\SYSTEM32\IPHLPAPI.DLL
0x00007ff8e5bc0000 - 0x00007ff8e5bc9000 	C:\Windows\System32\NSI.dll
0x00007ff8dd790000 - 0x00007ff8dd7a9000 	C:\Windows\SYSTEM32\dhcpcsvc6.DLL
0x00007ff8dd770000 - 0x00007ff8dd78f000 	C:\Windows\SYSTEM32\dhcpcsvc.DLL
0x00007ff8e35b0000 - 0x00007ff8e36a2000 	C:\Windows\SYSTEM32\DNSAPI.dll

dbghelp: loaded successfully - version: 4.0.5 - missing functions: none
symbol engine: initialized successfully - sym options: 0x614 - pdb path: .;C:\Program Files\Android\Android Studio\jbr\bin;C:\Windows\SYSTEM32;C:\Windows\WinSxS\amd64_microsoft.windows.common-controls_6595b64144ccf1df_6.0.22621.608_none_a9444ca7c10bb01d;C:\Program Files\Android\Android Studio\jbr\bin\server;C:\Users\diego\.gradle\native\e1d6ef7f7dcc3fd88c89a11ec53ec762bb8ba0a96d01ffa2cd45eb1d1d8dd5c5\windows-amd64;C:\Users\diego\.gradle\native\0d407fdbe67a94daf76414ababcb853783967236a71b16ec16e742cd7a986fd3\windows-amd64

VM Arguments:
jvm_args: --add-opens=java.base/java.util=ALL-UNNAMED --add-opens=java.base/java.lang=ALL-UNNAMED --add-opens=java.base/java.lang.invoke=ALL-UNNAMED --add-opens=java.base/java.util=ALL-UNNAMED --add-opens=java.prefs/java.util.prefs=ALL-UNNAMED --add-opens=java.prefs/java.util.prefs=ALL-UNNAMED --add-opens=java.base/java.nio.charset=ALL-UNNAMED --add-opens=java.base/java.net=ALL-UNNAMED --add-opens=java.base/java.util.concurrent.atomic=ALL-UNNAMED -Xmx2048m -Dfile.encoding=UTF-8 -Duser.country=US -Duser.language=en -Duser.variant 
java_command: org.gradle.launcher.daemon.bootstrap.GradleDaemon 7.5
java_class_path (initial): C:\Users\diego\.gradle\wrapper\dists\gradle-7.5-bin\f1w0cc9nuo0eivz97x2xlu9sv\gradle-7.5\lib\gradle-launcher-7.5.jar
Launcher Type: SUN_STANDARD

[Global flags]
     intx CICompilerCount                          = 4                                         {product} {ergonomic}
     uint ConcGCThreads                            = 2                                         {product} {ergonomic}
     uint G1ConcRefinementThreads                  = 8                                         {product} {ergonomic}
   size_t G1HeapRegionSize                         = 1048576                                   {product} {ergonomic}
    uintx GCDrainStackTargetSize                   = 64                                        {product} {ergonomic}
   size_t InitialHeapSize                          = 132120576                                 {product} {ergonomic}
   size_t MarkStackSize                            = 4194304                                   {product} {ergonomic}
   size_t MaxHeapSize                              = 2147483648                                {product} {command line}
   size_t MaxNewSize                               = 1287651328                                {product} {ergonomic}
   size_t MinHeapDeltaBytes                        = 1048576                                   {product} {ergonomic}
    uintx NonNMethodCodeHeapSize                   = 5836300                                {pd product} {ergonomic}
    uintx NonProfiledCodeHeapSize                  = 122910970                              {pd product} {ergonomic}
    uintx ProfiledCodeHeapSize                     = 122910970                              {pd product} {ergonomic}
    uintx ReservedCodeCacheSize                    = 251658240                              {pd product} {ergonomic}
     bool SegmentedCodeCache                       = true                                      {product} {ergonomic}
     bool UseCompressedClassPointers               = true                                 {lp64_product} {ergonomic}
     bool UseCompressedOops                        = true                                 {lp64_product} {ergonomic}
     bool UseG1GC                                  = true                                      {product} {ergonomic}
     bool UseLargePagesIndividualAllocation        = false                                  {pd product} {ergonomic}

Logging:
Log output configuration:
 #0: stdout all=warning uptime,level,tags
 #1: stderr all=off uptime,level,tags

Environment Variables:
PATH=C:\Windows\system32;C:\Windows;C:\Windows\System32\Wbem;C:\Windows\System32\WindowsPowerShell\v1.0\;C:\Windows\System32\OpenSSH\;C:\Program Files\dotnet\;C:\Program Files (x86)\dotnet\;C:\Users\diego\AppData\Local\Microsoft\WindowsApps;;C:\Users\diego\AppData\Local\Programs\Microsoft VS Code\bin
USERNAME=diego
OS=Windows_NT
PROCESSOR_IDENTIFIER=Intel64 Family 6 Model 142 Stepping 12, GenuineIntel



---------------  S Y S T E M  ---------------

OS: Windows 11 , 64 bit Build 22621 (10.0.22621.1105)
OS uptime: 0 days 23:56 hours
Hyper-V role detected

CPU:total 8 (initial active 8) (4 cores per cpu, 2 threads per core) family 6 model 142 stepping 12 microcode 0xf4, cmov, cx8, fxsr, mmx, sse, sse2, sse3, ssse3, sse4.1, sse4.2, popcnt, avx, avx2, aes, clmul, erms, 3dnowpref, lzcnt, ht, tsc, tscinvbit, bmi1, bmi2, adx, fma

Memory: 4k page, system-wide physical 8046M (125M free)
TotalPageFile size 32622M (AvailPageFile size 1M)
current process WorkingSet (physical memory assigned to process): 411M, peak: 413M
current process commit charge ("private bytes"): 450M, peak: 450M

vm_info: OpenJDK 64-Bit Server VM (11.0.15+0-b2043.56-9505619) for windows-amd64 JRE (11.0.15+0-b2043.56-9505619), built on Jan 19 2023 02:48:00 by "builduser" with unknown MS VC++:1929

END.
