#
# There is insufficient memory for the Java Runtime Environment to continue.
# Native memory allocation (malloc) failed to allocate 2141296 bytes for Chunk::new
# Possible reasons:
#   The system is out of physical RAM or swap space
#   The process is running with CompressedOops enabled, and the Java Heap may be blocking the growth of the native heap
# Possible solutions:
#   Reduce memory load on the system
#   Increase physical memory or swap space
#   Check if swap backing store is full
#   Decrease Java heap size (-Xmx/-Xms)
#   Decrease number of Java threads
#   Decrease Java thread stack sizes (-Xss)
#   Set larger code cache with -XX:ReservedCodeCacheSize=
#   JVM is running with Unscaled Compressed Oops mode in which the Java heap is
#     placed in the first 4GB address space. The Java Heap base address is the
#     maximum limit for the native heap growth. Please use -XX:HeapBaseMinAddress
#     to set the Java Heap base and to place the Java Heap above 4GB virtual address.
# This output file may be truncated or incomplete.
#
#  Out of Memory Error (src/hotspot/share/memory/arena.cpp:197), pid=34416, tid=53628
#
# JRE version: OpenJDK Runtime Environment (11.0.15) (build 11.0.15+0-b2043.56-9505619)
# Java VM: OpenJDK 64-Bit Server VM (11.0.15+0-b2043.56-9505619, mixed mode, tiered, compressed oops, g1 gc, windows-amd64)
# No core dump will be written. Minidumps are not enabled by default on client versions of Windows
#

---------------  S U M M A R Y ------------

Command Line: --add-opens=java.base/java.util=ALL-UNNAMED --add-opens=java.base/java.lang=ALL-UNNAMED --add-opens=java.base/java.lang.invoke=ALL-UNNAMED --add-opens=java.base/java.util=ALL-UNNAMED --add-opens=java.prefs/java.util.prefs=ALL-UNNAMED --add-opens=java.prefs/java.util.prefs=ALL-UNNAMED --add-opens=java.base/java.nio.charset=ALL-UNNAMED --add-opens=java.base/java.net=ALL-UNNAMED --add-opens=java.base/java.util.concurrent.atomic=ALL-UNNAMED -Xmx2048m -Dfile.encoding=UTF-8 -Duser.country=US -Duser.language=en -Duser.variant org.gradle.launcher.daemon.bootstrap.GradleDaemon 7.5

Host: Intel(R) Core(TM) i5-8265U CPU @ 1.60GHz, 8 cores, 7G,  Windows 11 , 64 bit Build 22621 (10.0.22621.1105)
Time: Mon Feb  6 01:01:51 2023 Hora oficial do Brasil elapsed time: 10.302855 seconds (0d 0h 0m 10s)

---------------  T H R E A D  ---------------

Current thread (0x000002def0489800):  JavaThread "C2 CompilerThread0" daemon [_thread_in_native, id=53628, stack(0x000000fcce000000,0x000000fcce100000)]


Current CompileTask:
C2:  10302 5979       4       org.objectweb.asm.Frame::execute (2318 bytes)

Stack: [0x000000fcce000000,0x000000fcce100000]
Native frames: (J=compiled Java code, j=interpreted, Vv=VM code, C=native code)
V  [jvm.dll+0x64135a]
V  [jvm.dll+0x7d39f9]
V  [jvm.dll+0x7d51b9]
V  [jvm.dll+0x7d58a3]
V  [jvm.dll+0x2691c5]
V  [jvm.dll+0xc1a5c]
V  [jvm.dll+0xc200c]
V  [jvm.dll+0x3774a7]
V  [jvm.dll+0x342495]
V  [jvm.dll+0x34186a]
V  [jvm.dll+0x2214bd]
V  [jvm.dll+0x220498]
V  [jvm.dll+0x19e851]
V  [jvm.dll+0x230479]
V  [jvm.dll+0x22e5ef]
V  [jvm.dll+0x794de1]
V  [jvm.dll+0x78dc24]
V  [jvm.dll+0x6400f6]
C  [ucrtbase.dll+0x29363]
C  [KERNEL32.DLL+0x126bd]
C  [ntdll.dll+0x5dfb8]


---------------  P R O C E S S  ---------------

Threads class SMR info:
_java_thread_list=0x000002def74a6d00, length=123, elements={
0x000002ded574e000, 0x000002def0431800, 0x000002def043b800, 0x000002def0484800,
0x000002def0485800, 0x000002def0486800, 0x000002def0489800, 0x000002def0492800,
0x000002deefc12800, 0x000002def05f4800, 0x000002def1ebd000, 0x000002def1864800,
0x000002def1bc2000, 0x000002def236d800, 0x000002def236e000, 0x000002def2404000,
0x000002def2412800, 0x000002def26c3000, 0x000002def24d7000, 0x000002def24d1800,
0x000002def2482000, 0x000002def247f800, 0x000002def247e000, 0x000002def2480800,
0x000002def247e800, 0x000002def247c800, 0x000002def2483000, 0x000002def2481000,
0x000002def247d000, 0x000002def4967800, 0x000002def4966800, 0x000002def4968800,
0x000002def496a000, 0x000002def496b800, 0x000002def496b000, 0x000002def4966000,
0x000002def496e000, 0x000002def496c800, 0x000002def496f000, 0x000002def496d000,
0x000002def4969000, 0x000002def4971800, 0x000002def496f800, 0x000002def4972000,
0x000002def4973000, 0x000002def4970800, 0x000002def4974000, 0x000002def4fc1800,
0x000002def4fbe000, 0x000002def4fc2000, 0x000002def4fc0000, 0x000002def4fbf000,
0x000002def4fc3000, 0x000002def4fbd800, 0x000002def4fc4000, 0x000002def4fc5800,
0x000002def4fc4800, 0x000002def4fc0800, 0x000002def4fc6800, 0x000002def4fc8800,
0x000002def4fc8000, 0x000002def4fc9800, 0x000002def4fc7000, 0x000002def4fca800,
0x000002def4fcb000, 0x000002def4fcc000, 0x000002def6fce800, 0x000002def6fcf000,
0x000002def6fd0000, 0x000002def6fd1000, 0x000002def6fd5800, 0x000002def6fd5000,
0x000002def6fd4000, 0x000002def6fd2800, 0x000002def6fd7800, 0x000002def6fd6800,
0x000002def6fd1800, 0x000002def6fd8000, 0x000002def6fd9000, 0x000002def6fd3000,
0x000002def6fda800, 0x000002def6fd9800, 0x000002def6fdb800, 0x000002def6fdc000,
0x000002def6fdd000, 0x000002def47dd800, 0x000002def47dc800, 0x000002def47de800,
0x000002def47db000, 0x000002def47e0000, 0x000002def47e1000, 0x000002def47df000,
0x000002def47e1800, 0x000002def47dc000, 0x000002def47e8000, 0x000002def47e7800,
0x000002def47e3800, 0x000002def47e5000, 0x000002def47e2800, 0x000002def47e6800,
0x000002def47e9000, 0x000002def47ea000, 0x000002def47e4000, 0x000002def47e5800,
0x000002def7212800, 0x000002def7215800, 0x000002def7211800, 0x000002def7213800,
0x000002def7210000, 0x000002def7214000, 0x000002def7215000, 0x000002def7216800,
0x000002def7211000, 0x000002def7217800, 0x000002def7218000, 0x000002def721a800,
0x000002def721e800, 0x000002def721c000, 0x000002def721d000, 0x000002def721e000,
0x000002def721b800, 0x000002def7219000, 0x000002def721a000
}

Java Threads: ( => current thread )
  0x000002ded574e000 JavaThread "main" [_thread_blocked, id=60612, stack(0x000000fccd400000,0x000000fccd500000)]
  0x000002def0431800 JavaThread "Reference Handler" daemon [_thread_blocked, id=48672, stack(0x000000fccdb00000,0x000000fccdc00000)]
  0x000002def043b800 JavaThread "Finalizer" daemon [_thread_blocked, id=4708, stack(0x000000fccdc00000,0x000000fccdd00000)]
  0x000002def0484800 JavaThread "Signal Dispatcher" daemon [_thread_blocked, id=5728, stack(0x000000fccdd00000,0x000000fccde00000)]
  0x000002def0485800 JavaThread "Attach Listener" daemon [_thread_blocked, id=21676, stack(0x000000fccde00000,0x000000fccdf00000)]
  0x000002def0486800 JavaThread "Service Thread" daemon [_thread_blocked, id=16904, stack(0x000000fccdf00000,0x000000fcce000000)]
=>0x000002def0489800 JavaThread "C2 CompilerThread0" daemon [_thread_in_native, id=53628, stack(0x000000fcce000000,0x000000fcce100000)]
  0x000002def0492800 JavaThread "C1 CompilerThread0" daemon [_thread_blocked, id=25932, stack(0x000000fcce100000,0x000000fcce200000)]
  0x000002deefc12800 JavaThread "Sweeper thread" daemon [_thread_blocked, id=56272, stack(0x000000fcce200000,0x000000fcce300000)]
  0x000002def05f4800 JavaThread "Common-Cleaner" daemon [_thread_blocked, id=41268, stack(0x000000fcce300000,0x000000fcce400000)]
  0x000002def1ebd000 JavaThread "Daemon health stats" [_thread_blocked, id=62724, stack(0x000000fcce700000,0x000000fcce800000)]
  0x000002def1864800 JavaThread "Incoming local TCP Connector on port 62275" [_thread_in_native, id=73000, stack(0x000000fcce800000,0x000000fcce900000)]
  0x000002def1bc2000 JavaThread "Daemon periodic checks" [_thread_blocked, id=73020, stack(0x000000fcce900000,0x000000fccea00000)]
  0x000002def236d800 JavaThread "Daemon" [_thread_blocked, id=73016, stack(0x000000fccea00000,0x000000fcceb00000)]
  0x000002def236e000 JavaThread "Handler for socket connection from /127.0.0.1:62275 to /127.0.0.1:62276" [_thread_in_native, id=56728, stack(0x000000fcceb00000,0x000000fccec00000)]
  0x000002def2404000 JavaThread "Cancel handler" [_thread_blocked, id=73044, stack(0x000000fccec00000,0x000000fcced00000)]
  0x000002def2412800 JavaThread "Daemon worker" [_thread_in_Java, id=62924, stack(0x000000fcced00000,0x000000fccee00000)]
  0x000002def26c3000 JavaThread "Asynchronous log dispatcher for DefaultDaemonConnection: socket connection from /127.0.0.1:62275 to /127.0.0.1:62276" [_thread_blocked, id=73104, stack(0x000000fccee00000,0x000000fccef00000)]
  0x000002def24d7000 JavaThread "Stdin handler" [_thread_blocked, id=73128, stack(0x000000fccef00000,0x000000fccf000000)]
  0x000002def24d1800 JavaThread "Daemon client event forwarder" [_thread_blocked, id=73176, stack(0x000000fccf000000,0x000000fccf100000)]
  0x000002def2482000 JavaThread "Cache worker for journal cache (C:\Users\diego\.gradle\caches\journal-1)" [_thread_blocked, id=6364, stack(0x000000fccf100000,0x000000fccf200000)]
  0x000002def247f800 JavaThread "File lock request listener" [_thread_in_native, id=54128, stack(0x000000fccf800000,0x000000fccf900000)]
  0x000002def247e000 JavaThread "Cache worker for file hash cache (C:\Users\diego\.gradle\caches\7.5\fileHashes)" [_thread_blocked, id=11648, stack(0x000000fccf900000,0x000000fccfa00000)]
  0x000002def2480800 JavaThread "File watcher server" daemon [_thread_in_native, id=73384, stack(0x000000fccfb00000,0x000000fccfc00000)]
  0x000002def247e800 JavaThread "File watcher consumer" daemon [_thread_blocked, id=63432, stack(0x000000fccfc00000,0x000000fccfd00000)]
  0x000002def247c800 JavaThread "Cache worker for checksums cache (C:\Users\diego\AndroidStudioProjects\AppFilmes\.gradle\7.5\checksums)" [_thread_blocked, id=73424, stack(0x000000fccfd00000,0x000000fccfe00000)]
  0x000002def2483000 JavaThread "Cache worker for cache directory md-rule (C:\Users\diego\.gradle\caches\7.5\md-rule)" [_thread_blocked, id=4744, stack(0x000000fccfe00000,0x000000fccff00000)]
  0x000002def2481000 JavaThread "Cache worker for file content cache (C:\Users\diego\.gradle\caches\7.5\fileContent)" [_thread_blocked, id=56404, stack(0x000000fccff00000,0x000000fcd0000000)]
  0x000002def247d000 JavaThread "Cache worker for file hash cache (C:\Users\diego\AndroidStudioProjects\AppFilmes\.gradle\7.5\fileHashes)" [_thread_blocked, id=54860, stack(0x000000fcd0000000,0x000000fcd0100000)]
  0x000002def4967800 JavaThread "Cache worker for cache directory md-supplier (C:\Users\diego\.gradle\caches\7.5\md-supplier)" [_thread_blocked, id=62276, stack(0x000000fcd0100000,0x000000fcd0200000)]
  0x000002def4966800 JavaThread "Cache worker for execution history cache (C:\Users\diego\.gradle\caches\7.5\executionHistory)" [_thread_blocked, id=73500, stack(0x000000fcd0200000,0x000000fcd0300000)]
  0x000002def4968800 JavaThread "jar transforms" [_thread_blocked, id=66276, stack(0x000000fcd0300000,0x000000fcd0400000)]
  0x000002def496a000 JavaThread "jar transforms Thread 2" [_thread_blocked, id=8740, stack(0x000000fcd0400000,0x000000fcd0500000)]
  0x000002def496b800 JavaThread "jar transforms Thread 3" [_thread_blocked, id=72292, stack(0x000000fcd0500000,0x000000fcd0600000)]
  0x000002def496b000 JavaThread "jar transforms Thread 4" [_thread_blocked, id=56328, stack(0x000000fcd0600000,0x000000fcd0700000)]
  0x000002def4966000 JavaThread "Cache worker for dependencies-accessors (C:\Users\diego\AndroidStudioProjects\AppFilmes\.gradle\7.5\dependencies-accessors)" [_thread_blocked, id=47748, stack(0x000000fcd0700000,0x000000fcd0800000)]
  0x000002def496e000 JavaThread "jar transforms Thread 5" [_thread_blocked, id=70176, stack(0x000000fcd0800000,0x000000fcd0900000)]
  0x000002def496c800 JavaThread "Cache worker for Build Output Cleanup Cache (C:\Users\diego\AndroidStudioProjects\AppFilmes\.gradle\buildOutputCleanup)" [_thread_blocked, id=67716, stack(0x000000fcd0900000,0x000000fcd0a00000)]
  0x000002def496f000 JavaThread "Unconstrained build operations" [_thread_blocked, id=65572, stack(0x000000fcd0a00000,0x000000fcd0b00000)]
  0x000002def496d000 JavaThread "Unconstrained build operations Thread 2" [_thread_blocked, id=70688, stack(0x000000fcd0b00000,0x000000fcd0c00000)]
  0x000002def4969000 JavaThread "Unconstrained build operations Thread 3" [_thread_blocked, id=60712, stack(0x000000fcd0c00000,0x000000fcd0d00000)]
  0x000002def4971800 JavaThread "Unconstrained build operations Thread 4" [_thread_blocked, id=67808, stack(0x000000fcd0d00000,0x000000fcd0e00000)]
  0x000002def496f800 JavaThread "Unconstrained build operations Thread 5" [_thread_blocked, id=13988, stack(0x000000fcd0e00000,0x000000fcd0f00000)]
  0x000002def4972000 JavaThread "Unconstrained build operations Thread 6" [_thread_blocked, id=73740, stack(0x000000fcd0f00000,0x000000fcd1000000)]
  0x000002def4973000 JavaThread "Unconstrained build operations Thread 7" [_thread_blocked, id=75892, stack(0x000000fcd1000000,0x000000fcd1100000)]
  0x000002def4970800 JavaThread "Unconstrained build operations Thread 8" [_thread_blocked, id=73608, stack(0x000000fcd1100000,0x000000fcd1200000)]
  0x000002def4974000 JavaThread "Unconstrained build operations Thread 9" [_thread_blocked, id=67936, stack(0x000000fcd1200000,0x000000fcd1300000)]
  0x000002def4fc1800 JavaThread "Unconstrained build operations Thread 10" [_thread_blocked, id=73772, stack(0x000000fcd1300000,0x000000fcd1400000)]
  0x000002def4fbe000 JavaThread "Unconstrained build operations Thread 11" [_thread_blocked, id=73768, stack(0x000000fcd1400000,0x000000fcd1500000)]
  0x000002def4fc2000 JavaThread "Unconstrained build operations Thread 12" [_thread_blocked, id=45324, stack(0x000000fcd1500000,0x000000fcd1600000)]
  0x000002def4fc0000 JavaThread "Unconstrained build operations Thread 13" [_thread_blocked, id=67968, stack(0x000000fcd1600000,0x000000fcd1700000)]
  0x000002def4fbf000 JavaThread "Unconstrained build operations Thread 14" [_thread_blocked, id=17244, stack(0x000000fcd1700000,0x000000fcd1800000)]
  0x000002def4fc3000 JavaThread "Unconstrained build operations Thread 15" [_thread_blocked, id=17740, stack(0x000000fcd1800000,0x000000fcd1900000)]
  0x000002def4fbd800 JavaThread "Unconstrained build operations Thread 16" [_thread_blocked, id=16608, stack(0x000000fcd1900000,0x000000fcd1a00000)]
  0x000002def4fc4000 JavaThread "Unconstrained build operations Thread 17" [_thread_blocked, id=66684, stack(0x000000fcd1a00000,0x000000fcd1b00000)]
  0x000002def4fc5800 JavaThread "Unconstrained build operations Thread 18" [_thread_blocked, id=61596, stack(0x000000fcd1b00000,0x000000fcd1c00000)]
  0x000002def4fc4800 JavaThread "Unconstrained build operations Thread 19" [_thread_blocked, id=66612, stack(0x000000fcd1c00000,0x000000fcd1d00000)]
  0x000002def4fc0800 JavaThread "Unconstrained build operations Thread 20" [_thread_blocked, id=73808, stack(0x000000fcd1d00000,0x000000fcd1e00000)]
  0x000002def4fc6800 JavaThread "Unconstrained build operations Thread 21" [_thread_blocked, id=73804, stack(0x000000fcd1e00000,0x000000fcd1f00000)]
  0x000002def4fc8800 JavaThread "Unconstrained build operations Thread 22" [_thread_blocked, id=53412, stack(0x000000fcd1f00000,0x000000fcd2000000)]
  0x000002def4fc8000 JavaThread "Unconstrained build operations Thread 23" [_thread_blocked, id=61532, stack(0x000000fcd2000000,0x000000fcd2100000)]
  0x000002def4fc9800 JavaThread "Unconstrained build operations Thread 24" [_thread_blocked, id=61516, stack(0x000000fcd2100000,0x000000fcd2200000)]
  0x000002def4fc7000 JavaThread "Unconstrained build operations Thread 25" [_thread_blocked, id=7284, stack(0x000000fcd2200000,0x000000fcd2300000)]
  0x000002def4fca800 JavaThread "Unconstrained build operations Thread 26" [_thread_blocked, id=61472, stack(0x000000fcd2300000,0x000000fcd2400000)]
  0x000002def4fcb000 JavaThread "Unconstrained build operations Thread 27" [_thread_blocked, id=54488, stack(0x000000fcd2400000,0x000000fcd2500000)]
  0x000002def4fcc000 JavaThread "Unconstrained build operations Thread 28" [_thread_blocked, id=62420, stack(0x000000fcd2500000,0x000000fcd2600000)]
  0x000002def6fce800 JavaThread "Unconstrained build operations Thread 29" [_thread_blocked, id=68004, stack(0x000000fcd2600000,0x000000fcd2700000)]
  0x000002def6fcf000 JavaThread "Unconstrained build operations Thread 30" [_thread_blocked, id=40896, stack(0x000000fcd2700000,0x000000fcd2800000)]
  0x000002def6fd0000 JavaThread "Unconstrained build operations Thread 31" [_thread_blocked, id=71728, stack(0x000000fcd2800000,0x000000fcd2900000)]
  0x000002def6fd1000 JavaThread "Unconstrained build operations Thread 32" [_thread_blocked, id=62056, stack(0x000000fcd2900000,0x000000fcd2a00000)]
  0x000002def6fd5800 JavaThread "Unconstrained build operations Thread 33" [_thread_blocked, id=68032, stack(0x000000fcd2a00000,0x000000fcd2b00000)]
  0x000002def6fd5000 JavaThread "Unconstrained build operations Thread 34" [_thread_blocked, id=68080, stack(0x000000fcd2b00000,0x000000fcd2c00000)]
  0x000002def6fd4000 JavaThread "Unconstrained build operations Thread 35" [_thread_blocked, id=73856, stack(0x000000fcd2c00000,0x000000fcd2d00000)]
  0x000002def6fd2800 JavaThread "Unconstrained build operations Thread 36" [_thread_blocked, id=44372, stack(0x000000fcd2d00000,0x000000fcd2e00000)]
  0x000002def6fd7800 JavaThread "Unconstrained build operations Thread 37" [_thread_blocked, id=62528, stack(0x000000fcd2e00000,0x000000fcd2f00000)]
  0x000002def6fd6800 JavaThread "Unconstrained build operations Thread 38" [_thread_blocked, id=73884, stack(0x000000fcd2f00000,0x000000fcd3000000)]
  0x000002def6fd1800 JavaThread "Unconstrained build operations Thread 39" [_thread_blocked, id=68164, stack(0x000000fcd3000000,0x000000fcd3100000)]
  0x000002def6fd8000 JavaThread "Unconstrained build operations Thread 40" [_thread_blocked, id=73916, stack(0x000000fcd3100000,0x000000fcd3200000)]
  0x000002def6fd9000 JavaThread "Unconstrained build operations Thread 41" [_thread_blocked, id=73920, stack(0x000000fcd3200000,0x000000fcd3300000)]
  0x000002def6fd3000 JavaThread "Unconstrained build operations Thread 42" [_thread_blocked, id=25548, stack(0x000000fcd3300000,0x000000fcd3400000)]
  0x000002def6fda800 JavaThread "Unconstrained build operations Thread 43" [_thread_blocked, id=53672, stack(0x000000fcd3400000,0x000000fcd3500000)]
  0x000002def6fd9800 JavaThread "Unconstrained build operations Thread 44" [_thread_blocked, id=1692, stack(0x000000fcd3500000,0x000000fcd3600000)]
  0x000002def6fdb800 JavaThread "Unconstrained build operations Thread 45" [_thread_blocked, id=42908, stack(0x000000fcd3600000,0x000000fcd3700000)]
  0x000002def6fdc000 JavaThread "Unconstrained build operations Thread 46" [_thread_blocked, id=73960, stack(0x000000fcd3700000,0x000000fcd3800000)]
  0x000002def6fdd000 JavaThread "Unconstrained build operations Thread 47" [_thread_blocked, id=73964, stack(0x000000fcd3800000,0x000000fcd3900000)]
  0x000002def47dd800 JavaThread "Unconstrained build operations Thread 48" [_thread_blocked, id=68292, stack(0x000000fcd3900000,0x000000fcd3a00000)]
  0x000002def47dc800 JavaThread "Unconstrained build operations Thread 49" [_thread_blocked, id=73992, stack(0x000000fcd3a00000,0x000000fcd3b00000)]
  0x000002def47de800 JavaThread "Unconstrained build operations Thread 50" [_thread_blocked, id=74016, stack(0x000000fcd3b00000,0x000000fcd3c00000)]
  0x000002def47db000 JavaThread "Unconstrained build operations Thread 51" [_thread_blocked, id=74020, stack(0x000000fcd3c00000,0x000000fcd3d00000)]
  0x000002def47e0000 JavaThread "Unconstrained build operations Thread 52" [_thread_blocked, id=68324, stack(0x000000fcd3d00000,0x000000fcd3e00000)]
  0x000002def47e1000 JavaThread "Unconstrained build operations Thread 53" [_thread_blocked, id=74048, stack(0x000000fcd3e00000,0x000000fcd3f00000)]
  0x000002def47df000 JavaThread "Unconstrained build operations Thread 54" [_thread_blocked, id=74068, stack(0x000000fcd3f00000,0x000000fcd4000000)]
  0x000002def47e1800 JavaThread "Unconstrained build operations Thread 55" [_thread_blocked, id=74088, stack(0x000000fcd4000000,0x000000fcd4100000)]
  0x000002def47dc000 JavaThread "Unconstrained build operations Thread 56" [_thread_blocked, id=74092, stack(0x000000fcd4100000,0x000000fcd4200000)]
  0x000002def47e8000 JavaThread "Unconstrained build operations Thread 57" [_thread_blocked, id=68392, stack(0x000000fcd4200000,0x000000fcd4300000)]
  0x000002def47e7800 JavaThread "Unconstrained build operations Thread 58" [_thread_blocked, id=74108, stack(0x000000fcd4300000,0x000000fcd4400000)]
  0x000002def47e3800 JavaThread "Unconstrained build operations Thread 59" [_thread_blocked, id=74112, stack(0x000000fcd4400000,0x000000fcd4500000)]
  0x000002def47e5000 JavaThread "Unconstrained build operations Thread 60" [_thread_blocked, id=74132, stack(0x000000fcd4500000,0x000000fcd4600000)]
  0x000002def47e2800 JavaThread "Unconstrained build operations Thread 61" [_thread_blocked, id=74136, stack(0x000000fcd4600000,0x000000fcd4700000)]
  0x000002def47e6800 JavaThread "Unconstrained build operations Thread 62" [_thread_blocked, id=6672, stack(0x000000fcd4700000,0x000000fcd4800000)]
  0x000002def47e9000 JavaThread "Unconstrained build operations Thread 63" [_thread_blocked, id=68428, stack(0x000000fcd4800000,0x000000fcd4900000)]
  0x000002def47ea000 JavaThread "Unconstrained build operations Thread 64" [_thread_blocked, id=74164, stack(0x000000fcd4900000,0x000000fcd4a00000)]
  0x000002def47e4000 JavaThread "Unconstrained build operations Thread 65" [_thread_blocked, id=74196, stack(0x000000fcd4a00000,0x000000fcd4b00000)]
  0x000002def47e5800 JavaThread "Unconstrained build operations Thread 66" [_thread_blocked, id=73376, stack(0x000000fcd4b00000,0x000000fcd4c00000)]
  0x000002def7212800 JavaThread "Unconstrained build operations Thread 67" [_thread_blocked, id=68464, stack(0x000000fcd4c00000,0x000000fcd4d00000)]
  0x000002def7215800 JavaThread "Unconstrained build operations Thread 68" [_thread_blocked, id=68492, stack(0x000000fcd4d00000,0x000000fcd4e00000)]
  0x000002def7211800 JavaThread "Unconstrained build operations Thread 69" [_thread_blocked, id=74232, stack(0x000000fcd4e00000,0x000000fcd4f00000)]
  0x000002def7213800 JavaThread "Unconstrained build operations Thread 70" [_thread_blocked, id=74264, stack(0x000000fcd4f00000,0x000000fcd5000000)]
  0x000002def7210000 JavaThread "Unconstrained build operations Thread 71" [_thread_blocked, id=74268, stack(0x000000fcd5000000,0x000000fcd5100000)]
  0x000002def7214000 JavaThread "Unconstrained build operations Thread 72" [_thread_blocked, id=66640, stack(0x000000fcd5100000,0x000000fcd5200000)]
  0x000002def7215000 JavaThread "Unconstrained build operations Thread 73" [_thread_blocked, id=66636, stack(0x000000fcd5200000,0x000000fcd5300000)]
  0x000002def7216800 JavaThread "Unconstrained build operations Thread 74" [_thread_blocked, id=74300, stack(0x000000fcd5300000,0x000000fcd5400000)]
  0x000002def7211000 JavaThread "Unconstrained build operations Thread 75" [_thread_blocked, id=74296, stack(0x000000fcd5400000,0x000000fcd5500000)]
  0x000002def7217800 JavaThread "Unconstrained build operations Thread 76" [_thread_blocked, id=74320, stack(0x000000fcd5500000,0x000000fcd5600000)]
  0x000002def7218000 JavaThread "Unconstrained build operations Thread 77" [_thread_blocked, id=74324, stack(0x000000fcd5600000,0x000000fcd5700000)]
  0x000002def721a800 JavaThread "Unconstrained build operations Thread 78" [_thread_blocked, id=74352, stack(0x000000fcd5700000,0x000000fcd5800000)]
  0x000002def721e800 JavaThread "Unconstrained build operations Thread 79" [_thread_blocked, id=74348, stack(0x000000fcd5800000,0x000000fcd5900000)]
  0x000002def721c000 JavaThread "Unconstrained build operations Thread 80" [_thread_blocked, id=74344, stack(0x000000fcd5900000,0x000000fcd5a00000)]
  0x000002def721d000 JavaThread "jar transforms Thread 6" [_thread_blocked, id=74396, stack(0x000000fcd5a00000,0x000000fcd5b00000)]
  0x000002def721e000 JavaThread "jar transforms Thread 7" [_thread_blocked, id=57580, stack(0x000000fcd5b00000,0x000000fcd5c00000)]
  0x000002def721b800 JavaThread "jar transforms Thread 8" [_thread_blocked, id=57636, stack(0x000000fcd5c00000,0x000000fcd5d00000)]
  0x000002def7219000 JavaThread "build event listener" [_thread_blocked, id=58020, stack(0x000000fcd5d00000,0x000000fcd5e00000)]
  0x000002def721a000 JavaThread "Memory manager" [_thread_blocked, id=74592, stack(0x000000fcd5e00000,0x000000fcd5f00000)]

Other Threads:
  0x000002deefc03800 VMThread "VM Thread" [stack: 0x000000fccda00000,0x000000fccdb00000] [id=55356]
  0x000002def0601800 WatcherThread [stack: 0x000000fcce400000,0x000000fcce500000] [id=39280]
  0x000002ded5766000 GCTaskThread "GC Thread#0" [stack: 0x000000fccd500000,0x000000fccd600000] [id=48148]
  0x000002def14ba000 GCTaskThread "GC Thread#1" [stack: 0x000000fcce500000,0x000000fcce600000] [id=72780]
  0x000002def1285000 GCTaskThread "GC Thread#2" [stack: 0x000000fcce600000,0x000000fcce700000] [id=52624]
  0x000002def24b6800 GCTaskThread "GC Thread#3" [stack: 0x000000fccf200000,0x000000fccf300000] [id=5504]
  0x000002def2493800 GCTaskThread "GC Thread#4" [stack: 0x000000fccf300000,0x000000fccf400000] [id=5228]
  0x000002def24aa000 GCTaskThread "GC Thread#5" [stack: 0x000000fccf400000,0x000000fccf500000] [id=66428]
  0x000002def271b800 GCTaskThread "GC Thread#6" [stack: 0x000000fccf500000,0x000000fccf600000] [id=43156]
  0x000002def276c000 GCTaskThread "GC Thread#7" [stack: 0x000000fccf600000,0x000000fccf700000] [id=44516]
  0x000002ded5799000 ConcurrentGCThread "G1 Main Marker" [stack: 0x000000fccd600000,0x000000fccd700000] [id=25564]
  0x000002ded579b000 ConcurrentGCThread "G1 Conc#0" [stack: 0x000000fccd700000,0x000000fccd800000] [id=10576]
  0x000002def276d800 ConcurrentGCThread "G1 Conc#1" [stack: 0x000000fccfa00000,0x000000fccfb00000] [id=73324]
  0x000002ded581e000 ConcurrentGCThread "G1 Refine#0" [stack: 0x000000fccd800000,0x000000fccd900000] [id=48860]
  0x000002def0f61800 ConcurrentGCThread "G1 Refine#1" [stack: 0x000000fccf700000,0x000000fccf800000] [id=60912]
  0x000002deefa55800 ConcurrentGCThread "G1 Young RemSet Sampling" [stack: 0x000000fccd900000,0x000000fccda00000] [id=43180]

Threads with active compile tasks:
C2 CompilerThread0    10356 5979       4       org.objectweb.asm.Frame::execute (2318 bytes)
C1 CompilerThread0    10356 6099       2       org.objectweb.asm.MethodVisitor::<init> (94 bytes)

VM state:not at safepoint (normal execution)

VM Mutex/Monitor currently owned by a thread: None

Heap address: 0x0000000080000000, size: 2048 MB, Compressed Oops mode: 32-bit
Narrow klass base: 0x0000000000000000, Narrow klass shift: 3
Compressed class space size: 1073741824 Address: 0x0000000100000000

Heap:
 garbage-first heap   total 155648K, used 90963K [0x0000000080000000, 0x0000000100000000)
  region size 1024K, 42 young (43008K), 3 survivors (3072K)
 Metaspace       used 62404K, capacity 64025K, committed 64168K, reserved 1105920K
  class space    used 7898K, capacity 8523K, committed 8576K, reserved 1048576K
Heap Regions: E=young(eden), S=young(survivor), O=old, HS=humongous(starts), HC=humongous(continues), CS=collection set, F=free, A=archive, TAMS=top-at-mark-start (previous, next)
|   0|0x0000000080000000, 0x0000000080100000, 0x0000000080100000|100%| O|  |TAMS 0x0000000080100000, 0x0000000080000000| Untracked 
|   1|0x0000000080100000, 0x0000000080200000, 0x0000000080200000|100%| O|  |TAMS 0x0000000080200000, 0x0000000080100000| Untracked 
|   2|0x0000000080200000, 0x0000000080300000, 0x0000000080300000|100%| O|  |TAMS 0x0000000080300000, 0x0000000080200000| Untracked 
|   3|0x0000000080300000, 0x0000000080400000, 0x0000000080400000|100%|HS|  |TAMS 0x0000000080400000, 0x0000000080300000| Complete 
|   4|0x0000000080400000, 0x0000000080500000, 0x0000000080500000|100%|HC|  |TAMS 0x0000000080500000, 0x0000000080400000| Complete 
|   5|0x0000000080500000, 0x0000000080600000, 0x0000000080600000|100%|HC|  |TAMS 0x0000000080600000, 0x0000000080500000| Complete 
|   6|0x0000000080600000, 0x0000000080700000, 0x0000000080700000|100%| O|  |TAMS 0x0000000080700000, 0x0000000080600000| Untracked 
|   7|0x0000000080700000, 0x0000000080800000, 0x0000000080800000|100%| O|  |TAMS 0x0000000080800000, 0x0000000080700000| Untracked 
|   8|0x0000000080800000, 0x0000000080900000, 0x0000000080900000|100%| O|  |TAMS 0x0000000080900000, 0x0000000080800000| Untracked 
|   9|0x0000000080900000, 0x0000000080a00000, 0x0000000080a00000|100%| O|  |TAMS 0x0000000080a00000, 0x0000000080900000| Untracked 
|  10|0x0000000080a00000, 0x0000000080b00000, 0x0000000080b00000|100%| O|  |TAMS 0x0000000080b00000, 0x0000000080a00000| Untracked 
|  11|0x0000000080b00000, 0x0000000080c00000, 0x0000000080c00000|100%| O|  |TAMS 0x0000000080c00000, 0x0000000080b00000| Untracked 
|  12|0x0000000080c00000, 0x0000000080d00000, 0x0000000080d00000|100%| O|  |TAMS 0x0000000080d00000, 0x0000000080c00000| Untracked 
|  13|0x0000000080d00000, 0x0000000080e00000, 0x0000000080e00000|100%| O|  |TAMS 0x0000000080e00000, 0x0000000080d00000| Untracked 
|  14|0x0000000080e00000, 0x0000000080f00000, 0x0000000080f00000|100%| O|  |TAMS 0x0000000080f00000, 0x0000000080e00000| Untracked 
|  15|0x0000000080f00000, 0x0000000081000000, 0x0000000081000000|100%| O|  |TAMS 0x0000000081000000, 0x0000000080f00000| Untracked 
|  16|0x0000000081000000, 0x0000000081100000, 0x0000000081100000|100%| O|  |TAMS 0x0000000081100000, 0x0000000081000000| Untracked 
|  17|0x0000000081100000, 0x0000000081200000, 0x0000000081200000|100%| O|  |TAMS 0x0000000081200000, 0x0000000081100000| Untracked 
|  18|0x0000000081200000, 0x0000000081300000, 0x0000000081300000|100%| O|  |TAMS 0x0000000081300000, 0x0000000081200000| Untracked 
|  19|0x0000000081300000, 0x0000000081400000, 0x0000000081400000|100%| O|  |TAMS 0x0000000081400000, 0x0000000081300000| Untracked 
|  20|0x0000000081400000, 0x0000000081500000, 0x0000000081500000|100%| O|  |TAMS 0x0000000081500000, 0x0000000081400000| Untracked 
|  21|0x0000000081500000, 0x0000000081600000, 0x0000000081600000|100%| O|  |TAMS 0x0000000081600000, 0x0000000081500000| Untracked 
|  22|0x0000000081600000, 0x0000000081700000, 0x0000000081700000|100%| O|  |TAMS 0x0000000081700000, 0x0000000081600000| Untracked 
|  23|0x0000000081700000, 0x0000000081800000, 0x0000000081800000|100%| O|  |TAMS 0x0000000081800000, 0x0000000081700000| Untracked 
|  24|0x0000000081800000, 0x0000000081900000, 0x0000000081900000|100%| O|  |TAMS 0x0000000081900000, 0x0000000081800000| Untracked 
|  25|0x0000000081900000, 0x0000000081a00000, 0x0000000081a00000|100%| O|  |TAMS 0x0000000081a00000, 0x0000000081900000| Untracked 
|  26|0x0000000081a00000, 0x0000000081b00000, 0x0000000081b00000|100%| O|  |TAMS 0x0000000081b00000, 0x0000000081a00000| Untracked 
|  27|0x0000000081b00000, 0x0000000081c00000, 0x0000000081c00000|100%| O|  |TAMS 0x0000000081c00000, 0x0000000081b00000| Untracked 
|  28|0x0000000081c00000, 0x0000000081d00000, 0x0000000081d00000|100%|HS|  |TAMS 0x0000000081d00000, 0x0000000081c00000| Complete 
|  29|0x0000000081d00000, 0x0000000081e00000, 0x0000000081e00000|100%|HS|  |TAMS 0x0000000081e00000, 0x0000000081d00000| Complete 
|  30|0x0000000081e00000, 0x0000000081f00000, 0x0000000081f00000|100%| O|  |TAMS 0x0000000081f00000, 0x0000000081e00000| Untracked 
|  31|0x0000000081f00000, 0x0000000082000000, 0x0000000082000000|100%| O|  |TAMS 0x0000000082000000, 0x0000000081f00000| Untracked 
|  32|0x0000000082000000, 0x0000000082100000, 0x0000000082100000|100%| O|  |TAMS 0x0000000082100000, 0x0000000082000000| Untracked 
|  33|0x0000000082100000, 0x0000000082200000, 0x0000000082200000|100%| O|  |TAMS 0x0000000082200000, 0x0000000082100000| Untracked 
|  34|0x0000000082200000, 0x0000000082300000, 0x0000000082300000|100%| O|  |TAMS 0x0000000082300000, 0x0000000082200000| Untracked 
|  35|0x0000000082300000, 0x0000000082400000, 0x0000000082400000|100%| O|  |TAMS 0x0000000082400000, 0x0000000082300000| Untracked 
|  36|0x0000000082400000, 0x0000000082500000, 0x0000000082500000|100%| O|  |TAMS 0x0000000082500000, 0x0000000082400000| Untracked 
|  37|0x0000000082500000, 0x0000000082600000, 0x0000000082600000|100%| O|  |TAMS 0x0000000082600000, 0x0000000082500000| Untracked 
|  38|0x0000000082600000, 0x0000000082700000, 0x0000000082700000|100%| O|  |TAMS 0x0000000082700000, 0x0000000082600000| Untracked 
|  39|0x0000000082700000, 0x0000000082800000, 0x0000000082800000|100%| O|  |TAMS 0x0000000082800000, 0x0000000082700000| Untracked 
|  40|0x0000000082800000, 0x0000000082900000, 0x0000000082900000|100%| O|  |TAMS 0x0000000082900000, 0x0000000082800000| Untracked 
|  41|0x0000000082900000, 0x00000000829ad600, 0x0000000082a00000| 67%| O|  |TAMS 0x00000000829ad600, 0x0000000082900000| Untracked 
|  42|0x0000000082a00000, 0x0000000082b00000, 0x0000000082b00000|100%|HS|  |TAMS 0x0000000082a00000, 0x0000000082a00000| Complete 
|  43|0x0000000082b00000, 0x0000000082c00000, 0x0000000082c00000|100%|HS|  |TAMS 0x0000000082b00000, 0x0000000082b00000| Complete 
|  44|0x0000000082c00000, 0x0000000082d00000, 0x0000000082d00000|100%|HS|  |TAMS 0x0000000082c00000, 0x0000000082c00000| Complete 
|  45|0x0000000082d00000, 0x0000000082e00000, 0x0000000082e00000|100%|HS|  |TAMS 0x0000000082d00000, 0x0000000082d00000| Complete 
|  46|0x0000000082e00000, 0x0000000082f00000, 0x0000000082f00000|100%|HS|  |TAMS 0x0000000082e00000, 0x0000000082e00000| Complete 
|  47|0x0000000082f00000, 0x0000000083000000, 0x0000000083000000|100%|HS|  |TAMS 0x0000000082f00000, 0x0000000082f00000| Complete 
|  48|0x0000000083000000, 0x0000000083100000, 0x0000000083100000|100%|HS|  |TAMS 0x0000000083000000, 0x0000000083000000| Complete 
|  49|0x0000000083100000, 0x0000000083100000, 0x0000000083200000|  0%| F|  |TAMS 0x0000000083100000, 0x0000000083100000| Untracked 
|  50|0x0000000083200000, 0x0000000083200000, 0x0000000083300000|  0%| F|  |TAMS 0x0000000083200000, 0x0000000083200000| Untracked 
|  51|0x0000000083300000, 0x0000000083300000, 0x0000000083400000|  0%| F|  |TAMS 0x0000000083300000, 0x0000000083300000| Untracked 
|  52|0x0000000083400000, 0x0000000083400000, 0x0000000083500000|  0%| F|  |TAMS 0x0000000083400000, 0x0000000083400000| Untracked 
|  53|0x0000000083500000, 0x0000000083500000, 0x0000000083600000|  0%| F|  |TAMS 0x0000000083500000, 0x0000000083500000| Untracked 
|  54|0x0000000083600000, 0x0000000083600000, 0x0000000083700000|  0%| F|  |TAMS 0x0000000083600000, 0x0000000083600000| Untracked 
|  55|0x0000000083700000, 0x0000000083700000, 0x0000000083800000|  0%| F|  |TAMS 0x0000000083700000, 0x0000000083700000| Untracked 
|  56|0x0000000083800000, 0x0000000083800000, 0x0000000083900000|  0%| F|  |TAMS 0x0000000083800000, 0x0000000083800000| Untracked 
|  57|0x0000000083900000, 0x0000000083900000, 0x0000000083a00000|  0%| F|  |TAMS 0x0000000083900000, 0x0000000083900000| Untracked 
|  58|0x0000000083a00000, 0x0000000083a00000, 0x0000000083b00000|  0%| F|  |TAMS 0x0000000083a00000, 0x0000000083a00000| Untracked 
|  59|0x0000000083b00000, 0x0000000083b00000, 0x0000000083c00000|  0%| F|  |TAMS 0x0000000083b00000, 0x0000000083b00000| Untracked 
|  60|0x0000000083c00000, 0x0000000083c00000, 0x0000000083d00000|  0%| F|  |TAMS 0x0000000083c00000, 0x0000000083c00000| Untracked 
|  61|0x0000000083d00000, 0x0000000083d00000, 0x0000000083e00000|  0%| F|  |TAMS 0x0000000083d00000, 0x0000000083d00000| Untracked 
|  62|0x0000000083e00000, 0x0000000083e00000, 0x0000000083f00000|  0%| F|  |TAMS 0x0000000083e00000, 0x0000000083e00000| Untracked 
|  63|0x0000000083f00000, 0x0000000083f00000, 0x0000000084000000|  0%| F|  |TAMS 0x0000000083f00000, 0x0000000083f00000| Untracked 
|  64|0x0000000084000000, 0x0000000084000000, 0x0000000084100000|  0%| F|  |TAMS 0x0000000084000000, 0x0000000084000000| Untracked 
|  65|0x0000000084100000, 0x0000000084100000, 0x0000000084200000|  0%| F|  |TAMS 0x0000000084100000, 0x0000000084100000| Untracked 
|  66|0x0000000084200000, 0x0000000084200000, 0x0000000084300000|  0%| F|  |TAMS 0x0000000084200000, 0x0000000084200000| Untracked 
|  67|0x0000000084300000, 0x0000000084300000, 0x0000000084400000|  0%| F|  |TAMS 0x0000000084300000, 0x0000000084300000| Untracked 
|  68|0x0000000084400000, 0x0000000084400000, 0x0000000084500000|  0%| F|  |TAMS 0x0000000084400000, 0x0000000084400000| Untracked 
|  69|0x0000000084500000, 0x0000000084500000, 0x0000000084600000|  0%| F|  |TAMS 0x0000000084500000, 0x0000000084500000| Untracked 
|  70|0x0000000084600000, 0x0000000084600000, 0x0000000084700000|  0%| F|  |TAMS 0x0000000084600000, 0x0000000084600000| Untracked 
|  71|0x0000000084700000, 0x0000000084700000, 0x0000000084800000|  0%| F|  |TAMS 0x0000000084700000, 0x0000000084700000| Untracked 
|  72|0x0000000084800000, 0x0000000084800000, 0x0000000084900000|  0%| F|  |TAMS 0x0000000084800000, 0x0000000084800000| Untracked 
|  73|0x0000000084900000, 0x0000000084900000, 0x0000000084a00000|  0%| F|  |TAMS 0x0000000084900000, 0x0000000084900000| Untracked 
|  74|0x0000000084a00000, 0x0000000084a00000, 0x0000000084b00000|  0%| F|  |TAMS 0x0000000084a00000, 0x0000000084a00000| Untracked 
|  75|0x0000000084b00000, 0x0000000084b00000, 0x0000000084c00000|  0%| F|  |TAMS 0x0000000084b00000, 0x0000000084b00000| Untracked 
|  76|0x0000000084c00000, 0x0000000084c00000, 0x0000000084d00000|  0%| F|  |TAMS 0x0000000084c00000, 0x0000000084c00000| Untracked 
|  77|0x0000000084d00000, 0x0000000084d00000, 0x0000000084e00000|  0%| F|  |TAMS 0x0000000084d00000, 0x0000000084d00000| Untracked 
|  78|0x0000000084e00000, 0x0000000084e00000, 0x0000000084f00000|  0%| F|  |TAMS 0x0000000084e00000, 0x0000000084e00000| Untracked 
|  79|0x0000000084f00000, 0x0000000084f00000, 0x0000000085000000|  0%| F|  |TAMS 0x0000000084f00000, 0x0000000084f00000| Untracked 
|  80|0x0000000085000000, 0x0000000085000000, 0x0000000085100000|  0%| F|  |TAMS 0x0000000085000000, 0x0000000085000000| Untracked 
|  81|0x0000000085100000, 0x0000000085100000, 0x0000000085200000|  0%| F|  |TAMS 0x0000000085100000, 0x0000000085100000| Untracked 
|  82|0x0000000085200000, 0x0000000085200000, 0x0000000085300000|  0%| F|  |TAMS 0x0000000085200000, 0x0000000085200000| Untracked 
|  83|0x0000000085300000, 0x0000000085300000, 0x0000000085400000|  0%| F|  |TAMS 0x0000000085300000, 0x0000000085300000| Untracked 
|  84|0x0000000085400000, 0x0000000085400000, 0x0000000085500000|  0%| F|  |TAMS 0x0000000085400000, 0x0000000085400000| Untracked 
|  85|0x0000000085500000, 0x0000000085500000, 0x0000000085600000|  0%| F|  |TAMS 0x0000000085500000, 0x0000000085500000| Untracked 
|  86|0x0000000085600000, 0x0000000085600000, 0x0000000085700000|  0%| F|  |TAMS 0x0000000085600000, 0x0000000085600000| Untracked 
|  87|0x0000000085700000, 0x0000000085700000, 0x0000000085800000|  0%| F|  |TAMS 0x0000000085700000, 0x0000000085700000| Untracked 
|  88|0x0000000085800000, 0x0000000085800000, 0x0000000085900000|  0%| F|  |TAMS 0x0000000085800000, 0x0000000085800000| Untracked 
|  89|0x0000000085900000, 0x0000000085900000, 0x0000000085a00000|  0%| F|  |TAMS 0x0000000085900000, 0x0000000085900000| Untracked 
|  90|0x0000000085a00000, 0x0000000085a00000, 0x0000000085b00000|  0%| F|  |TAMS 0x0000000085a00000, 0x0000000085a00000| Untracked 
|  91|0x0000000085b00000, 0x0000000085b00000, 0x0000000085c00000|  0%| F|  |TAMS 0x0000000085b00000, 0x0000000085b00000| Untracked 
|  92|0x0000000085c00000, 0x0000000085c00000, 0x0000000085d00000|  0%| F|  |TAMS 0x0000000085c00000, 0x0000000085c00000| Untracked 
|  93|0x0000000085d00000, 0x0000000085d00000, 0x0000000085e00000|  0%| F|  |TAMS 0x0000000085d00000, 0x0000000085d00000| Untracked 
|  94|0x0000000085e00000, 0x0000000085e00000, 0x0000000085f00000|  0%| F|  |TAMS 0x0000000085e00000, 0x0000000085e00000| Untracked 
|  95|0x0000000085f00000, 0x0000000085f00000, 0x0000000086000000|  0%| F|  |TAMS 0x0000000085f00000, 0x0000000085f00000| Untracked 
|  96|0x0000000086000000, 0x0000000086000000, 0x0000000086100000|  0%| F|  |TAMS 0x0000000086000000, 0x0000000086000000| Untracked 
|  97|0x0000000086100000, 0x0000000086100000, 0x0000000086200000|  0%| F|  |TAMS 0x0000000086100000, 0x0000000086100000| Untracked 
|  98|0x0000000086200000, 0x0000000086200000, 0x0000000086300000|  0%| F|  |TAMS 0x0000000086200000, 0x0000000086200000| Untracked 
|  99|0x0000000086300000, 0x0000000086300000, 0x0000000086400000|  0%| F|  |TAMS 0x0000000086300000, 0x0000000086300000| Untracked 
| 100|0x0000000086400000, 0x0000000086400000, 0x0000000086500000|  0%| F|  |TAMS 0x0000000086400000, 0x0000000086400000| Untracked 
| 101|0x0000000086500000, 0x0000000086500000, 0x0000000086600000|  0%| F|  |TAMS 0x0000000086500000, 0x0000000086500000| Untracked 
| 102|0x0000000086600000, 0x0000000086600000, 0x0000000086700000|  0%| F|  |TAMS 0x0000000086600000, 0x0000000086600000| Untracked 
| 103|0x0000000086700000, 0x0000000086700000, 0x0000000086800000|  0%| F|  |TAMS 0x0000000086700000, 0x0000000086700000| Untracked 
| 104|0x0000000086800000, 0x0000000086800000, 0x0000000086900000|  0%| F|  |TAMS 0x0000000086800000, 0x0000000086800000| Untracked 
| 105|0x0000000086900000, 0x0000000086900000, 0x0000000086a00000|  0%| F|  |TAMS 0x0000000086900000, 0x0000000086900000| Untracked 
| 106|0x0000000086a00000, 0x0000000086a00000, 0x0000000086b00000|  0%| F|  |TAMS 0x0000000086a00000, 0x0000000086a00000| Untracked 
| 107|0x0000000086b00000, 0x0000000086b00000, 0x0000000086c00000|  0%| F|  |TAMS 0x0000000086b00000, 0x0000000086b00000| Untracked 
| 108|0x0000000086c00000, 0x0000000086c00000, 0x0000000086d00000|  0%| F|  |TAMS 0x0000000086c00000, 0x0000000086c00000| Untracked 
| 109|0x0000000086d00000, 0x0000000086d80800, 0x0000000086e00000| 50%| E|  |TAMS 0x0000000086d00000, 0x0000000086d00000| Complete 
| 110|0x0000000086e00000, 0x0000000086f00000, 0x0000000086f00000|100%| E|CS|TAMS 0x0000000086e00000, 0x0000000086e00000| Complete 
| 111|0x0000000086f00000, 0x0000000087000000, 0x0000000087000000|100%| E|CS|TAMS 0x0000000086f00000, 0x0000000086f00000| Complete 
| 112|0x0000000087000000, 0x0000000087100000, 0x0000000087100000|100%| E|CS|TAMS 0x0000000087000000, 0x0000000087000000| Complete 
| 113|0x0000000087100000, 0x0000000087200000, 0x0000000087200000|100%| E|CS|TAMS 0x0000000087100000, 0x0000000087100000| Complete 
| 114|0x0000000087200000, 0x0000000087300000, 0x0000000087300000|100%| E|CS|TAMS 0x0000000087200000, 0x0000000087200000| Complete 
| 115|0x0000000087300000, 0x0000000087400000, 0x0000000087400000|100%| E|CS|TAMS 0x0000000087300000, 0x0000000087300000| Complete 
| 116|0x0000000087400000, 0x0000000087500000, 0x0000000087500000|100%| E|CS|TAMS 0x0000000087400000, 0x0000000087400000| Complete 
| 117|0x0000000087500000, 0x0000000087600000, 0x0000000087600000|100%| E|CS|TAMS 0x0000000087500000, 0x0000000087500000| Complete 
| 118|0x0000000087600000, 0x0000000087700000, 0x0000000087700000|100%| E|CS|TAMS 0x0000000087600000, 0x0000000087600000| Complete 
| 119|0x0000000087700000, 0x0000000087800000, 0x0000000087800000|100%| E|CS|TAMS 0x0000000087700000, 0x0000000087700000| Complete 
| 120|0x0000000087800000, 0x0000000087900000, 0x0000000087900000|100%| E|CS|TAMS 0x0000000087800000, 0x0000000087800000| Complete 
| 121|0x0000000087900000, 0x0000000087a00000, 0x0000000087a00000|100%| E|CS|TAMS 0x0000000087900000, 0x0000000087900000| Complete 
| 122|0x0000000087a00000, 0x0000000087b00000, 0x0000000087b00000|100%| E|CS|TAMS 0x0000000087a00000, 0x0000000087a00000| Complete 
| 123|0x0000000087b00000, 0x0000000087c00000, 0x0000000087c00000|100%| E|CS|TAMS 0x0000000087b00000, 0x0000000087b00000| Complete 
| 124|0x0000000087c00000, 0x0000000087d00000, 0x0000000087d00000|100%| E|CS|TAMS 0x0000000087c00000, 0x0000000087c00000| Complete 
| 125|0x0000000087d00000, 0x0000000087e00000, 0x0000000087e00000|100%| E|CS|TAMS 0x0000000087d00000, 0x0000000087d00000| Complete 
| 126|0x0000000087e00000, 0x0000000087f00000, 0x0000000087f00000|100%| E|CS|TAMS 0x0000000087e00000, 0x0000000087e00000| Complete 
| 127|0x0000000087f00000, 0x0000000088000000, 0x0000000088000000|100%| E|CS|TAMS 0x0000000087f00000, 0x0000000087f00000| Complete 
| 128|0x0000000088000000, 0x0000000088100000, 0x0000000088100000|100%| E|CS|TAMS 0x0000000088000000, 0x0000000088000000| Complete 
| 129|0x0000000088100000, 0x0000000088200000, 0x0000000088200000|100%| E|CS|TAMS 0x0000000088100000, 0x0000000088100000| Complete 
| 130|0x0000000088200000, 0x0000000088300000, 0x0000000088300000|100%| E|CS|TAMS 0x0000000088200000, 0x0000000088200000| Complete 
| 131|0x0000000088300000, 0x0000000088400000, 0x0000000088400000|100%| E|CS|TAMS 0x0000000088300000, 0x0000000088300000| Complete 
| 132|0x0000000088400000, 0x0000000088500000, 0x0000000088500000|100%| E|CS|TAMS 0x0000000088400000, 0x0000000088400000| Complete 
| 133|0x0000000088500000, 0x0000000088600000, 0x0000000088600000|100%| E|CS|TAMS 0x0000000088500000, 0x0000000088500000| Complete 
| 134|0x0000000088600000, 0x0000000088700000, 0x0000000088700000|100%| E|CS|TAMS 0x0000000088600000, 0x0000000088600000| Complete 
| 135|0x0000000088700000, 0x0000000088800000, 0x0000000088800000|100%| E|CS|TAMS 0x0000000088700000, 0x0000000088700000| Complete 
| 136|0x0000000088800000, 0x0000000088900000, 0x0000000088900000|100%| E|CS|TAMS 0x0000000088800000, 0x0000000088800000| Complete 
| 137|0x0000000088900000, 0x0000000088a00000, 0x0000000088a00000|100%| E|CS|TAMS 0x0000000088900000, 0x0000000088900000| Complete 
| 138|0x0000000088a00000, 0x0000000088a27828, 0x0000000088b00000| 15%| S|CS|TAMS 0x0000000088a00000, 0x0000000088a00000| Complete 
| 139|0x0000000088b00000, 0x0000000088c00000, 0x0000000088c00000|100%| S|CS|TAMS 0x0000000088b00000, 0x0000000088b00000| Complete 
| 140|0x0000000088c00000, 0x0000000088d00000, 0x0000000088d00000|100%| S|CS|TAMS 0x0000000088c00000, 0x0000000088c00000| Complete 
| 141|0x0000000088d00000, 0x0000000088e00000, 0x0000000088e00000|100%| E|CS|TAMS 0x0000000088d00000, 0x0000000088d00000| Complete 
| 142|0x0000000088e00000, 0x0000000088f00000, 0x0000000088f00000|100%| E|CS|TAMS 0x0000000088e00000, 0x0000000088e00000| Complete 
| 143|0x0000000088f00000, 0x0000000089000000, 0x0000000089000000|100%| E|CS|TAMS 0x0000000088f00000, 0x0000000088f00000| Complete 
| 144|0x0000000089000000, 0x0000000089100000, 0x0000000089100000|100%| E|CS|TAMS 0x0000000089000000, 0x0000000089000000| Complete 
| 145|0x0000000089100000, 0x0000000089200000, 0x0000000089200000|100%| E|CS|TAMS 0x0000000089100000, 0x0000000089100000| Complete 
| 146|0x0000000089200000, 0x0000000089300000, 0x0000000089300000|100%| E|CS|TAMS 0x0000000089200000, 0x0000000089200000| Complete 
| 147|0x0000000089300000, 0x0000000089400000, 0x0000000089400000|100%| E|CS|TAMS 0x0000000089300000, 0x0000000089300000| Complete 
| 148|0x0000000089400000, 0x0000000089500000, 0x0000000089500000|100%| E|CS|TAMS 0x0000000089400000, 0x0000000089400000| Complete 
| 149|0x0000000089500000, 0x0000000089600000, 0x0000000089600000|100%| E|CS|TAMS 0x0000000089500000, 0x0000000089500000| Complete 
| 150|0x0000000089600000, 0x0000000089700000, 0x0000000089700000|100%| E|CS|TAMS 0x0000000089600000, 0x0000000089600000| Complete 
| 151|0x0000000089700000, 0x0000000089800000, 0x0000000089800000|100%| E|CS|TAMS 0x0000000089700000, 0x0000000089700000| Complete 

Card table byte_map: [0x000002dee89b0000,0x000002dee8db0000] _byte_map_base: 0x000002dee85b0000

Marking Bits (Prev, Next): (CMBitMap*) 0x000002ded57904b0, (CMBitMap*) 0x000002ded5790478
 Prev Bits: [0x000002deeb1b0000, 0x000002deed1b0000)
 Next Bits: [0x000002dee91b0000, 0x000002deeb1b0000)

Polling page: 0x000002ded3710000

Metaspace:

Usage:
  Non-class:     54.20 MB capacity,    53.25 MB ( 98%) used,   800.30 KB (  1%) free+waste,   174.88 KB ( <1%) overhead. 
      Class:      8.32 MB capacity,     7.72 MB ( 93%) used,   538.06 KB (  6%) free+waste,    83.50 KB ( <1%) overhead. 
       Both:     62.52 MB capacity,    60.97 MB ( 98%) used,     1.31 MB (  2%) free+waste,   258.38 KB ( <1%) overhead. 

Virtual space:
  Non-class space:       56.00 MB reserved,      54.29 MB ( 97%) committed 
      Class space:        1.00 GB reserved,       8.38 MB ( <1%) committed 
             Both:        1.05 GB reserved,      62.66 MB (  6%) committed 

Chunk freelists:
   Non-Class:  26.00 KB
       Class:  21.00 KB
        Both:  47.00 KB

MaxMetaspaceSize: 17179869184.00 GB
CompressedClassSpaceSize: 1.00 GB
Initial GC threshold: 20.80 MB
Current GC threshold: 99.65 MB
CDS: off

CodeHeap 'non-profiled nmethods': size=120000Kb used=2666Kb max_used=2666Kb free=117333Kb
 bounds [0x000002dee0d40000, 0x000002dee0fe0000, 0x000002dee8270000]
CodeHeap 'profiled nmethods': size=120000Kb used=12123Kb max_used=12123Kb free=107876Kb
 bounds [0x000002ded9810000, 0x000002deda3f0000, 0x000002dee0d40000]
CodeHeap 'non-nmethods': size=5760Kb used=2346Kb max_used=2378Kb free=3413Kb
 bounds [0x000002ded9270000, 0x000002ded94e0000, 0x000002ded9810000]
 total_blobs=6882 nmethods=6019 adapters=774
 compilation: enabled
              stopped_count=0, restarted_count=0
 full_count=0

Compilation events (20 events):
Event: 10.283 Thread 0x000002def0492800 nmethod 6051 0x000002deda3bc990 code [0x000002deda3bcce0, 0x000002deda3be1b8]
Event: 10.283 Thread 0x000002def0492800 6053       3       org.objectweb.asm.Handler::getExceptionTableLength (21 bytes)
Event: 10.283 Thread 0x000002def0492800 nmethod 6053 0x000002deda3be990 code [0x000002deda3beb40, 0x000002deda3becd8]
Event: 10.283 Thread 0x000002def0492800 6050       3       org.objectweb.asm.Frame::pop (42 bytes)
Event: 10.283 Thread 0x000002def0492800 nmethod 6050 0x000002deda3bee10 code [0x000002deda3befc0, 0x000002deda3bf158]
Event: 10.283 Thread 0x000002def0492800 6047       3       org.objectweb.asm.Frame::getAbstractTypeFromDescriptor (415 bytes)
Event: 10.284 Thread 0x000002def0492800 nmethod 6047 0x000002deda3bf210 code [0x000002deda3bf5c0, 0x000002deda3c1158]
Event: 10.284 Thread 0x000002def0492800 6055       3       sun.reflect.annotation.AnnotationParser::parseStringArray (85 bytes)
Event: 10.285 Thread 0x000002def0492800 nmethod 6055 0x000002deda3c1a90 code [0x000002deda3c1d20, 0x000002deda3c2808]
Event: 10.285 Thread 0x000002def0492800 6045       3       org.objectweb.asm.Type::getDescriptor (93 bytes)
Event: 10.286 Thread 0x000002def0492800 nmethod 6045 0x000002deda3c2c90 code [0x000002deda3c2f20, 0x000002deda3c3888]
Event: 10.286 Thread 0x000002def0492800 6052       1       org.objectweb.asm.MethodWriter::hasAsmInstructions (5 bytes)
Event: 10.286 Thread 0x000002def0492800 nmethod 6052 0x000002dee0fd9010 code [0x000002dee0fd91c0, 0x000002dee0fd9278]
Event: 10.286 Thread 0x000002def0492800 6054       1       sun.reflect.generics.tree.ClassSignature::getSuperInterfaces (5 bytes)
Event: 10.286 Thread 0x000002def0492800 nmethod 6054 0x000002dee0fd9310 code [0x000002dee0fd94c0, 0x000002dee0fd9578]
Event: 10.294 Thread 0x000002def0492800 6056       3       org.objectweb.asm.AnnotationWriter::visitEnd (44 bytes)
Event: 10.294 Thread 0x000002def0492800 nmethod 6056 0x000002deda3c3c10 code [0x000002deda3c3dc0, 0x000002deda3c3f58]
Event: 10.295 Thread 0x000002def0492800 6057       3       org.gradle.internal.instantiation.generator.AsmBackedClassGenerator$ClassBuilderImpl::access$5800 (4 bytes)
Event: 10.295 Thread 0x000002def0492800 nmethod 6057 0x000002deda3c4090 code [0x000002deda3c4240, 0x000002deda3c4338]
Event: 10.296 Thread 0x000002def0492800 6058   !   3       org.gradle.internal.instantiation.generator.AbstractClassGenerator::generateUnderLock (702 bytes)

GC Heap History (20 events):
Event: 3.088 GC heap before
{Heap before GC invocations=1 (full 0):
 garbage-first heap   total 129024K, used 83855K [0x0000000080000000, 0x0000000100000000)
  region size 1024K, 75 young (76800K), 3 survivors (3072K)
 Metaspace       used 18108K, capacity 18498K, committed 18688K, reserved 1064960K
  class space    used 2128K, capacity 2279K, committed 2304K, reserved 1048576K
}
Event: 3.098 GC heap after
{Heap after GC invocations=2 (full 0):
 garbage-first heap   total 129024K, used 16523K [0x0000000080000000, 0x0000000100000000)
  region size 1024K, 10 young (10240K), 10 survivors (10240K)
 Metaspace       used 18108K, capacity 18498K, committed 18688K, reserved 1064960K
  class space    used 2128K, capacity 2279K, committed 2304K, reserved 1048576K
}
Event: 3.434 GC heap before
{Heap before GC invocations=2 (full 0):
 garbage-first heap   total 129024K, used 40075K [0x0000000080000000, 0x0000000100000000)
  region size 1024K, 34 young (34816K), 10 survivors (10240K)
 Metaspace       used 20802K, capacity 21189K, committed 21296K, reserved 1069056K
  class space    used 2527K, capacity 2687K, committed 2688K, reserved 1048576K
}
Event: 3.444 GC heap after
{Heap after GC invocations=3 (full 0):
 garbage-first heap   total 129024K, used 17418K [0x0000000080000000, 0x0000000100000000)
  region size 1024K, 1 young (1024K), 1 survivors (1024K)
 Metaspace       used 20802K, capacity 21189K, committed 21296K, reserved 1069056K
  class space    used 2527K, capacity 2687K, committed 2688K, reserved 1048576K
}
Event: 4.188 GC heap before
{Heap before GC invocations=4 (full 0):
 garbage-first heap   total 129024K, used 65546K [0x0000000080000000, 0x0000000100000000)
  region size 1024K, 48 young (49152K), 1 survivors (1024K)
 Metaspace       used 25788K, capacity 26369K, committed 26624K, reserved 1073152K
  class space    used 3339K, capacity 3549K, committed 3584K, reserved 1048576K
}
Event: 4.191 GC heap after
{Heap after GC invocations=5 (full 0):
 garbage-first heap   total 129024K, used 19058K [0x0000000080000000, 0x0000000100000000)
  region size 1024K, 3 young (3072K), 3 survivors (3072K)
 Metaspace       used 25788K, capacity 26369K, committed 26624K, reserved 1073152K
  class space    used 3339K, capacity 3549K, committed 3584K, reserved 1048576K
}
Event: 4.976 GC heap before
{Heap before GC invocations=5 (full 0):
 garbage-first heap   total 129024K, used 71282K [0x0000000080000000, 0x0000000100000000)
  region size 1024K, 54 young (55296K), 3 survivors (3072K)
 Metaspace       used 30493K, capacity 31195K, committed 31360K, reserved 1077248K
  class space    used 4074K, capacity 4355K, committed 4480K, reserved 1048576K
}
Event: 4.981 GC heap after
{Heap after GC invocations=6 (full 0):
 garbage-first heap   total 129024K, used 20619K [0x0000000080000000, 0x0000000100000000)
  region size 1024K, 5 young (5120K), 5 survivors (5120K)
 Metaspace       used 30493K, capacity 31195K, committed 31360K, reserved 1077248K
  class space    used 4074K, capacity 4355K, committed 4480K, reserved 1048576K
}
Event: 5.493 GC heap before
{Heap before GC invocations=6 (full 0):
 garbage-first heap   total 129024K, used 42123K [0x0000000080000000, 0x0000000100000000)
  region size 1024K, 27 young (27648K), 5 survivors (5120K)
 Metaspace       used 35009K, capacity 35889K, committed 35968K, reserved 1081344K
  class space    used 4566K, capacity 4921K, committed 4992K, reserved 1048576K
}
Event: 5.504 GC heap after
{Heap after GC invocations=7 (full 0):
 garbage-first heap   total 129024K, used 22622K [0x0000000080000000, 0x0000000100000000)
  region size 1024K, 7 young (7168K), 7 survivors (7168K)
 Metaspace       used 35009K, capacity 35889K, committed 35968K, reserved 1081344K
  class space    used 4566K, capacity 4921K, committed 4992K, reserved 1048576K
}
Event: 6.270 GC heap before
{Heap before GC invocations=8 (full 0):
 garbage-first heap   total 129024K, used 84062K [0x0000000080000000, 0x0000000100000000)
  region size 1024K, 64 young (65536K), 7 survivors (7168K)
 Metaspace       used 40613K, capacity 41614K, committed 41884K, reserved 1085440K
  class space    used 5134K, capacity 5521K, committed 5632K, reserved 1048576K
}
Event: 6.280 GC heap after
{Heap after GC invocations=9 (full 0):
 garbage-first heap   total 129024K, used 28120K [0x0000000080000000, 0x0000000100000000)
  region size 1024K, 8 young (8192K), 8 survivors (8192K)
 Metaspace       used 40613K, capacity 41614K, committed 41884K, reserved 1085440K
  class space    used 5134K, capacity 5521K, committed 5632K, reserved 1048576K
}
Event: 7.087 GC heap before
{Heap before GC invocations=9 (full 0):
 garbage-first heap   total 129024K, used 86488K [0x0000000080000000, 0x0000000100000000)
  region size 1024K, 65 young (66560K), 8 survivors (8192K)
 Metaspace       used 45581K, capacity 46666K, committed 46876K, reserved 1089536K
  class space    used 5793K, capacity 6192K, committed 6272K, reserved 1048576K
}
Event: 7.098 GC heap after
{Heap after GC invocations=10 (full 0):
 garbage-first heap   total 155648K, used 31126K [0x0000000080000000, 0x0000000100000000)
  region size 1024K, 8 young (8192K), 8 survivors (8192K)
 Metaspace       used 45581K, capacity 46666K, committed 46876K, reserved 1089536K
  class space    used 5793K, capacity 6192K, committed 6272K, reserved 1048576K
}
Event: 8.130 GC heap before
{Heap before GC invocations=10 (full 0):
 garbage-first heap   total 155648K, used 98710K [0x0000000080000000, 0x0000000100000000)
  region size 1024K, 75 young (76800K), 8 survivors (8192K)
 Metaspace       used 49297K, capacity 50578K, committed 50716K, reserved 1093632K
  class space    used 6257K, capacity 6749K, committed 6784K, reserved 1048576K
}
Event: 8.139 GC heap after
{Heap after GC invocations=11 (full 0):
 garbage-first heap   total 155648K, used 33695K [0x0000000080000000, 0x0000000100000000)
  region size 1024K, 6 young (6144K), 6 survivors (6144K)
 Metaspace       used 49297K, capacity 50578K, committed 50716K, reserved 1093632K
  class space    used 6257K, capacity 6749K, committed 6784K, reserved 1048576K
}
Event: 9.478 GC heap before
{Heap before GC invocations=11 (full 0):
 garbage-first heap   total 155648K, used 106399K [0x0000000080000000, 0x0000000100000000)
  region size 1024K, 75 young (76800K), 6 survivors (6144K)
 Metaspace       used 57018K, capacity 58591K, committed 58780K, reserved 1099776K
  class space    used 7241K, capacity 7878K, committed 7936K, reserved 1048576K
}
Event: 9.487 GC heap after
{Heap after GC invocations=12 (full 0):
 garbage-first heap   total 155648K, used 42806K [0x0000000080000000, 0x0000000100000000)
  region size 1024K, 10 young (10240K), 10 survivors (10240K)
 Metaspace       used 57018K, capacity 58591K, committed 58780K, reserved 1099776K
  class space    used 7241K, capacity 7878K, committed 7936K, reserved 1048576K
}
Event: 9.727 GC heap before
{Heap before GC invocations=12 (full 0):
 garbage-first heap   total 155648K, used 53046K [0x0000000080000000, 0x0000000100000000)
  region size 1024K, 21 young (21504K), 10 survivors (10240K)
 Metaspace       used 58886K, capacity 60466K, committed 60572K, reserved 1101824K
  class space    used 7474K, capacity 8096K, committed 8192K, reserved 1048576K
}
Event: 9.742 GC heap after
{Heap after GC invocations=13 (full 0):
 garbage-first heap   total 155648K, used 44883K [0x0000000080000000, 0x0000000100000000)
  region size 1024K, 3 young (3072K), 3 survivors (3072K)
 Metaspace       used 58886K, capacity 60466K, committed 60572K, reserved 1101824K
  class space    used 7474K, capacity 8096K, committed 8192K, reserved 1048576K
}

Deoptimization events (20 events):
Event: 9.950 Thread 0x000002def2412800 DEOPT PACKING pc=0x000002ded9fc6949 sp=0x000000fccedf27d0
Event: 9.950 Thread 0x000002def2412800 DEOPT UNPACKING pc=0x000002ded92ba95e sp=0x000000fccedf1c48 mode 0
Event: 9.950 Thread 0x000002def2412800 DEOPT PACKING pc=0x000002ded9fc6949 sp=0x000000fccedf27d0
Event: 9.950 Thread 0x000002def2412800 DEOPT UNPACKING pc=0x000002ded92ba95e sp=0x000000fccedf1c48 mode 0
Event: 9.950 Thread 0x000002def2412800 DEOPT PACKING pc=0x000002ded9fc6949 sp=0x000000fccedf27d0
Event: 9.950 Thread 0x000002def2412800 DEOPT UNPACKING pc=0x000002ded92ba95e sp=0x000000fccedf1c48 mode 0
Event: 9.950 Thread 0x000002def2412800 DEOPT PACKING pc=0x000002ded9fc6949 sp=0x000000fccedf27d0
Event: 9.950 Thread 0x000002def2412800 DEOPT UNPACKING pc=0x000002ded92ba95e sp=0x000000fccedf1c48 mode 0
Event: 9.950 Thread 0x000002def2412800 DEOPT PACKING pc=0x000002ded9fc6949 sp=0x000000fccedf27d0
Event: 9.950 Thread 0x000002def2412800 DEOPT UNPACKING pc=0x000002ded92ba95e sp=0x000000fccedf1c48 mode 0
Event: 9.950 Thread 0x000002def2412800 DEOPT PACKING pc=0x000002ded9fc6949 sp=0x000000fccedf27d0
Event: 9.950 Thread 0x000002def2412800 DEOPT UNPACKING pc=0x000002ded92ba95e sp=0x000000fccedf1c48 mode 0
Event: 9.951 Thread 0x000002def2412800 DEOPT PACKING pc=0x000002ded9fc6949 sp=0x000000fccedf27d0
Event: 9.951 Thread 0x000002def2412800 DEOPT UNPACKING pc=0x000002ded92ba95e sp=0x000000fccedf1c48 mode 0
Event: 9.951 Thread 0x000002def2412800 DEOPT PACKING pc=0x000002ded9fc6949 sp=0x000000fccedf27d0
Event: 9.951 Thread 0x000002def2412800 DEOPT UNPACKING pc=0x000002ded92ba95e sp=0x000000fccedf1c48 mode 0
Event: 9.951 Thread 0x000002def2412800 DEOPT PACKING pc=0x000002ded9fc6949 sp=0x000000fccedf27d0
Event: 9.951 Thread 0x000002def2412800 DEOPT UNPACKING pc=0x000002ded92ba95e sp=0x000000fccedf1c48 mode 0
Event: 9.951 Thread 0x000002def2412800 DEOPT PACKING pc=0x000002ded9fc6949 sp=0x000000fccedf27d0
Event: 9.951 Thread 0x000002def2412800 DEOPT UNPACKING pc=0x000002ded92ba95e sp=0x000000fccedf1c48 mode 0

Classes redefined (0 events):
No events

Internal exceptions (20 events):
Event: 8.630 Thread 0x000002def2412800 Exception <a 'java/lang/NoSuchMethodError'{0x000000008805a970}: 'java.lang.Object java.lang.invoke.Invokers$Holder.linkToTargetMethod(java.lang.Object, java.lang.Object, java.lang.Object, int, java.lang.Object)'> (0x000000008805a970) thrown at [src/hotspot/share/interpreter/linkResolver.cpp, line 773]
Event: 8.647 Thread 0x000002def2412800 Exception <a 'java/lang/NoSuchMethodError'{0x0000000087f22718}: 'java.lang.Object java.lang.invoke.Invokers$Holder.linkToTargetMethod(java.lang.Object, int, int, java.lang.Object)'> (0x0000000087f22718) thrown at [src/hotspot/share/interpreter/linkResolver.cpp, line 773]
Event: 8.650 Thread 0x000002def2412800 Exception <a 'java/lang/NoSuchMethodError'{0x0000000087f3a090}: 'java.lang.Object java.lang.invoke.DirectMethodHandle$Holder.invokeStatic(java.lang.Object, java.lang.Object, int, int, java.lang.Object, java.lang.Object)'> (0x0000000087f3a090) thrown at [src/hotspot/share/interpreter/linkResolver.cpp, line 773]
Event: 8.933 Thread 0x000002def2412800 Exception <a 'java/lang/NoSuchMethodError'{0x00000000870b1de8}: 'java.lang.Object java.lang.invoke.DirectMethodHandle$Holder.invokeStatic(java.lang.Object, java.lang.Object, java.lang.Object, java.lang.Object, java.lang.Object, java.lang.Object, java.lang.Object, java.lang.Object, java.lang.Object, java.lang.Object, java.lang.Object, java.lang.Object, java.lang.Object, int)'> (0x00000000870b1de8) thrown at [src/hotspot/share/interpreter/linkResolver.cpp, line 773]
Event: 8.935 Thread 0x000002def2412800 Exception <a 'java/lang/NoSuchMethodError'{0x00000000870bf7d0}: 'java.lang.Object java.lang.invoke.DirectMethodHandle$Holder.invokeStatic(java.lang.Object, java.lang.Object, java.lang.Object, java.lang.Object, java.lang.Object, java.lang.Object, java.lang.Object, java.lang.Object, java.lang.Object, java.lang.Object, java.lang.Object, java.lang.Object, java.lang.Object, int, int)'> (0x00000000870bf7d0) thrown at [src/hotspot/share/interpreter/linkResolver.cpp, line 773]
Event: 8.980 Thread 0x000002def2412800 Exception <a 'java/lang/NoSuchMethodError'{0x0000000086d141f0}: 'int java.lang.invoke.DirectMethodHandle$Holder.invokeInterface(java.lang.Object, java.lang.Object, java.lang.Object, java.lang.Object)'> (0x0000000086d141f0) thrown at [src/hotspot/share/interpreter/linkResolver.cpp, line 773]
Event: 9.317 Thread 0x000002def2412800 Exception <a 'java/lang/NoSuchMethodError'{0x0000000085c98278}: 'java.lang.Object java.lang.invoke.DirectMethodHandle$Holder.invokeSpecial(java.lang.Object, java.lang.Object, int, int, int, java.lang.Object, java.lang.Object, java.lang.Object, java.lang.Object)'> (0x0000000085c98278) thrown at [src/hotspot/share/interpreter/linkResolver.cpp, line 773]
Event: 9.317 Thread 0x000002def2412800 Exception <a 'java/lang/NoSuchMethodError'{0x0000000085c9ca20}: 'java.lang.Object java.lang.invoke.DelegatingMethodHandle$Holder.reinvoke_L(java.lang.Object, int, int, int, java.lang.Object, java.lang.Object, java.lang.Object, java.lang.Object)'> (0x0000000085c9ca20) thrown at [src/hotspot/share/interpreter/linkResolver.cpp, line 773]
Event: 9.318 Thread 0x000002def2412800 Exception <a 'java/lang/NoSuchMethodError'{0x0000000085ca50d0}: 'java.lang.Object java.lang.invoke.DirectMethodHandle$Holder.invokeStatic(java.lang.Object, java.lang.Object, java.lang.Object, java.lang.Object, java.lang.Object, int)'> (0x0000000085ca50d0) thrown at [src/hotspot/share/interpreter/linkResolver.cpp, line 773]
Event: 9.458 Thread 0x000002def2412800 Exception <a 'java/lang/NoSuchMethodError'{0x0000000084d58998}: 'java.lang.Object java.lang.invoke.DirectMethodHandle$Holder.invokeSpecial(java.lang.Object, java.lang.Object, int, int, java.lang.Object, java.lang.Object, java.lang.Object)'> (0x0000000084d58998) thrown at [src/hotspot/share/interpreter/linkResolver.cpp, line 773]
Event: 9.458 Thread 0x000002def2412800 Exception <a 'java/lang/NoSuchMethodError'{0x0000000084d5d468}: 'java.lang.Object java.lang.invoke.DelegatingMethodHandle$Holder.reinvoke_L(java.lang.Object, int, int, java.lang.Object, java.lang.Object, java.lang.Object)'> (0x0000000084d5d468) thrown at [src/hotspot/share/interpreter/linkResolver.cpp, line 773]
Event: 9.460 Thread 0x000002def2412800 Exception <a 'java/lang/NoSuchMethodError'{0x0000000084d73d38}: 'java.lang.Object java.lang.invoke.DirectMethodHandle$Holder.invokeStatic(java.lang.Object, java.lang.Object, java.lang.Object, java.lang.Object, int, int)'> (0x0000000084d73d38) thrown at [src/hotspot/share/interpreter/linkResolver.cpp, line 773]
Event: 9.461 Thread 0x000002def2412800 Exception <a 'java/lang/NoSuchMethodError'{0x0000000084d8a5f8}: 'java.lang.Object java.lang.invoke.DirectMethodHandle$Holder.invokeStatic(java.lang.Object, java.lang.Object, java.lang.Object, java.lang.Object, int, int, java.lang.Object)'> (0x0000000084d8a5f8) thrown at [src/hotspot/share/interpreter/linkResolver.cpp, line 773]
Event: 9.463 Thread 0x000002def2412800 Exception <a 'java/lang/NoSuchMethodError'{0x0000000084da25e8}: 'java.lang.Object java.lang.invoke.DirectMethodHandle$Holder.invokeStatic(java.lang.Object, java.lang.Object, java.lang.Object, java.lang.Object, int, int, java.lang.Object, java.lang.Object)'> (0x0000000084da25e8) thrown at [src/hotspot/share/interpreter/linkResolver.cpp, line 773]
Event: 9.466 Thread 0x000002def2412800 Exception <a 'java/lang/NoSuchMethodError'{0x0000000084dbbb60}: 'java.lang.Object java.lang.invoke.DirectMethodHandle$Holder.invokeStatic(java.lang.Object, java.lang.Object, java.lang.Object, java.lang.Object, int, int, java.lang.Object, java.lang.Object, java.lang.Object)'> (0x0000000084dbbb60) thrown at [src/hotspot/share/interpreter/linkResolver.cpp, line 773]
Event: 9.532 Thread 0x000002def2412800 Exception <a 'java/lang/IncompatibleClassChangeError'{0x00000000897ea0c8}: Found class java.lang.Object, but interface was expected> (0x00000000897ea0c8) thrown at [src/hotspot/share/interpreter/linkResolver.cpp, line 839]
Event: 9.600 Thread 0x000002def2412800 Implicit null exception at 0x000002dee0f649d4 to 0x000002dee0f64b50
Event: 9.725 Thread 0x000002def2412800 Implicit null exception at 0x000002dee0f6cc2b to 0x000002dee0f6cef8
Event: 9.845 Thread 0x000002def2412800 Implicit null exception at 0x000002dee0e9382c to 0x000002dee0e9395a
Event: 10.030 Thread 0x000002def2412800 Exception <a 'sun/nio/fs/WindowsException'{0x0000000088271970}> (0x0000000088271970) thrown at [src/hotspot/share/prims/jni.cpp, line 617]

Events (20 events):
Event: 10.275 loading class com/android/build/gradle/internal/coverage/JacocoOptions
Event: 10.275 loading class com/android/build/gradle/internal/coverage/JacocoOptions done
Event: 10.275 loading class com/android/build/api/dsl/SdkComponents
Event: 10.275 loading class com/android/build/api/dsl/SdkComponents done
Event: 10.288 loading class com/android/builder/core/ToolsRevisionUtils
Event: 10.288 loading class com/android/builder/core/ToolsRevisionUtils done
Event: 10.290 loading class com/android/repository/Revision$Precision
Event: 10.290 loading class com/android/repository/Revision$Precision done
Event: 10.291 loading class com/android/sdklib/AndroidVersion
Event: 10.291 loading class com/android/sdklib/AndroidVersion done
Event: 10.291 loading class com/android/sdklib/AndroidVersion$AndroidVersionException
Event: 10.291 loading class com/android/sdklib/AndroidVersion$AndroidVersionException done
Event: 10.292 loading class com/android/build/gradle/internal/dsl/CommonExtensionImpl$sdkComponents$2
Event: 10.292 loading class com/android/build/gradle/internal/dsl/CommonExtensionImpl$sdkComponents$2 done
Event: 10.297 loading class com/android/build/gradle/internal/dsl/CommonExtensionImpl$dataBinding$1
Event: 10.297 loading class com/android/build/gradle/internal/dsl/CommonExtensionImpl$dataBinding$1 done
Event: 10.298 loading class com/android/build/gradle/internal/dsl/DataBindingOptions$AgpDecorated
Event: 10.298 loading class com/android/build/gradle/internal/dsl/DataBindingOptions$AgpDecorated done
Event: 10.299 loading class kotlin/annotation/Target
Event: 10.299 loading class kotlin/annotation/Target done


Dynamic libraries:
0x00007ff6cfac0000 - 0x00007ff6cfaca000 	C:\Program Files\Android\Android Studio\jbr\bin\java.exe
0x00007ff8e75b0000 - 0x00007ff8e77c4000 	C:\Windows\SYSTEM32\ntdll.dll
0x00007ff8e5700000 - 0x00007ff8e57c3000 	C:\Windows\System32\KERNEL32.DLL
0x00007ff8e4e90000 - 0x00007ff8e522d000 	C:\Windows\System32\KERNELBASE.dll
0x00007ff8e49d0000 - 0x00007ff8e4ae1000 	C:\Windows\System32\ucrtbase.dll
0x00007ff8dfdf0000 - 0x00007ff8dfe0b000 	C:\Program Files\Android\Android Studio\jbr\bin\VCRUNTIME140.dll
0x00007ff8dfe30000 - 0x00007ff8dfe47000 	C:\Program Files\Android\Android Studio\jbr\bin\jli.dll
0x00007ff8e63b0000 - 0x00007ff8e655d000 	C:\Windows\System32\USER32.dll
0x00007ff8e4af0000 - 0x00007ff8e4b16000 	C:\Windows\System32\win32u.dll
0x00007ff8e5b90000 - 0x00007ff8e5bb9000 	C:\Windows\System32\GDI32.dll
0x00007ff8e4c40000 - 0x00007ff8e4d52000 	C:\Windows\System32\gdi32full.dll
0x00007ff8d72a0000 - 0x00007ff8d752e000 	C:\Windows\WinSxS\amd64_microsoft.windows.common-controls_6595b64144ccf1df_6.0.22621.608_none_a9444ca7c10bb01d\COMCTL32.dll
0x00007ff8e4ba0000 - 0x00007ff8e4c3a000 	C:\Windows\System32\msvcp_win.dll
0x00007ff8e5550000 - 0x00007ff8e55f7000 	C:\Windows\System32\msvcrt.dll
0x00007ff8e5be0000 - 0x00007ff8e5c12000 	C:\Windows\System32\IMM32.DLL
0x00007ff8dfc10000 - 0x00007ff8dfc1c000 	C:\Program Files\Android\Android Studio\jbr\bin\vcruntime140_1.dll
0x00007ff8b8080000 - 0x00007ff8b810d000 	C:\Program Files\Android\Android Studio\jbr\bin\msvcp140.dll
0x00007ff8905a0000 - 0x00007ff89115c000 	C:\Program Files\Android\Android Studio\jbr\bin\server\jvm.dll
0x00007ff8e5e10000 - 0x00007ff8e5ebe000 	C:\Windows\System32\ADVAPI32.dll
0x00007ff8e6820000 - 0x00007ff8e68c4000 	C:\Windows\System32\sechost.dll
0x00007ff8e5c20000 - 0x00007ff8e5d35000 	C:\Windows\System32\RPCRT4.dll
0x00007ff8e5b50000 - 0x00007ff8e5b58000 	C:\Windows\System32\PSAPI.DLL
0x00007ff8e0ac0000 - 0x00007ff8e0aca000 	C:\Windows\SYSTEM32\VERSION.dll
0x00007ff8de860000 - 0x00007ff8de894000 	C:\Windows\SYSTEM32\WINMM.dll
0x00007ff8dfde0000 - 0x00007ff8dfde9000 	C:\Windows\SYSTEM32\WSOCK32.dll
0x00007ff8e5d40000 - 0x00007ff8e5db1000 	C:\Windows\System32\WS2_32.dll
0x00007ff8e3ae0000 - 0x00007ff8e3af8000 	C:\Windows\SYSTEM32\kernel.appcore.dll
0x00007ff8dd680000 - 0x00007ff8dd690000 	C:\Program Files\Android\Android Studio\jbr\bin\verify.dll
0x00007ff8d8100000 - 0x00007ff8d832e000 	C:\Windows\SYSTEM32\DBGHELP.DLL
0x00007ff8e68d0000 - 0x00007ff8e6c5a000 	C:\Windows\System32\combase.dll
0x00007ff8e6560000 - 0x00007ff8e6637000 	C:\Windows\System32\OLEAUT32.dll
0x00007ff8d80c0000 - 0x00007ff8d80f2000 	C:\Windows\SYSTEM32\dbgcore.DLL
0x00007ff8e4b20000 - 0x00007ff8e4b9b000 	C:\Windows\System32\bcryptPrimitives.dll
0x00007ff8daf80000 - 0x00007ff8dafa8000 	C:\Program Files\Android\Android Studio\jbr\bin\java.dll
0x00007ff8dd650000 - 0x00007ff8dd65a000 	C:\Program Files\Android\Android Studio\jbr\bin\jimage.dll
0x00007ff8dcd30000 - 0x00007ff8dcd48000 	C:\Program Files\Android\Android Studio\jbr\bin\zip.dll
0x00007ff8e6d80000 - 0x00007ff8e756f000 	C:\Windows\System32\SHELL32.dll
0x00007ff8e29b0000 - 0x00007ff8e3278000 	C:\Windows\SYSTEM32\windows.storage.dll
0x00007ff8e2870000 - 0x00007ff8e29ae000 	C:\Windows\SYSTEM32\wintypes.dll
0x00007ff8e5600000 - 0x00007ff8e56f1000 	C:\Windows\System32\SHCORE.dll
0x00007ff8e53a0000 - 0x00007ff8e53fe000 	C:\Windows\System32\shlwapi.dll
0x00007ff8e4900000 - 0x00007ff8e4921000 	C:\Windows\SYSTEM32\profapi.dll
0x00007ff8dc5f0000 - 0x00007ff8dc609000 	C:\Program Files\Android\Android Studio\jbr\bin\net.dll
0x00007ff8dd7f0000 - 0x00007ff8dd91f000 	C:\Windows\SYSTEM32\WINHTTP.dll
0x00007ff8e3f80000 - 0x00007ff8e3fe9000 	C:\Windows\system32\mswsock.dll
0x00007ff8dba00000 - 0x00007ff8dba13000 	C:\Program Files\Android\Android Studio\jbr\bin\nio.dll
0x00007ff8db820000 - 0x00007ff8db847000 	C:\Users\diego\.gradle\native\e1d6ef7f7dcc3fd88c89a11ec53ec762bb8ba0a96d01ffa2cd45eb1d1d8dd5c5\windows-amd64\native-platform.dll
0x00007ff8b1320000 - 0x00007ff8b1464000 	C:\Users\diego\.gradle\native\0d407fdbe67a94daf76414ababcb853783967236a71b16ec16e742cd7a986fd3\windows-amd64\native-platform-file-events.dll
0x00007ff8dd640000 - 0x00007ff8dd64a000 	C:\Program Files\Android\Android Studio\jbr\bin\management.dll
0x00007ff8dd090000 - 0x00007ff8dd09b000 	C:\Program Files\Android\Android Studio\jbr\bin\management_ext.dll
0x00007ff8e41d0000 - 0x00007ff8e41eb000 	C:\Windows\SYSTEM32\CRYPTSP.dll
0x00007ff8e3a50000 - 0x00007ff8e3a85000 	C:\Windows\system32\rsaenh.dll
0x00007ff8e4070000 - 0x00007ff8e4098000 	C:\Windows\SYSTEM32\USERENV.dll
0x00007ff8e4390000 - 0x00007ff8e43b8000 	C:\Windows\SYSTEM32\bcrypt.dll
0x00007ff8e41f0000 - 0x00007ff8e41fc000 	C:\Windows\SYSTEM32\CRYPTBASE.dll
0x00007ff8e3540000 - 0x00007ff8e356d000 	C:\Windows\SYSTEM32\IPHLPAPI.DLL
0x00007ff8e5bc0000 - 0x00007ff8e5bc9000 	C:\Windows\System32\NSI.dll
0x00007ff8dd790000 - 0x00007ff8dd7a9000 	C:\Windows\SYSTEM32\dhcpcsvc6.DLL
0x00007ff8dd770000 - 0x00007ff8dd78f000 	C:\Windows\SYSTEM32\dhcpcsvc.DLL
0x00007ff8e35b0000 - 0x00007ff8e36a2000 	C:\Windows\SYSTEM32\DNSAPI.dll

dbghelp: loaded successfully - version: 4.0.5 - missing functions: none
symbol engine: initialized successfully - sym options: 0x614 - pdb path: .;C:\Program Files\Android\Android Studio\jbr\bin;C:\Windows\SYSTEM32;C:\Windows\WinSxS\amd64_microsoft.windows.common-controls_6595b64144ccf1df_6.0.22621.608_none_a9444ca7c10bb01d;C:\Program Files\Android\Android Studio\jbr\bin\server;C:\Users\diego\.gradle\native\e1d6ef7f7dcc3fd88c89a11ec53ec762bb8ba0a96d01ffa2cd45eb1d1d8dd5c5\windows-amd64;C:\Users\diego\.gradle\native\0d407fdbe67a94daf76414ababcb853783967236a71b16ec16e742cd7a986fd3\windows-amd64

VM Arguments:
jvm_args: --add-opens=java.base/java.util=ALL-UNNAMED --add-opens=java.base/java.lang=ALL-UNNAMED --add-opens=java.base/java.lang.invoke=ALL-UNNAMED --add-opens=java.base/java.util=ALL-UNNAMED --add-opens=java.prefs/java.util.prefs=ALL-UNNAMED --add-opens=java.prefs/java.util.prefs=ALL-UNNAMED --add-opens=java.base/java.nio.charset=ALL-UNNAMED --add-opens=java.base/java.net=ALL-UNNAMED --add-opens=java.base/java.util.concurrent.atomic=ALL-UNNAMED -Xmx2048m -Dfile.encoding=UTF-8 -Duser.country=US -Duser.language=en -Duser.variant 
java_command: org.gradle.launcher.daemon.bootstrap.GradleDaemon 7.5
java_class_path (initial): C:\Users\diego\.gradle\wrapper\dists\gradle-7.5-bin\f1w0cc9nuo0eivz97x2xlu9sv\gradle-7.5\lib\gradle-launcher-7.5.jar
Launcher Type: SUN_STANDARD

[Global flags]
     intx CICompilerCount                          = 4                                         {product} {ergonomic}
     uint ConcGCThreads                            = 2                                         {product} {ergonomic}
     uint G1ConcRefinementThreads                  = 8                                         {product} {ergonomic}
   size_t G1HeapRegionSize                         = 1048576                                   {product} {ergonomic}
    uintx GCDrainStackTargetSize                   = 64                                        {product} {ergonomic}
   size_t InitialHeapSize                          = 132120576                                 {product} {ergonomic}
   size_t MarkStackSize                            = 4194304                                   {product} {ergonomic}
   size_t MaxHeapSize                              = 2147483648                                {product} {command line}
   size_t MaxNewSize                               = 1287651328                                {product} {ergonomic}
   size_t MinHeapDeltaBytes                        = 1048576                                   {product} {ergonomic}
    uintx NonNMethodCodeHeapSize                   = 5836300                                {pd product} {ergonomic}
    uintx NonProfiledCodeHeapSize                  = 122910970                              {pd product} {ergonomic}
    uintx ProfiledCodeHeapSize                     = 122910970                              {pd product} {ergonomic}
    uintx ReservedCodeCacheSize                    = 251658240                              {pd product} {ergonomic}
     bool SegmentedCodeCache                       = true                                      {product} {ergonomic}
     bool UseCompressedClassPointers               = true                                 {lp64_product} {ergonomic}
     bool UseCompressedOops                        = true                                 {lp64_product} {ergonomic}
     bool UseG1GC                                  = true                                      {product} {ergonomic}
     bool UseLargePagesIndividualAllocation        = false                                  {pd product} {ergonomic}

Logging:
Log output configuration:
 #0: stdout all=warning uptime,level,tags
 #1: stderr all=off uptime,level,tags

Environment Variables:
PATH=C:\Windows\system32;C:\Windows;C:\Windows\System32\Wbem;C:\Windows\System32\WindowsPowerShell\v1.0\;C:\Windows\System32\OpenSSH\;C:\Program Files\dotnet\;C:\Program Files (x86)\dotnet\;C:\Users\diego\AppData\Local\Microsoft\WindowsApps;;C:\Users\diego\AppData\Local\Programs\Microsoft VS Code\bin
USERNAME=diego
OS=Windows_NT
PROCESSOR_IDENTIFIER=Intel64 Family 6 Model 142 Stepping 12, GenuineIntel



---------------  S Y S T E M  ---------------

OS: Windows 11 , 64 bit Build 22621 (10.0.22621.1105)
OS uptime: 0 days 23:55 hours
Hyper-V role detected

CPU:total 8 (initial active 8) (4 cores per cpu, 2 threads per core) family 6 model 142 stepping 12 microcode 0xf4, cmov, cx8, fxsr, mmx, sse, sse2, sse3, ssse3, sse4.1, sse4.2, popcnt, avx, avx2, aes, clmul, erms, 3dnowpref, lzcnt, ht, tsc, tscinvbit, bmi1, bmi2, adx, fma

Memory: 4k page, system-wide physical 8046M (99M free)
TotalPageFile size 32622M (AvailPageFile size 6M)
current process WorkingSet (physical memory assigned to process): 342M, peak: 342M
current process commit charge ("private bytes"): 382M, peak: 383M

vm_info: OpenJDK 64-Bit Server VM (11.0.15+0-b2043.56-9505619) for windows-amd64 JRE (11.0.15+0-b2043.56-9505619), built on Jan 19 2023 02:48:00 by "builduser" with unknown MS VC++:1929

END.
